28.3s 1 ValueError: n_components=15 must be between 0 and min(n_samples, n_features)=14 with svd_solver='full'
28.3s 2 
28.3s 3 FitFailedWarning)
28.3s 4 /opt/conda/lib/python3.7/site-packages/sklearn/model_selection/_validation.py:614: FitFailedWarning: Estimator fit failed. The score on this train-test partition for these parameters will be set to nan. Details:
28.3s 5 Traceback (most recent call last):
28.3s 6 File "/opt/conda/lib/python3.7/site-packages/sklearn/model_selection/_validation.py", line 593, in _fit_and_score
28.3s 7 estimator.fit(X_train, y_train, **fit_params)
28.3s 8 File "/opt/conda/lib/python3.7/site-packages/sklearn/pipeline.py", line 341, in fit
28.3s 9 Xt = self._fit(X, y, **fit_params_steps)
28.3s 10 File "/opt/conda/lib/python3.7/site-packages/sklearn/pipeline.py", line 307, in _fit
28.3s 11 **fit_params_steps[name])
28.3s 12 File "/opt/conda/lib/python3.7/site-packages/joblib/memory.py", line 352, in __call__
28.3s 13 return self.func(*args, **kwargs)
28.3s 14 File "/opt/conda/lib/python3.7/site-packages/sklearn/pipeline.py", line 754, in _fit_transform_one
28.3s 15 res = transformer.fit_transform(X, y, **fit_params)
28.3s 16 File "/opt/conda/lib/python3.7/site-packages/sklearn/decomposition/_pca.py", line 376, in fit_transform
28.3s 17 U, S, Vt = self._fit(X)
28.3s 18 File "/opt/conda/lib/python3.7/site-packages/sklearn/decomposition/_pca.py", line 423, in _fit
28.3s 19 return self._fit_full(X, n_components)
28.3s 20 File "/opt/conda/lib/python3.7/site-packages/sklearn/decomposition/_pca.py", line 442, in _fit_full
28.3s 21 % (n_components, min(n_samples, n_features)))
28.3s 22 ValueError: n_components=15 must be between 0 and min(n_samples, n_features)=14 with svd_solver='full'
28.3s 23 
28.3s 24 FitFailedWarning)
28.3s 25 /opt/conda/lib/python3.7/site-packages/sklearn/model_selection/_validation.py:614: FitFailedWarning: Estimator fit failed. The score on this train-test partition for these parameters will be set to nan. Details:
28.3s 26 Traceback (most recent call last):
28.3s 27 File "/opt/conda/lib/python3.7/site-packages/sklearn/model_selection/_validation.py", line 593, in _fit_and_score
28.3s 28 estimator.fit(X_train, y_train, **fit_params)
28.3s 29 File "/opt/conda/lib/python3.7/site-packages/sklearn/pipeline.py", line 341, in fit
28.3s 30 Xt = self._fit(X, y, **fit_params_steps)
28.3s 31 File "/opt/conda/lib/python3.7/site-packages/sklearn/pipeline.py", line 307, in _fit
28.3s 32 **fit_params_steps[name])
28.3s 33 File "/opt/conda/lib/python3.7/site-packages/joblib/memory.py", line 352, in __call__
28.3s 34 return self.func(*args, **kwargs)
28.3s 35 File "/opt/conda/lib/python3.7/site-packages/sklearn/pipeline.py", line 754, in _fit_transform_one
28.3s 36 res = transformer.fit_transform(X, y, **fit_params)
28.3s 37 File "/opt/conda/lib/python3.7/site-packages/sklearn/decomposition/_pca.py", line 376, in fit_transform
28.3s 38 U, S, Vt = self._fit(X)
28.3s 39 File "/opt/conda/lib/python3.7/site-packages/sklearn/decomposition/_pca.py", line 423, in _fit
28.3s 40 return self._fit_full(X, n_components)
28.3s 41 File "/opt/conda/lib/python3.7/site-packages/sklearn/decomposition/_pca.py", line 442, in _fit_full
28.3s 42 % (n_components, min(n_samples, n_features)))
28.3s 43 ValueError: n_components=15 must be between 0 and min(n_samples, n_features)=14 with svd_solver='full'
28.3s 44 
28.3s 45 FitFailedWarning)
28.3s 46 /opt/conda/lib/python3.7/site-packages/sklearn/model_selection/_validation.py:614: FitFailedWarning: Estimator fit failed. The score on this train-test partition for these parameters will be set to nan. Details:
28.3s 47 Traceback (most recent call last):
28.3s 48 File "/opt/conda/lib/python3.7/site-packages/sklearn/model_selection/_validation.py", line 593, in _fit_and_score
28.3s 49 estimator.fit(X_train, y_train, **fit_params)
28.3s 50 File "/opt/conda/lib/python3.7/site-packages/sklearn/pipeline.py", line 341, in fit
28.3s 51 Xt = self._fit(X, y, **fit_params_steps)
28.3s 52 File "/opt/conda/lib/python3.7/site-packages/sklearn/pipeline.py", line 307, in _fit
28.3s 53 **fit_params_steps[name])
28.3s 54 File "/opt/conda/lib/python3.7/site-packages/joblib/memory.py", line 352, in __call__
28.3s 55 return self.func(*args, **kwargs)
28.3s 56 File "/opt/conda/lib/python3.7/site-packages/sklearn/pipeline.py", line 754, in _fit_transform_one
28.3s 57 res = transformer.fit_transform(X, y, **fit_params)
28.3s 58 File "/opt/conda/lib/python3.7/site-packages/sklearn/decomposition/_pca.py", line 376, in fit_transform
28.3s 59 U, S, Vt = self._fit(X)
28.3s 60 File "/opt/conda/lib/python3.7/site-packages/sklearn/decomposition/_pca.py", line 423, in _fit
28.3s 61 return self._fit_full(X, n_components)
28.3s 62 File "/opt/conda/lib/python3.7/site-packages/sklearn/decomposition/_pca.py", line 442, in _fit_full
28.3s 63 % (n_components, min(n_samples, n_features)))
28.3s 64 ValueError: n_components=15 must be between 0 and min(n_samples, n_features)=14 with svd_solver='full'
28.3s 65 
28.3s 66 FitFailedWarning)
28.3s 67 /opt/conda/lib/python3.7/site-packages/sklearn/model_selection/_validation.py:614: FitFailedWarning: Estimator fit failed. The score on this train-test partition for these parameters will be set to nan. Details:
28.3s 68 Traceback (most recent call last):
28.3s 69 File "/opt/conda/lib/python3.7/site-packages/sklearn/model_selection/_validation.py", line 593, in _fit_and_score
28.3s 70 estimator.fit(X_train, y_train, **fit_params)
28.3s 71 File "/opt/conda/lib/python3.7/site-packages/sklearn/pipeline.py", line 341, in fit
28.3s 72 Xt = self._fit(X, y, **fit_params_steps)
28.3s 73 File "/opt/conda/lib/python3.7/site-packages/sklearn/pipeline.py", line 307, in _fit
28.3s 74 **fit_params_steps[name])
28.3s 75 File "/opt/conda/lib/python3.7/site-packages/joblib/memory.py", line 352, in __call__
28.3s 76 return self.func(*args, **kwargs)
28.3s 77 File "/opt/conda/lib/python3.7/site-packages/sklearn/pipeline.py", line 754, in _fit_transform_one
28.3s 78 res = transformer.fit_transform(X, y, **fit_params)
28.3s 79 File "/opt/conda/lib/python3.7/site-packages/sklearn/decomposition/_pca.py", line 376, in fit_transform
28.3s 80 U, S, Vt = self._fit(X)
28.3s 81 File "/opt/conda/lib/python3.7/site-packages/sklearn/decomposition/_pca.py", line 423, in _fit
28.3s 82 return self._fit_full(X, n_components)
28.3s 83 File "/opt/conda/lib/python3.7/site-packages/sklearn/decomposition/_pca.py", line 442, in _fit_full
28.3s 84 % (n_components, min(n_samples, n_features)))
28.3s 85 ValueError: n_components=15 must be between 0 and min(n_samples, n_features)=14 with svd_solver='full'
28.3s 86 
28.3s 87 FitFailedWarning)
28.3s 88 /opt/conda/lib/python3.7/site-packages/sklearn/model_selection/_validation.py:614: FitFailedWarning: Estimator fit failed. The score on this train-test partition for these parameters will be set to nan. Details:
28.3s 89 Traceback (most recent call last):
28.3s 90 File "/opt/conda/lib/python3.7/site-packages/sklearn/model_selection/_validation.py", line 593, in _fit_and_score
28.3s 91 estimator.fit(X_train, y_train, **fit_params)
28.3s 92 File "/opt/conda/lib/python3.7/site-packages/sklearn/pipeline.py", line 341, in fit
28.3s 93 Xt = self._fit(X, y, **fit_params_steps)
28.3s 94 File "/opt/conda/lib/python3.7/site-packages/sklearn/pipeline.py", line 307, in _fit
28.3s 95 **fit_params_steps[name])
28.3s 96 File "/opt/conda/lib/python3.7/site-packages/joblib/memory.py", line 352, in __call__
28.3s 97 return self.func(*args, **kwargs)
28.3s 98 File "/opt/conda/lib/python3.7/site-packages/sklearn/pipeline.py", line 754, in _fit_transform_one
28.3s 99 res = transformer.fit_transform(X, y, **fit_params)
28.3s 100 File "/opt/conda/lib/python3.7/site-packages/sklearn/decomposition/_pca.py", line 376, in fit_transform
28.3s 101 U, S, Vt = self._fit(X)
28.3s 102 File "/opt/conda/lib/python3.7/site-packages/sklearn/decomposition/_pca.py", line 423, in _fit
28.3s 103 return self._fit_full(X, n_components)
28.3s 104 File "/opt/conda/lib/python3.7/site-packages/sklearn/decomposition/_pca.py", line 442, in _fit_full
28.3s 105 % (n_components, min(n_samples, n_features)))
28.3s 106 ValueError: n_components=15 must be between 0 and min(n_samples, n_features)=14 with svd_solver='full'
28.3s 107 
28.3s 108 FitFailedWarning)
28.3s 109 /opt/conda/lib/python3.7/site-packages/sklearn/model_selection/_validation.py:614: FitFailedWarning: Estimator fit failed. The score on this train-test partition for these parameters will be set to nan. Details:
28.3s 110 Traceback (most recent call last):
28.3s 111 File "/opt/conda/lib/python3.7/site-packages/sklearn/model_selection/_validation.py", line 593, in _fit_and_score
28.3s 112 estimator.fit(X_train, y_train, **fit_params)
28.3s 113 File "/opt/conda/lib/python3.7/site-packages/sklearn/pipeline.py", line 341, in fit
28.3s 114 Xt = self._fit(X, y, **fit_params_steps)
28.3s 115 File "/opt/conda/lib/python3.7/site-packages/sklearn/pipeline.py", line 307, in _fit
28.3s 116 **fit_params_steps[name])
28.3s 117 File "/opt/conda/lib/python3.7/site-packages/joblib/memory.py", line 352, in __call__
28.3s 118 return self.func(*args, **kwargs)
28.3s 119 File "/opt/conda/lib/python3.7/site-packages/sklearn/pipeline.py", line 754, in _fit_transform_one
28.3s 120 res = transformer.fit_transform(X, y, **fit_params)
28.3s 121 File "/opt/conda/lib/python3.7/site-packages/sklearn/decomposition/_pca.py", line 376, in fit_transform
28.3s 122 U, S, Vt = self._fit(X)
28.3s 123 File "/opt/conda/lib/python3.7/site-packages/sklearn/decomposition/_pca.py", line 423, in _fit
28.3s 124 return self._fit_full(X, n_components)
28.3s 125 File "/opt/conda/lib/python3.7/site-packages/sklearn/decomposition/_pca.py", line 442, in _fit_full
28.3s 126 % (n_components, min(n_samples, n_features)))
28.3s 127 ValueError: n_components=30 must be between 0 and min(n_samples, n_features)=14 with svd_solver='full'
28.3s 128 
28.3s 129 FitFailedWarning)
28.3s 130 /opt/conda/lib/python3.7/site-packages/sklearn/model_selection/_validation.py:614: FitFailedWarning: Estimator fit failed. The score on this train-test partition for these parameters will be set to nan. Details:
28.3s 131 Traceback (most recent call last):
28.3s 132 File "/opt/conda/lib/python3.7/site-packages/sklearn/model_selection/_validation.py", line 593, in _fit_and_score
28.3s 133 estimator.fit(X_train, y_train, **fit_params)
28.3s 134 File "/opt/conda/lib/python3.7/site-packages/sklearn/pipeline.py", line 341, in fit
28.3s 135 Xt = self._fit(X, y, **fit_params_steps)
28.3s 136 File "/opt/conda/lib/python3.7/site-packages/sklearn/pipeline.py", line 307, in _fit
28.3s 137 **fit_params_steps[name])
28.3s 138 File "/opt/conda/lib/python3.7/site-packages/joblib/memory.py", line 352, in __call__
28.3s 139 return self.func(*args, **kwargs)
28.3s 140 File "/opt/conda/lib/python3.7/site-packages/sklearn/pipeline.py", line 754, in _fit_transform_one
28.3s 141 res = transformer.fit_transform(X, y, **fit_params)
28.3s 142 File "/opt/conda/lib/python3.7/site-packages/sklearn/decomposition/_pca.py", line 376, in fit_transform
28.3s 143 U, S, Vt = self._fit(X)
28.3s 144 File "/opt/conda/lib/python3.7/site-packages/sklearn/decomposition/_pca.py", line 423, in _fit
28.3s 145 return self._fit_full(X, n_components)
28.3s 146 File "/opt/conda/lib/python3.7/site-packages/sklearn/decomposition/_pca.py", line 442, in _fit_full
28.3s 147 % (n_components, min(n_samples, n_features)))
28.3s 148 ValueError: n_components=30 must be between 0 and min(n_samples, n_features)=14 with svd_solver='full'
28.3s 149 
28.3s 150 FitFailedWarning)
28.3s 151 /opt/conda/lib/python3.7/site-packages/sklearn/model_selection/_validation.py:614: FitFailedWarning: Estimator fit failed. The score on this train-test partition for these parameters will be set to nan. Details:
28.3s 152 Traceback (most recent call last):
28.3s 153 File "/opt/conda/lib/python3.7/site-packages/sklearn/model_selection/_validation.py", line 593, in _fit_and_score
28.3s 154 estimator.fit(X_train, y_train, **fit_params)
28.3s 155 File "/opt/conda/lib/python3.7/site-packages/sklearn/pipeline.py", line 341, in fit
28.3s 156 Xt = self._fit(X, y, **fit_params_steps)
28.3s 157 File "/opt/conda/lib/python3.7/site-packages/sklearn/pipeline.py", line 307, in _fit
28.3s 158 **fit_params_steps[name])
28.3s 159 File "/opt/conda/lib/python3.7/site-packages/joblib/memory.py", line 352, in __call__
28.3s 160 return self.func(*args, **kwargs)
28.3s 161 File "/opt/conda/lib/python3.7/site-packages/sklearn/pipeline.py", line 754, in _fit_transform_one
28.3s 162 res = transformer.fit_transform(X, y, **fit_params)
28.3s 163 File "/opt/conda/lib/python3.7/site-packages/sklearn/decomposition/_pca.py", line 376, in fit_transform
28.3s 164 U, S, Vt = self._fit(X)
28.3s 165 File "/opt/conda/lib/python3.7/site-packages/sklearn/decomposition/_pca.py", line 423, in _fit
28.3s 166 return self._fit_full(X, n_components)
28.3s 167 File "/opt/conda/lib/python3.7/site-packages/sklearn/decomposition/_pca.py", line 442, in _fit_full
28.3s 168 % (n_components, min(n_samples, n_features)))
28.3s 169 ValueError: n_components=30 must be between 0 and min(n_samples, n_features)=14 with svd_solver='full'
28.3s 170 
28.3s 171 FitFailedWarning)
28.3s 172 /opt/conda/lib/python3.7/site-packages/sklearn/model_selection/_validation.py:614: FitFailedWarning: Estimator fit failed. The score on this train-test partition for these parameters will be set to nan. Details:
28.3s 173 Traceback (most recent call last):
28.3s 174 File "/opt/conda/lib/python3.7/site-packages/sklearn/model_selection/_validation.py", line 593, in _fit_and_score
28.3s 175 estimator.fit(X_train, y_train, **fit_params)
28.3s 176 File "/opt/conda/lib/python3.7/site-packages/sklearn/pipeline.py", line 341, in fit
28.3s 177 Xt = self._fit(X, y, **fit_params_steps)
28.3s 178 File "/opt/conda/lib/python3.7/site-packages/sklearn/pipeline.py", line 307, in _fit
28.3s 179 **fit_params_steps[name])
28.3s 180 File "/opt/conda/lib/python3.7/site-packages/joblib/memory.py", line 352, in __call__
28.3s 181 return self.func(*args, **kwargs)
28.3s 182 File "/opt/conda/lib/python3.7/site-packages/sklearn/pipeline.py", line 754, in _fit_transform_one
28.3s 183 res = transformer.fit_transform(X, y, **fit_params)
28.3s 184 File "/opt/conda/lib/python3.7/site-packages/sklearn/decomposition/_pca.py", line 376, in fit_transform
28.3s 185 U, S, Vt = self._fit(X)
28.3s 186 File "/opt/conda/lib/python3.7/site-packages/sklearn/decomposition/_pca.py", line 423, in _fit
28.3s 187 return self._fit_full(X, n_components)
28.3s 188 File "/opt/conda/lib/python3.7/site-packages/sklearn/decomposition/_pca.py", line 442, in _fit_full
28.3s 189 % (n_components, min(n_samples, n_features)))
28.3s 190 ValueError: n_components=30 must be between 0 and min(n_samples, n_features)=14 with svd_solver='full'
28.3s 191 
28.3s 192 FitFailedWarning)
28.3s 193 /opt/conda/lib/python3.7/site-packages/sklearn/model_selection/_validation.py:614: FitFailedWarning: Estimator fit failed. The score on this train-test partition for these parameters will be set to nan. Details:
28.3s 194 Traceback (most recent call last):
28.3s 195 File "/opt/conda/lib/python3.7/site-packages/sklearn/model_selection/_validation.py", line 593, in _fit_and_score
28.3s 196 estimator.fit(X_train, y_train, **fit_params)
28.3s 197 File "/opt/conda/lib/python3.7/site-packages/sklearn/pipeline.py", line 341, in fit
28.3s 198 Xt = self._fit(X, y, **fit_params_steps)
28.3s 199 File "/opt/conda/lib/python3.7/site-packages/sklearn/pipeline.py", line 307, in _fit
28.3s 200 **fit_params_steps[name])
28.3s 201 File "/opt/conda/lib/python3.7/site-packages/joblib/memory.py", line 352, in __call__
28.3s 202 return self.func(*args, **kwargs)
28.3s 203 File "/opt/conda/lib/python3.7/site-packages/sklearn/pipeline.py", line 754, in _fit_transform_one
28.3s 204 res = transformer.fit_transform(X, y, **fit_params)
28.3s 205 File "/opt/conda/lib/python3.7/site-packages/sklearn/decomposition/_pca.py", line 376, in fit_transform
28.3s 206 U, S, Vt = self._fit(X)
28.3s 207 File "/opt/conda/lib/python3.7/site-packages/sklearn/decomposition/_pca.py", line 423, in _fit
28.3s 208 return self._fit_full(X, n_components)
28.3s 209 File "/opt/conda/lib/python3.7/site-packages/sklearn/decomposition/_pca.py", line 442, in _fit_full
28.3s 210 % (n_components, min(n_samples, n_features)))
28.3s 211 ValueError: n_components=30 must be between 0 and min(n_samples, n_features)=14 with svd_solver='full'
28.3s 212 
28.3s 213 FitFailedWarning)
28.3s 214 /opt/conda/lib/python3.7/site-packages/sklearn/model_selection/_validation.py:614: FitFailedWarning: Estimator fit failed. The score on this train-test partition for these parameters will be set to nan. Details:
28.3s 215 Traceback (most recent call last):
28.3s 216 File "/opt/conda/lib/python3.7/site-packages/sklearn/model_selection/_validation.py", line 593, in _fit_and_score
28.3s 217 estimator.fit(X_train, y_train, **fit_params)
28.3s 218 File "/opt/conda/lib/python3.7/site-packages/sklearn/pipeline.py", line 341, in fit
28.3s 219 Xt = self._fit(X, y, **fit_params_steps)
28.3s 220 File "/opt/conda/lib/python3.7/site-packages/sklearn/pipeline.py", line 307, in _fit
28.3s 221 **fit_params_steps[name])
28.3s 222 File "/opt/conda/lib/python3.7/site-packages/joblib/memory.py", line 352, in __call__
28.3s 223 return self.func(*args, **kwargs)
28.3s 224 File "/opt/conda/lib/python3.7/site-packages/sklearn/pipeline.py", line 754, in _fit_transform_one
28.3s 225 res = transformer.fit_transform(X, y, **fit_params)
28.3s 226 File "/opt/conda/lib/python3.7/site-packages/sklearn/decomposition/_pca.py", line 376, in fit_transform
28.3s 227 U, S, Vt = self._fit(X)
28.3s 228 File "/opt/conda/lib/python3.7/site-packages/sklearn/decomposition/_pca.py", line 423, in _fit
28.3s 229 return self._fit_full(X, n_components)
28.3s 230 File "/opt/conda/lib/python3.7/site-packages/sklearn/decomposition/_pca.py", line 442, in _fit_full
28.3s 231 % (n_components, min(n_samples, n_features)))
28.3s 232 ValueError: n_components=30 must be between 0 and min(n_samples, n_features)=14 with svd_solver='full'
28.3s 233 
28.3s 234 FitFailedWarning)
28.3s 235 /opt/conda/lib/python3.7/site-packages/sklearn/model_selection/_validation.py:614: FitFailedWarning: Estimator fit failed. The score on this train-test partition for these parameters will be set to nan. Details:
28.3s 236 Traceback (most recent call last):
28.3s 237 File "/opt/conda/lib/python3.7/site-packages/sklearn/model_selection/_validation.py", line 593, in _fit_and_score
28.3s 238 estimator.fit(X_train, y_train, **fit_params)
28.3s 239 File "/opt/conda/lib/python3.7/site-packages/sklearn/pipeline.py", line 341, in fit
28.3s 240 Xt = self._fit(X, y, **fit_params_steps)
28.3s 241 File "/opt/conda/lib/python3.7/site-packages/sklearn/pipeline.py", line 307, in _fit
28.3s 242 **fit_params_steps[name])
28.3s 243 File "/opt/conda/lib/python3.7/site-packages/joblib/memory.py", line 352, in __call__
28.3s 244 return self.func(*args, **kwargs)
28.3s 245 File "/opt/conda/lib/python3.7/site-packages/sklearn/pipeline.py", line 754, in _fit_transform_one
28.3s 246 res = transformer.fit_transform(X, y, **fit_params)
28.3s 247 File "/opt/conda/lib/python3.7/site-packages/sklearn/decomposition/_pca.py", line 376, in fit_transform
28.3s 248 U, S, Vt = self._fit(X)
28.3s 249 File "/opt/conda/lib/python3.7/site-packages/sklearn/decomposition/_pca.py", line 423, in _fit
28.3s 250 return self._fit_full(X, n_components)
28.3s 251 File "/opt/conda/lib/python3.7/site-packages/sklearn/decomposition/_pca.py", line 442, in _fit_full
28.3s 252 % (n_components, min(n_samples, n_features)))
28.3s 253 ValueError: n_components=30 must be between 0 and min(n_samples, n_features)=14 with svd_solver='full'
28.3s 254 
28.3s 255 FitFailedWarning)
28.3s 256 /opt/conda/lib/python3.7/site-packages/sklearn/model_selection/_validation.py:614: FitFailedWarning: Estimator fit failed. The score on this train-test partition for these parameters will be set to nan. Details:
28.3s 257 Traceback (most recent call last):
28.3s 258 File "/opt/conda/lib/python3.7/site-packages/sklearn/model_selection/_validation.py", line 593, in _fit_and_score
28.3s 259 estimator.fit(X_train, y_train, **fit_params)
28.3s 260 File "/opt/conda/lib/python3.7/site-packages/sklearn/pipeline.py", line 341, in fit
28.3s 261 Xt = self._fit(X, y, **fit_params_steps)
28.3s 262 File "/opt/conda/lib/python3.7/site-packages/sklearn/pipeline.py", line 307, in _fit
28.3s 263 **fit_params_steps[name])
28.3s 264 File "/opt/conda/lib/python3.7/site-packages/joblib/memory.py", line 352, in __call__
28.3s 265 return self.func(*args, **kwargs)
28.3s 266 File "/opt/conda/lib/python3.7/site-packages/sklearn/pipeline.py", line 754, in _fit_transform_one
28.3s 267 res = transformer.fit_transform(X, y, **fit_params)
28.3s 268 File "/opt/conda/lib/python3.7/site-packages/sklearn/decomposition/_pca.py", line 376, in fit_transform
28.3s 269 U, S, Vt = self._fit(X)
28.3s 270 File "/opt/conda/lib/python3.7/site-packages/sklearn/decomposition/_pca.py", line 423, in _fit
28.3s 271 return self._fit_full(X, n_components)
28.3s 272 File "/opt/conda/lib/python3.7/site-packages/sklearn/decomposition/_pca.py", line 442, in _fit_full
28.3s 273 % (n_components, min(n_samples, n_features)))
28.3s 274 ValueError: n_components=30 must be between 0 and min(n_samples, n_features)=14 with svd_solver='full'
28.3s 275 
28.3s 276 FitFailedWarning)
28.3s 277 /opt/conda/lib/python3.7/site-packages/sklearn/model_selection/_validation.py:614: FitFailedWarning: Estimator fit failed. The score on this train-test partition for these parameters will be set to nan. Details:
28.3s 278 Traceback (most recent call last):
28.3s 279 File "/opt/conda/lib/python3.7/site-packages/sklearn/model_selection/_validation.py", line 593, in _fit_and_score
28.3s 280 estimator.fit(X_train, y_train, **fit_params)
28.3s 281 File "/opt/conda/lib/python3.7/site-packages/sklearn/pipeline.py", line 341, in fit
28.3s 282 Xt = self._fit(X, y, **fit_params_steps)
28.3s 283 File "/opt/conda/lib/python3.7/site-packages/sklearn/pipeline.py", line 307, in _fit
28.3s 284 **fit_params_steps[name])
28.3s 285 File "/opt/conda/lib/python3.7/site-packages/joblib/memory.py", line 352, in __call__
28.3s 286 return self.func(*args, **kwargs)
28.3s 287 File "/opt/conda/lib/python3.7/site-packages/sklearn/pipeline.py", line 754, in _fit_transform_one
28.3s 288 res = transformer.fit_transform(X, y, **fit_params)
28.3s 289 File "/opt/conda/lib/python3.7/site-packages/sklearn/decomposition/_pca.py", line 376, in fit_transform
28.3s 290 U, S, Vt = self._fit(X)
28.3s 291 File "/opt/conda/lib/python3.7/site-packages/sklearn/decomposition/_pca.py", line 423, in _fit
28.3s 292 return self._fit_full(X, n_components)
28.3s 293 File "/opt/conda/lib/python3.7/site-packages/sklearn/decomposition/_pca.py", line 442, in _fit_full
28.3s 294 % (n_components, min(n_samples, n_features)))
28.3s 295 ValueError: n_components=45 must be between 0 and min(n_samples, n_features)=14 with svd_solver='full'
28.3s 296 
28.3s 297 FitFailedWarning)
28.3s 298 /opt/conda/lib/python3.7/site-packages/sklearn/model_selection/_validation.py:614: FitFailedWarning: Estimator fit failed. The score on this train-test partition for these parameters will be set to nan. Details:
28.3s 299 Traceback (most recent call last):
28.3s 300 File "/opt/conda/lib/python3.7/site-packages/sklearn/model_selection/_validation.py", line 593, in _fit_and_score
28.3s 301 estimator.fit(X_train, y_train, **fit_params)
28.3s 302 File "/opt/conda/lib/python3.7/site-packages/sklearn/pipeline.py", line 341, in fit
28.3s 303 Xt = self._fit(X, y, **fit_params_steps)
28.3s 304 File "/opt/conda/lib/python3.7/site-packages/sklearn/pipeline.py", line 307, in _fit
28.3s 305 **fit_params_steps[name])
28.3s 306 File "/opt/conda/lib/python3.7/site-packages/joblib/memory.py", line 352, in __call__
28.3s 307 return self.func(*args, **kwargs)
28.3s 308 File "/opt/conda/lib/python3.7/site-packages/sklearn/pipeline.py", line 754, in _fit_transform_one
28.3s 309 res = transformer.fit_transform(X, y, **fit_params)
28.3s 310 File "/opt/conda/lib/python3.7/site-packages/sklearn/decomposition/_pca.py", line 376, in fit_transform
28.3s 311 U, S, Vt = self._fit(X)
28.3s 312 File "/opt/conda/lib/python3.7/site-packages/sklearn/decomposition/_pca.py", line 423, in _fit
28.3s 313 return self._fit_full(X, n_components)
28.3s 314 File "/opt/conda/lib/python3.7/site-packages/sklearn/decomposition/_pca.py", line 442, in _fit_full
28.3s 315 % (n_components, min(n_samples, n_features)))
28.3s 316 ValueError: n_components=45 must be between 0 and min(n_samples, n_features)=14 with svd_solver='full'
28.3s 317 
28.3s 318 FitFailedWarning)
28.3s 319 /opt/conda/lib/python3.7/site-packages/sklearn/model_selection/_validation.py:614: FitFailedWarning: Estimator fit failed. The score on this train-test partition for these parameters will be set to nan. Details:
28.3s 320 Traceback (most recent call last):
28.3s 321 File "/opt/conda/lib/python3.7/site-packages/sklearn/model_selection/_validation.py", line 593, in _fit_and_score
28.3s 322 estimator.fit(X_train, y_train, **fit_params)
28.3s 323 File "/opt/conda/lib/python3.7/site-packages/sklearn/pipeline.py", line 341, in fit
28.3s 324 Xt = self._fit(X, y, **fit_params_steps)
28.3s 325 File "/opt/conda/lib/python3.7/site-packages/sklearn/pipeline.py", line 307, in _fit
28.3s 326 **fit_params_steps[name])
28.3s 327 File "/opt/conda/lib/python3.7/site-packages/joblib/memory.py", line 352, in __call__
28.3s 328 return self.func(*args, **kwargs)
28.3s 329 File "/opt/conda/lib/python3.7/site-packages/sklearn/pipeline.py", line 754, in _fit_transform_one
28.3s 330 res = transformer.fit_transform(X, y, **fit_params)
28.3s 331 File "/opt/conda/lib/python3.7/site-packages/sklearn/decomposition/_pca.py", line 376, in fit_transform
28.3s 332 U, S, Vt = self._fit(X)
28.3s 333 File "/opt/conda/lib/python3.7/site-packages/sklearn/decomposition/_pca.py", line 423, in _fit
28.3s 334 return self._fit_full(X, n_components)
28.3s 335 File "/opt/conda/lib/python3.7/site-packages/sklearn/decomposition/_pca.py", line 442, in _fit_full
28.3s 336 % (n_components, min(n_samples, n_features)))
28.3s 337 ValueError: n_components=45 must be between 0 and min(n_samples, n_features)=14 with svd_solver='full'
28.3s 338 
28.3s 339 FitFailedWarning)
28.3s 340 /opt/conda/lib/python3.7/site-packages/sklearn/model_selection/_validation.py:614: FitFailedWarning: Estimator fit failed. The score on this train-test partition for these parameters will be set to nan. Details:
28.3s 341 Traceback (most recent call last):
28.3s 342 File "/opt/conda/lib/python3.7/site-packages/sklearn/model_selection/_validation.py", line 593, in _fit_and_score
28.3s 343 estimator.fit(X_train, y_train, **fit_params)
28.3s 344 File "/opt/conda/lib/python3.7/site-packages/sklearn/pipeline.py", line 341, in fit
28.3s 345 Xt = self._fit(X, y, **fit_params_steps)
28.3s 346 File "/opt/conda/lib/python3.7/site-packages/sklearn/pipeline.py", line 307, in _fit
28.3s 347 **fit_params_steps[name])
28.3s 348 File "/opt/conda/lib/python3.7/site-packages/joblib/memory.py", line 352, in __call__
28.3s 349 return self.func(*args, **kwargs)
28.3s 350 File "/opt/conda/lib/python3.7/site-packages/sklearn/pipeline.py", line 754, in _fit_transform_one
28.3s 351 res = transformer.fit_transform(X, y, **fit_params)
28.3s 352 File "/opt/conda/lib/python3.7/site-packages/sklearn/decomposition/_pca.py", line 376, in fit_transform
28.3s 353 U, S, Vt = self._fit(X)
28.3s 354 File "/opt/conda/lib/python3.7/site-packages/sklearn/decomposition/_pca.py", line 423, in _fit
28.3s 355 return self._fit_full(X, n_components)
28.3s 356 File "/opt/conda/lib/python3.7/site-packages/sklearn/decomposition/_pca.py", line 442, in _fit_full
28.3s 357 % (n_components, min(n_samples, n_features)))
28.3s 358 ValueError: n_components=45 must be between 0 and min(n_samples, n_features)=14 with svd_solver='full'
28.3s 359 
28.3s 360 FitFailedWarning)
28.3s 361 /opt/conda/lib/python3.7/site-packages/sklearn/model_selection/_validation.py:614: FitFailedWarning: Estimator fit failed. The score on this train-test partition for these parameters will be set to nan. Details:
28.3s 362 Traceback (most recent call last):
28.3s 363 File "/opt/conda/lib/python3.7/site-packages/sklearn/model_selection/_validation.py", line 593, in _fit_and_score
28.3s 364 estimator.fit(X_train, y_train, **fit_params)
28.3s 365 File "/opt/conda/lib/python3.7/site-packages/sklearn/pipeline.py", line 341, in fit
28.3s 366 Xt = self._fit(X, y, **fit_params_steps)
28.3s 367 File "/opt/conda/lib/python3.7/site-packages/sklearn/pipeline.py", line 307, in _fit
28.3s 368 **fit_params_steps[name])
28.3s 369 File "/opt/conda/lib/python3.7/site-packages/joblib/memory.py", line 352, in __call__
28.3s 370 return self.func(*args, **kwargs)
28.3s 371 File "/opt/conda/lib/python3.7/site-packages/sklearn/pipeline.py", line 754, in _fit_transform_one
28.3s 372 res = transformer.fit_transform(X, y, **fit_params)
28.3s 373 File "/opt/conda/lib/python3.7/site-packages/sklearn/decomposition/_pca.py", line 376, in fit_transform
28.3s 374 U, S, Vt = self._fit(X)
28.3s 375 File "/opt/conda/lib/python3.7/site-packages/sklearn/decomposition/_pca.py", line 423, in _fit
28.3s 376 return self._fit_full(X, n_components)
28.3s 377 File "/opt/conda/lib/python3.7/site-packages/sklearn/decomposition/_pca.py", line 442, in _fit_full
28.3s 378 % (n_components, min(n_samples, n_features)))
28.3s 379 ValueError: n_components=45 must be between 0 and min(n_samples, n_features)=14 with svd_solver='full'
28.3s 380 
28.3s 381 FitFailedWarning)
28.3s 382 /opt/conda/lib/python3.7/site-packages/sklearn/model_selection/_validation.py:614: FitFailedWarning: Estimator fit failed. The score on this train-test partition for these parameters will be set to nan. Details:
28.3s 383 Traceback (most recent call last):
28.3s 384 File "/opt/conda/lib/python3.7/site-packages/sklearn/model_selection/_validation.py", line 593, in _fit_and_score
28.3s 385 estimator.fit(X_train, y_train, **fit_params)
28.3s 386 File "/opt/conda/lib/python3.7/site-packages/sklearn/pipeline.py", line 341, in fit
28.3s 387 Xt = self._fit(X, y, **fit_params_steps)
28.3s 388 File "/opt/conda/lib/python3.7/site-packages/sklearn/pipeline.py", line 307, in _fit
28.3s 389 **fit_params_steps[name])
28.3s 390 File "/opt/conda/lib/python3.7/site-packages/joblib/memory.py", line 352, in __call__
28.3s 391 return self.func(*args, **kwargs)
28.3s 392 File "/opt/conda/lib/python3.7/site-packages/sklearn/pipeline.py", line 754, in _fit_transform_one
28.3s 393 res = transformer.fit_transform(X, y, **fit_params)
28.3s 394 File "/opt/conda/lib/python3.7/site-packages/sklearn/decomposition/_pca.py", line 376, in fit_transform
28.3s 395 U, S, Vt = self._fit(X)
28.3s 396 File "/opt/conda/lib/python3.7/site-packages/sklearn/decomposition/_pca.py", line 423, in _fit
28.3s 397 return self._fit_full(X, n_components)
28.3s 398 File "/opt/conda/lib/python3.7/site-packages/sklearn/decomposition/_pca.py", line 442, in _fit_full
28.3s 399 % (n_components, min(n_samples, n_features)))
28.3s 400 ValueError: n_components=64 must be between 0 and min(n_samples, n_features)=14 with svd_solver='full'
28.3s 401 
28.3s 402 FitFailedWarning)
28.3s 403 /opt/conda/lib/python3.7/site-packages/sklearn/model_selection/_validation.py:614: FitFailedWarning: Estimator fit failed. The score on this train-test partition for these parameters will be set to nan. Details:
28.3s 404 Traceback (most recent call last):
28.3s 405 File "/opt/conda/lib/python3.7/site-packages/sklearn/model_selection/_validation.py", line 593, in _fit_and_score
28.3s 406 estimator.fit(X_train, y_train, **fit_params)
28.3s 407 File "/opt/conda/lib/python3.7/site-packages/sklearn/pipeline.py", line 341, in fit
28.3s 408 Xt = self._fit(X, y, **fit_params_steps)
28.3s 409 File "/opt/conda/lib/python3.7/site-packages/sklearn/pipeline.py", line 307, in _fit
28.3s 410 **fit_params_steps[name])
28.3s 411 File "/opt/conda/lib/python3.7/site-packages/joblib/memory.py", line 352, in __call__
28.3s 412 return self.func(*args, **kwargs)
28.3s 413 File "/opt/conda/lib/python3.7/site-packages/sklearn/pipeline.py", line 754, in _fit_transform_one
28.3s 414 res = transformer.fit_transform(X, y, **fit_params)
28.3s 415 File "/opt/conda/lib/python3.7/site-packages/sklearn/decomposition/_pca.py", line 376, in fit_transform
28.3s 416 U, S, Vt = self._fit(X)
28.3s 417 File "/opt/conda/lib/python3.7/site-packages/sklearn/decomposition/_pca.py", line 423, in _fit
28.3s 418 return self._fit_full(X, n_components)
28.3s 419 File "/opt/conda/lib/python3.7/site-packages/sklearn/decomposition/_pca.py", line 442, in _fit_full
28.3s 420 % (n_components, min(n_samples, n_features)))
28.3s 421 ValueError: n_components=64 must be between 0 and min(n_samples, n_features)=14 with svd_solver='full'
28.3s 422 
28.3s 423 FitFailedWarning)
28.3s 424 /opt/conda/lib/python3.7/site-packages/sklearn/model_selection/_validation.py:614: FitFailedWarning: Estimator fit failed. The score on this train-test partition for these parameters will be set to nan. Details:
28.3s 425 Traceback (most recent call last):
28.3s 426 File "/opt/conda/lib/python3.7/site-packages/sklearn/model_selection/_validation.py", line 593, in _fit_and_score
28.3s 427 estimator.fit(X_train, y_train, **fit_params)
28.3s 428 File "/opt/conda/lib/python3.7/site-packages/sklearn/pipeline.py", line 341, in fit
28.3s 429 Xt = self._fit(X, y, **fit_params_steps)
28.3s 430 File "/opt/conda/lib/python3.7/site-packages/sklearn/pipeline.py", line 307, in _fit
28.3s 431 **fit_params_steps[name])
28.3s 432 File "/opt/conda/lib/python3.7/site-packages/joblib/memory.py", line 352, in __call__
28.3s 433 return self.func(*args, **kwargs)
28.3s 434 File "/opt/conda/lib/python3.7/site-packages/sklearn/pipeline.py", line 754, in _fit_transform_one
28.3s 435 res = transformer.fit_transform(X, y, **fit_params)
28.3s 436 File "/opt/conda/lib/python3.7/site-packages/sklearn/decomposition/_pca.py", line 376, in fit_transform
28.3s 437 U, S, Vt = self._fit(X)
28.3s 438 File "/opt/conda/lib/python3.7/site-packages/sklearn/decomposition/_pca.py", line 423, in _fit
28.3s 439 return self._fit_full(X, n_components)
28.3s 440 File "/opt/conda/lib/python3.7/site-packages/sklearn/decomposition/_pca.py", line 442, in _fit_full
28.3s 441 % (n_components, min(n_samples, n_features)))
28.3s 442 ValueError: n_components=64 must be between 0 and min(n_samples, n_features)=14 with svd_solver='full'
28.3s 443 
28.3s 444 FitFailedWarning)
28.3s 445 /opt/conda/lib/python3.7/site-packages/sklearn/model_selection/_validation.py:614: FitFailedWarning: Estimator fit failed. The score on this train-test partition for these parameters will be set to nan. Details:
28.3s 446 Traceback (most recent call last):
28.3s 447 File "/opt/conda/lib/python3.7/site-packages/sklearn/model_selection/_validation.py", line 593, in _fit_and_score
28.3s 448 estimator.fit(X_train, y_train, **fit_params)
28.3s 449 File "/opt/conda/lib/python3.7/site-packages/sklearn/pipeline.py", line 341, in fit
28.3s 450 Xt = self._fit(X, y, **fit_params_steps)
28.3s 451 File "/opt/conda/lib/python3.7/site-packages/sklearn/pipeline.py", line 307, in _fit
28.3s 452 **fit_params_steps[name])
28.3s 453 File "/opt/conda/lib/python3.7/site-packages/joblib/memory.py", line 352, in __call__
28.3s 454 return self.func(*args, **kwargs)
28.3s 455 File "/opt/conda/lib/python3.7/site-packages/sklearn/pipeline.py", line 754, in _fit_transform_one
28.3s 456 res = transformer.fit_transform(X, y, **fit_params)
28.3s 457 File "/opt/conda/lib/python3.7/site-packages/sklearn/decomposition/_pca.py", line 376, in fit_transform
28.3s 458 U, S, Vt = self._fit(X)
28.3s 459 File "/opt/conda/lib/python3.7/site-packages/sklearn/decomposition/_pca.py", line 423, in _fit
28.3s 460 return self._fit_full(X, n_components)
28.3s 461 File "/opt/conda/lib/python3.7/site-packages/sklearn/decomposition/_pca.py", line 442, in _fit_full
28.3s 462 % (n_components, min(n_samples, n_features)))
28.3s 463 ValueError: n_components=45 must be between 0 and min(n_samples, n_features)=14 with svd_solver='full'
28.3s 464 
28.3s 465 FitFailedWarning)
28.3s 466 /opt/conda/lib/python3.7/site-packages/sklearn/model_selection/_validation.py:614: FitFailedWarning: Estimator fit failed. The score on this train-test partition for these parameters will be set to nan. Details:
28.3s 467 Traceback (most recent call last):
28.3s 468 File "/opt/conda/lib/python3.7/site-packages/sklearn/model_selection/_validation.py", line 593, in _fit_and_score
28.3s 469 estimator.fit(X_train, y_train, **fit_params)
28.3s 470 File "/opt/conda/lib/python3.7/site-packages/sklearn/pipeline.py", line 341, in fit
28.3s 471 Xt = self._fit(X, y, **fit_params_steps)
28.3s 472 File "/opt/conda/lib/python3.7/site-packages/sklearn/pipeline.py", line 307, in _fit
28.3s 473 **fit_params_steps[name])
28.3s 474 File "/opt/conda/lib/python3.7/site-packages/joblib/memory.py", line 352, in __call__
28.3s 475 return self.func(*args, **kwargs)
28.3s 476 File "/opt/conda/lib/python3.7/site-packages/sklearn/pipeline.py", line 754, in _fit_transform_one
28.3s 477 res = transformer.fit_transform(X, y, **fit_params)
28.3s 478 File "/opt/conda/lib/python3.7/site-packages/sklearn/decomposition/_pca.py", line 376, in fit_transform
28.3s 479 U, S, Vt = self._fit(X)
28.3s 480 File "/opt/conda/lib/python3.7/site-packages/sklearn/decomposition/_pca.py", line 423, in _fit
28.3s 481 return self._fit_full(X, n_components)
28.3s 482 File "/opt/conda/lib/python3.7/site-packages/sklearn/decomposition/_pca.py", line 442, in _fit_full
28.3s 483 % (n_components, min(n_samples, n_features)))
28.3s 484 ValueError: n_components=45 must be between 0 and min(n_samples, n_features)=14 with svd_solver='full'
28.3s 485 
28.3s 486 FitFailedWarning)
28.3s 487 /opt/conda/lib/python3.7/site-packages/sklearn/model_selection/_validation.py:614: FitFailedWarning: Estimator fit failed. The score on this train-test partition for these parameters will be set to nan. Details:
28.3s 488 Traceback (most recent call last):
28.3s 489 File "/opt/conda/lib/python3.7/site-packages/sklearn/model_selection/_validation.py", line 593, in _fit_and_score
28.3s 490 estimator.fit(X_train, y_train, **fit_params)
28.3s 491 File "/opt/conda/lib/python3.7/site-packages/sklearn/pipeline.py", line 341, in fit
28.3s 492 Xt = self._fit(X, y, **fit_params_steps)
28.3s 493 File "/opt/conda/lib/python3.7/site-packages/sklearn/pipeline.py", line 307, in _fit
28.3s 494 **fit_params_steps[name])
28.3s 495 File "/opt/conda/lib/python3.7/site-packages/joblib/memory.py", line 352, in __call__
28.3s 496 return self.func(*args, **kwargs)
28.3s 497 File "/opt/conda/lib/python3.7/site-packages/sklearn/pipeline.py", line 754, in _fit_transform_one
28.3s 498 res = transformer.fit_transform(X, y, **fit_params)
28.3s 499 File "/opt/conda/lib/python3.7/site-packages/sklearn/decomposition/_pca.py", line 376, in fit_transform
28.3s 500 U, S, Vt = self._fit(X)
28.3s 501 File "/opt/conda/lib/python3.7/site-packages/sklearn/decomposition/_pca.py", line 423, in _fit
28.3s 502 return self._fit_full(X, n_components)
28.3s 503 File "/opt/conda/lib/python3.7/site-packages/sklearn/decomposition/_pca.py", line 442, in _fit_full
28.3s 504 % (n_components, min(n_samples, n_features)))
28.3s 505 ValueError: n_components=45 must be between 0 and min(n_samples, n_features)=14 with svd_solver='full'
28.3s 506 
28.3s 507 FitFailedWarning)
28.3s 508 /opt/conda/lib/python3.7/site-packages/sklearn/model_selection/_validation.py:614: FitFailedWarning: Estimator fit failed. The score on this train-test partition for these parameters will be set to nan. Details:
28.3s 509 Traceback (most recent call last):
28.3s 510 File "/opt/conda/lib/python3.7/site-packages/sklearn/model_selection/_validation.py", line 593, in _fit_and_score
28.3s 511 estimator.fit(X_train, y_train, **fit_params)
28.3s 512 File "/opt/conda/lib/python3.7/site-packages/sklearn/pipeline.py", line 341, in fit
28.3s 513 Xt = self._fit(X, y, **fit_params_steps)
28.3s 514 File "/opt/conda/lib/python3.7/site-packages/sklearn/pipeline.py", line 307, in _fit
28.3s 515 **fit_params_steps[name])
28.3s 516 File "/opt/conda/lib/python3.7/site-packages/joblib/memory.py", line 352, in __call__
28.3s 517 return self.func(*args, **kwargs)
28.3s 518 File "/opt/conda/lib/python3.7/site-packages/sklearn/pipeline.py", line 754, in _fit_transform_one
28.3s 519 res = transformer.fit_transform(X, y, **fit_params)
28.3s 520 File "/opt/conda/lib/python3.7/site-packages/sklearn/decomposition/_pca.py", line 376, in fit_transform
28.3s 521 U, S, Vt = self._fit(X)
28.3s 522 File "/opt/conda/lib/python3.7/site-packages/sklearn/decomposition/_pca.py", line 423, in _fit
28.3s 523 return self._fit_full(X, n_components)
28.3s 524 File "/opt/conda/lib/python3.7/site-packages/sklearn/decomposition/_pca.py", line 442, in _fit_full
28.3s 525 % (n_components, min(n_samples, n_features)))
28.3s 526 ValueError: n_components=45 must be between 0 and min(n_samples, n_features)=14 with svd_solver='full'
28.3s 527 
28.3s 528 FitFailedWarning)
28.3s 529 /opt/conda/lib/python3.7/site-packages/sklearn/model_selection/_validation.py:614: FitFailedWarning: Estimator fit failed. The score on this train-test partition for these parameters will be set to nan. Details:
28.3s 530 Traceback (most recent call last):
28.3s 531 File "/opt/conda/lib/python3.7/site-packages/sklearn/model_selection/_validation.py", line 593, in _fit_and_score
28.3s 532 estimator.fit(X_train, y_train, **fit_params)
28.3s 533 File "/opt/conda/lib/python3.7/site-packages/sklearn/pipeline.py", line 341, in fit
28.3s 534 Xt = self._fit(X, y, **fit_params_steps)
28.3s 535 File "/opt/conda/lib/python3.7/site-packages/sklearn/pipeline.py", line 307, in _fit
28.3s 536 **fit_params_steps[name])
28.3s 537 File "/opt/conda/lib/python3.7/site-packages/joblib/memory.py", line 352, in __call__
28.3s 538 return self.func(*args, **kwargs)
28.3s 539 File "/opt/conda/lib/python3.7/site-packages/sklearn/pipeline.py", line 754, in _fit_transform_one
28.3s 540 res = transformer.fit_transform(X, y, **fit_params)
28.3s 541 File "/opt/conda/lib/python3.7/site-packages/sklearn/decomposition/_pca.py", line 376, in fit_transform
28.3s 542 U, S, Vt = self._fit(X)
28.3s 543 File "/opt/conda/lib/python3.7/site-packages/sklearn/decomposition/_pca.py", line 423, in _fit
28.3s 544 return self._fit_full(X, n_components)
28.3s 545 File "/opt/conda/lib/python3.7/site-packages/sklearn/decomposition/_pca.py", line 442, in _fit_full
28.3s 546 % (n_components, min(n_samples, n_features)))
28.3s 547 ValueError: n_components=45 must be between 0 and min(n_samples, n_features)=14 with svd_solver='full'
28.3s 548 
28.3s 549 FitFailedWarning)
28.3s 550 /opt/conda/lib/python3.7/site-packages/sklearn/model_selection/_validation.py:614: FitFailedWarning: Estimator fit failed. The score on this train-test partition for these parameters will be set to nan. Details:
28.3s 551 Traceback (most recent call last):
28.3s 552 File "/opt/conda/lib/python3.7/site-packages/sklearn/model_selection/_validation.py", line 593, in _fit_and_score
28.3s 553 estimator.fit(X_train, y_train, **fit_params)
28.3s 554 File "/opt/conda/lib/python3.7/site-packages/sklearn/pipeline.py", line 341, in fit
28.3s 555 Xt = self._fit(X, y, **fit_params_steps)
28.3s 556 File "/opt/conda/lib/python3.7/site-packages/sklearn/pipeline.py", line 307, in _fit
28.3s 557 **fit_params_steps[name])
28.3s 558 File "/opt/conda/lib/python3.7/site-packages/joblib/memory.py", line 352, in __call__
28.3s 559 return self.func(*args, **kwargs)
28.3s 560 File "/opt/conda/lib/python3.7/site-packages/sklearn/pipeline.py", line 754, in _fit_transform_one
28.3s 561 res = transformer.fit_transform(X, y, **fit_params)
28.3s 562 File "/opt/conda/lib/python3.7/site-packages/sklearn/decomposition/_pca.py", line 376, in fit_transform
28.3s 563 U, S, Vt = self._fit(X)
28.3s 564 File "/opt/conda/lib/python3.7/site-packages/sklearn/decomposition/_pca.py", line 423, in _fit
28.3s 565 return self._fit_full(X, n_components)
28.3s 566 File "/opt/conda/lib/python3.7/site-packages/sklearn/decomposition/_pca.py", line 442, in _fit_full
28.3s 567 % (n_components, min(n_samples, n_features)))
28.3s 568 ValueError: n_components=64 must be between 0 and min(n_samples, n_features)=14 with svd_solver='full'
28.3s 569 
28.3s 570 FitFailedWarning)
28.4s 571 /opt/conda/lib/python3.7/site-packages/sklearn/model_selection/_validation.py:614: FitFailedWarning: Estimator fit failed. The score on this train-test partition for these parameters will be set to nan. Details:
28.4s 572 Traceback (most recent call last):
28.4s 573 File "/opt/conda/lib/python3.7/site-packages/sklearn/model_selection/_validation.py", line 593, in _fit_and_score
28.4s 574 estimator.fit(X_train, y_train, **fit_params)
28.4s 575 File "/opt/conda/lib/python3.7/site-packages/sklearn/pipeline.py", line 341, in fit
28.4s 576 Xt = self._fit(X, y, **fit_params_steps)
28.4s 577 File "/opt/conda/lib/python3.7/site-packages/sklearn/pipeline.py", line 307, in _fit
28.4s 578 **fit_params_steps[name])
28.4s 579 File "/opt/conda/lib/python3.7/site-packages/joblib/memory.py", line 352, in __call__
28.4s 580 return self.func(*args, **kwargs)
28.4s 581 File "/opt/conda/lib/python3.7/site-packages/sklearn/pipeline.py", line 754, in _fit_transform_one
28.4s 582 res = transformer.fit_transform(X, y, **fit_params)
28.4s 583 File "/opt/conda/lib/python3.7/site-packages/sklearn/decomposition/_pca.py", line 376, in fit_transform
28.4s 584 U, S, Vt = self._fit(X)
28.4s 585 File "/opt/conda/lib/python3.7/site-packages/sklearn/decomposition/_pca.py", line 423, in _fit
28.4s 586 return self._fit_full(X, n_components)
28.4s 587 File "/opt/conda/lib/python3.7/site-packages/sklearn/decomposition/_pca.py", line 442, in _fit_full
28.4s 588 % (n_components, min(n_samples, n_features)))
28.4s 589 ValueError: n_components=64 must be between 0 and min(n_samples, n_features)=14 with svd_solver='full'
28.4s 590 
28.4s 591 FitFailedWarning)
28.4s 592 /opt/conda/lib/python3.7/site-packages/sklearn/model_selection/_validation.py:614: FitFailedWarning: Estimator fit failed. The score on this train-test partition for these parameters will be set to nan. Details:
28.4s 593 Traceback (most recent call last):
28.4s 594 File "/opt/conda/lib/python3.7/site-packages/sklearn/model_selection/_validation.py", line 593, in _fit_and_score
28.4s 595 estimator.fit(X_train, y_train, **fit_params)
28.4s 596 File "/opt/conda/lib/python3.7/site-packages/sklearn/pipeline.py", line 341, in fit
28.4s 597 Xt = self._fit(X, y, **fit_params_steps)
28.4s 598 File "/opt/conda/lib/python3.7/site-packages/sklearn/pipeline.py", line 307, in _fit
28.4s 599 **fit_params_steps[name])
28.4s 600 File "/opt/conda/lib/python3.7/site-packages/joblib/memory.py", line 352, in __call__
28.4s 601 return self.func(*args, **kwargs)
28.4s 602 File "/opt/conda/lib/python3.7/site-packages/sklearn/pipeline.py", line 754, in _fit_transform_one
28.4s 603 res = transformer.fit_transform(X, y, **fit_params)
28.4s 604 File "/opt/conda/lib/python3.7/site-packages/sklearn/decomposition/_pca.py", line 376, in fit_transform
28.4s 605 U, S, Vt = self._fit(X)
28.4s 606 File "/opt/conda/lib/python3.7/site-packages/sklearn/decomposition/_pca.py", line 423, in _fit
28.4s 607 return self._fit_full(X, n_components)
28.4s 608 File "/opt/conda/lib/python3.7/site-packages/sklearn/decomposition/_pca.py", line 442, in _fit_full
28.4s 609 % (n_components, min(n_samples, n_features)))
28.4s 610 ValueError: n_components=15 must be between 0 and min(n_samples, n_features)=14 with svd_solver='full'
28.4s 611 
28.4s 612 FitFailedWarning)
28.4s 613 /opt/conda/lib/python3.7/site-packages/sklearn/model_selection/_validation.py:614: FitFailedWarning: Estimator fit failed. The score on this train-test partition for these parameters will be set to nan. Details:
28.4s 614 Traceback (most recent call last):
28.4s 615 File "/opt/conda/lib/python3.7/site-packages/sklearn/model_selection/_validation.py", line 593, in _fit_and_score
28.4s 616 estimator.fit(X_train, y_train, **fit_params)
28.4s 617 File "/opt/conda/lib/python3.7/site-packages/sklearn/pipeline.py", line 341, in fit
28.4s 618 Xt = self._fit(X, y, **fit_params_steps)
28.4s 619 File "/opt/conda/lib/python3.7/site-packages/sklearn/pipeline.py", line 307, in _fit
28.4s 620 **fit_params_steps[name])
28.4s 621 File "/opt/conda/lib/python3.7/site-packages/joblib/memory.py", line 352, in __call__
28.4s 622 return self.func(*args, **kwargs)
28.4s 623 File "/opt/conda/lib/python3.7/site-packages/sklearn/pipeline.py", line 754, in _fit_transform_one
28.4s 624 res = transformer.fit_transform(X, y, **fit_params)
28.4s 625 File "/opt/conda/lib/python3.7/site-packages/sklearn/decomposition/_pca.py", line 376, in fit_transform
28.4s 626 U, S, Vt = self._fit(X)
28.4s 627 File "/opt/conda/lib/python3.7/site-packages/sklearn/decomposition/_pca.py", line 423, in _fit
28.4s 628 return self._fit_full(X, n_components)
28.4s 629 File "/opt/conda/lib/python3.7/site-packages/sklearn/decomposition/_pca.py", line 442, in _fit_full
28.4s 630 % (n_components, min(n_samples, n_features)))
28.4s 631 ValueError: n_components=15 must be between 0 and min(n_samples, n_features)=14 with svd_solver='full'
28.4s 632 
28.4s 633 FitFailedWarning)
28.4s 634 /opt/conda/lib/python3.7/site-packages/sklearn/model_selection/_validation.py:614: FitFailedWarning: Estimator fit failed. The score on this train-test partition for these parameters will be set to nan. Details:
28.4s 635 Traceback (most recent call last):
28.4s 636 File "/opt/conda/lib/python3.7/site-packages/sklearn/model_selection/_validation.py", line 593, in _fit_and_score
28.4s 637 estimator.fit(X_train, y_train, **fit_params)
28.4s 638 File "/opt/conda/lib/python3.7/site-packages/sklearn/pipeline.py", line 341, in fit
28.4s 639 Xt = self._fit(X, y, **fit_params_steps)
28.4s 640 File "/opt/conda/lib/python3.7/site-packages/sklearn/pipeline.py", line 307, in _fit
28.4s 641 **fit_params_steps[name])
28.4s 642 File "/opt/conda/lib/python3.7/site-packages/joblib/memory.py", line 352, in __call__
28.4s 643 return self.func(*args, **kwargs)
28.4s 644 File "/opt/conda/lib/python3.7/site-packages/sklearn/pipeline.py", line 754, in _fit_transform_one
28.4s 645 res = transformer.fit_transform(X, y, **fit_params)
28.4s 646 File "/opt/conda/lib/python3.7/site-packages/sklearn/decomposition/_pca.py", line 376, in fit_transform
28.4s 647 U, S, Vt = self._fit(X)
28.4s 648 File "/opt/conda/lib/python3.7/site-packages/sklearn/decomposition/_pca.py", line 423, in _fit
28.4s 649 return self._fit_full(X, n_components)
28.4s 650 File "/opt/conda/lib/python3.7/site-packages/sklearn/decomposition/_pca.py", line 442, in _fit_full
28.4s 651 % (n_components, min(n_samples, n_features)))
28.4s 652 ValueError: n_components=15 must be between 0 and min(n_samples, n_features)=14 with svd_solver='full'
28.4s 653 
28.4s 654 FitFailedWarning)
28.4s 655 /opt/conda/lib/python3.7/site-packages/sklearn/model_selection/_validation.py:614: FitFailedWarning: Estimator fit failed. The score on this train-test partition for these parameters will be set to nan. Details:
28.4s 656 Traceback (most recent call last):
28.4s 657 File "/opt/conda/lib/python3.7/site-packages/sklearn/model_selection/_validation.py", line 593, in _fit_and_score
28.4s 658 estimator.fit(X_train, y_train, **fit_params)
28.4s 659 File "/opt/conda/lib/python3.7/site-packages/sklearn/pipeline.py", line 341, in fit
28.4s 660 Xt = self._fit(X, y, **fit_params_steps)
28.4s 661 File "/opt/conda/lib/python3.7/site-packages/sklearn/pipeline.py", line 307, in _fit
28.4s 662 **fit_params_steps[name])
28.4s 663 File "/opt/conda/lib/python3.7/site-packages/joblib/memory.py", line 352, in __call__
28.4s 664 return self.func(*args, **kwargs)
28.4s 665 File "/opt/conda/lib/python3.7/site-packages/sklearn/pipeline.py", line 754, in _fit_transform_one
28.4s 666 res = transformer.fit_transform(X, y, **fit_params)
28.4s 667 File "/opt/conda/lib/python3.7/site-packages/sklearn/decomposition/_pca.py", line 376, in fit_transform
28.4s 668 U, S, Vt = self._fit(X)
28.4s 669 File "/opt/conda/lib/python3.7/site-packages/sklearn/decomposition/_pca.py", line 423, in _fit
28.4s 670 return self._fit_full(X, n_components)
28.4s 671 File "/opt/conda/lib/python3.7/site-packages/sklearn/decomposition/_pca.py", line 442, in _fit_full
28.4s 672 % (n_components, min(n_samples, n_features)))
28.4s 673 ValueError: n_components=15 must be between 0 and min(n_samples, n_features)=14 with svd_solver='full'
28.4s 674 
28.4s 675 FitFailedWarning)
28.4s 676 /opt/conda/lib/python3.7/site-packages/sklearn/model_selection/_validation.py:614: FitFailedWarning: Estimator fit failed. The score on this train-test partition for these parameters will be set to nan. Details:
28.4s 677 Traceback (most recent call last):
28.4s 678 File "/opt/conda/lib/python3.7/site-packages/sklearn/model_selection/_validation.py", line 593, in _fit_and_score
28.4s 679 estimator.fit(X_train, y_train, **fit_params)
28.4s 680 File "/opt/conda/lib/python3.7/site-packages/sklearn/pipeline.py", line 341, in fit
28.4s 681 Xt = self._fit(X, y, **fit_params_steps)
28.4s 682 File "/opt/conda/lib/python3.7/site-packages/sklearn/pipeline.py", line 307, in _fit
28.4s 683 **fit_params_steps[name])
28.4s 684 File "/opt/conda/lib/python3.7/site-packages/joblib/memory.py", line 352, in __call__
28.4s 685 return self.func(*args, **kwargs)
28.4s 686 File "/opt/conda/lib/python3.7/site-packages/sklearn/pipeline.py", line 754, in _fit_transform_one
28.4s 687 res = transformer.fit_transform(X, y, **fit_params)
28.4s 688 File "/opt/conda/lib/python3.7/site-packages/sklearn/decomposition/_pca.py", line 376, in fit_transform
28.4s 689 U, S, Vt = self._fit(X)
28.4s 690 File "/opt/conda/lib/python3.7/site-packages/sklearn/decomposition/_pca.py", line 423, in _fit
28.4s 691 return self._fit_full(X, n_components)
28.4s 692 File "/opt/conda/lib/python3.7/site-packages/sklearn/decomposition/_pca.py", line 442, in _fit_full
28.4s 693 % (n_components, min(n_samples, n_features)))
28.4s 694 ValueError: n_components=15 must be between 0 and min(n_samples, n_features)=14 with svd_solver='full'
28.4s 695 
28.4s 696 FitFailedWarning)
28.4s 697 /opt/conda/lib/python3.7/site-packages/sklearn/model_selection/_validation.py:614: FitFailedWarning: Estimator fit failed. The score on this train-test partition for these parameters will be set to nan. Details:
28.4s 698 Traceback (most recent call last):
28.4s 699 File "/opt/conda/lib/python3.7/site-packages/sklearn/model_selection/_validation.py", line 593, in _fit_and_score
28.4s 700 estimator.fit(X_train, y_train, **fit_params)
28.4s 701 File "/opt/conda/lib/python3.7/site-packages/sklearn/pipeline.py", line 341, in fit
28.4s 702 Xt = self._fit(X, y, **fit_params_steps)
28.4s 703 File "/opt/conda/lib/python3.7/site-packages/sklearn/pipeline.py", line 307, in _fit
28.4s 704 **fit_params_steps[name])
28.4s 705 File "/opt/conda/lib/python3.7/site-packages/joblib/memory.py", line 352, in __call__
28.4s 706 return self.func(*args, **kwargs)
28.4s 707 File "/opt/conda/lib/python3.7/site-packages/sklearn/pipeline.py", line 754, in _fit_transform_one
28.4s 708 res = transformer.fit_transform(X, y, **fit_params)
28.4s 709 File "/opt/conda/lib/python3.7/site-packages/sklearn/decomposition/_pca.py", line 376, in fit_transform
28.4s 710 U, S, Vt = self._fit(X)
28.4s 711 File "/opt/conda/lib/python3.7/site-packages/sklearn/decomposition/_pca.py", line 423, in _fit
28.4s 712 return self._fit_full(X, n_components)
28.4s 713 File "/opt/conda/lib/python3.7/site-packages/sklearn/decomposition/_pca.py", line 442, in _fit_full
28.4s 714 % (n_components, min(n_samples, n_features)))
28.4s 715 ValueError: n_components=15 must be between 0 and min(n_samples, n_features)=14 with svd_solver='full'
28.4s 716 
28.4s 717 FitFailedWarning)
28.4s 718 /opt/conda/lib/python3.7/site-packages/sklearn/model_selection/_validation.py:614: FitFailedWarning: Estimator fit failed. The score on this train-test partition for these parameters will be set to nan. Details:
28.4s 719 Traceback (most recent call last):
28.4s 720 File "/opt/conda/lib/python3.7/site-packages/sklearn/model_selection/_validation.py", line 593, in _fit_and_score
28.4s 721 estimator.fit(X_train, y_train, **fit_params)
28.4s 722 File "/opt/conda/lib/python3.7/site-packages/sklearn/pipeline.py", line 341, in fit
28.4s 723 Xt = self._fit(X, y, **fit_params_steps)
28.4s 724 File "/opt/conda/lib/python3.7/site-packages/sklearn/pipeline.py", line 307, in _fit
28.4s 725 **fit_params_steps[name])
28.4s 726 File "/opt/conda/lib/python3.7/site-packages/joblib/memory.py", line 352, in __call__
28.4s 727 return self.func(*args, **kwargs)
28.4s 728 File "/opt/conda/lib/python3.7/site-packages/sklearn/pipeline.py", line 754, in _fit_transform_one
28.4s 729 res = transformer.fit_transform(X, y, **fit_params)
28.4s 730 File "/opt/conda/lib/python3.7/site-packages/sklearn/decomposition/_pca.py", line 376, in fit_transform
28.4s 731 U, S, Vt = self._fit(X)
28.4s 732 File "/opt/conda/lib/python3.7/site-packages/sklearn/decomposition/_pca.py", line 423, in _fit
28.4s 733 return self._fit_full(X, n_components)
28.4s 734 File "/opt/conda/lib/python3.7/site-packages/sklearn/decomposition/_pca.py", line 442, in _fit_full
28.4s 735 % (n_components, min(n_samples, n_features)))
28.4s 736 ValueError: n_components=30 must be between 0 and min(n_samples, n_features)=14 with svd_solver='full'
28.4s 737 
28.4s 738 FitFailedWarning)
28.4s 739 /opt/conda/lib/python3.7/site-packages/sklearn/model_selection/_validation.py:614: FitFailedWarning: Estimator fit failed. The score on this train-test partition for these parameters will be set to nan. Details:
28.4s 740 Traceback (most recent call last):
28.4s 741 File "/opt/conda/lib/python3.7/site-packages/sklearn/model_selection/_validation.py", line 593, in _fit_and_score
28.4s 742 estimator.fit(X_train, y_train, **fit_params)
28.4s 743 File "/opt/conda/lib/python3.7/site-packages/sklearn/pipeline.py", line 341, in fit
28.4s 744 Xt = self._fit(X, y, **fit_params_steps)
28.4s 745 File "/opt/conda/lib/python3.7/site-packages/sklearn/pipeline.py", line 307, in _fit
28.4s 746 **fit_params_steps[name])
28.4s 747 File "/opt/conda/lib/python3.7/site-packages/joblib/memory.py", line 352, in __call__
28.4s 748 return self.func(*args, **kwargs)
28.4s 749 File "/opt/conda/lib/python3.7/site-packages/sklearn/pipeline.py", line 754, in _fit_transform_one
28.4s 750 res = transformer.fit_transform(X, y, **fit_params)
28.4s 751 File "/opt/conda/lib/python3.7/site-packages/sklearn/decomposition/_pca.py", line 376, in fit_transform
28.4s 752 U, S, Vt = self._fit(X)
28.4s 753 File "/opt/conda/lib/python3.7/site-packages/sklearn/decomposition/_pca.py", line 423, in _fit
28.4s 754 return self._fit_full(X, n_components)
28.4s 755 File "/opt/conda/lib/python3.7/site-packages/sklearn/decomposition/_pca.py", line 442, in _fit_full
28.4s 756 % (n_components, min(n_samples, n_features)))
28.4s 757 ValueError: n_components=15 must be between 0 and min(n_samples, n_features)=14 with svd_solver='full'
28.4s 758 
28.4s 759 FitFailedWarning)
28.4s 760 /opt/conda/lib/python3.7/site-packages/sklearn/model_selection/_validation.py:614: FitFailedWarning: Estimator fit failed. The score on this train-test partition for these parameters will be set to nan. Details:
28.4s 761 Traceback (most recent call last):
28.4s 762 File "/opt/conda/lib/python3.7/site-packages/sklearn/model_selection/_validation.py", line 593, in _fit_and_score
28.4s 763 estimator.fit(X_train, y_train, **fit_params)
28.4s 764 File "/opt/conda/lib/python3.7/site-packages/sklearn/pipeline.py", line 341, in fit
28.4s 765 Xt = self._fit(X, y, **fit_params_steps)
28.4s 766 File "/opt/conda/lib/python3.7/site-packages/sklearn/pipeline.py", line 307, in _fit
28.4s 767 **fit_params_steps[name])
28.4s 768 File "/opt/conda/lib/python3.7/site-packages/joblib/memory.py", line 352, in __call__
28.4s 769 return self.func(*args, **kwargs)
28.4s 770 File "/opt/conda/lib/python3.7/site-packages/sklearn/pipeline.py", line 754, in _fit_transform_one
28.4s 771 res = transformer.fit_transform(X, y, **fit_params)
28.4s 772 File "/opt/conda/lib/python3.7/site-packages/sklearn/decomposition/_pca.py", line 376, in fit_transform
28.4s 773 U, S, Vt = self._fit(X)
28.4s 774 File "/opt/conda/lib/python3.7/site-packages/sklearn/decomposition/_pca.py", line 423, in _fit
28.4s 775 return self._fit_full(X, n_components)
28.4s 776 File "/opt/conda/lib/python3.7/site-packages/sklearn/decomposition/_pca.py", line 442, in _fit_full
28.4s 777 % (n_components, min(n_samples, n_features)))
28.4s 778 ValueError: n_components=15 must be between 0 and min(n_samples, n_features)=14 with svd_solver='full'
28.4s 779 
28.4s 780 FitFailedWarning)
28.4s 781 /opt/conda/lib/python3.7/site-packages/sklearn/model_selection/_validation.py:614: FitFailedWarning: Estimator fit failed. The score on this train-test partition for these parameters will be set to nan. Details:
28.4s 782 Traceback (most recent call last):
28.4s 783 File "/opt/conda/lib/python3.7/site-packages/sklearn/model_selection/_validation.py", line 593, in _fit_and_score
28.4s 784 estimator.fit(X_train, y_train, **fit_params)
28.4s 785 File "/opt/conda/lib/python3.7/site-packages/sklearn/pipeline.py", line 341, in fit
28.4s 786 Xt = self._fit(X, y, **fit_params_steps)
28.4s 787 File "/opt/conda/lib/python3.7/site-packages/sklearn/pipeline.py", line 307, in _fit
28.4s 788 **fit_params_steps[name])
28.4s 789 File "/opt/conda/lib/python3.7/site-packages/joblib/memory.py", line 352, in __call__
28.4s 790 return self.func(*args, **kwargs)
28.4s 791 File "/opt/conda/lib/python3.7/site-packages/sklearn/pipeline.py", line 754, in _fit_transform_one
28.4s 792 res = transformer.fit_transform(X, y, **fit_params)
28.4s 793 File "/opt/conda/lib/python3.7/site-packages/sklearn/decomposition/_pca.py", line 376, in fit_transform
28.4s 794 U, S, Vt = self._fit(X)
28.4s 795 File "/opt/conda/lib/python3.7/site-packages/sklearn/decomposition/_pca.py", line 423, in _fit
28.4s 796 return self._fit_full(X, n_components)
28.4s 797 File "/opt/conda/lib/python3.7/site-packages/sklearn/decomposition/_pca.py", line 442, in _fit_full
28.4s 798 % (n_components, min(n_samples, n_features)))
28.4s 799 ValueError: n_components=15 must be between 0 and min(n_samples, n_features)=14 with svd_solver='full'
28.4s 800 
28.4s 801 FitFailedWarning)
28.4s 802 /opt/conda/lib/python3.7/site-packages/sklearn/model_selection/_validation.py:614: FitFailedWarning: Estimator fit failed. The score on this train-test partition for these parameters will be set to nan. Details:
28.4s 803 Traceback (most recent call last):
28.4s 804 File "/opt/conda/lib/python3.7/site-packages/sklearn/model_selection/_validation.py", line 593, in _fit_and_score
28.4s 805 estimator.fit(X_train, y_train, **fit_params)
28.4s 806 File "/opt/conda/lib/python3.7/site-packages/sklearn/pipeline.py", line 341, in fit
28.4s 807 Xt = self._fit(X, y, **fit_params_steps)
28.4s 808 File "/opt/conda/lib/python3.7/site-packages/sklearn/pipeline.py", line 307, in _fit
28.4s 809 **fit_params_steps[name])
28.4s 810 File "/opt/conda/lib/python3.7/site-packages/joblib/memory.py", line 352, in __call__
28.4s 811 return self.func(*args, **kwargs)
28.4s 812 File "/opt/conda/lib/python3.7/site-packages/sklearn/pipeline.py", line 754, in _fit_transform_one
28.4s 813 res = transformer.fit_transform(X, y, **fit_params)
28.4s 814 File "/opt/conda/lib/python3.7/site-packages/sklearn/decomposition/_pca.py", line 376, in fit_transform
28.4s 815 U, S, Vt = self._fit(X)
28.4s 816 File "/opt/conda/lib/python3.7/site-packages/sklearn/decomposition/_pca.py", line 423, in _fit
28.4s 817 return self._fit_full(X, n_components)
28.4s 818 File "/opt/conda/lib/python3.7/site-packages/sklearn/decomposition/_pca.py", line 442, in _fit_full
28.4s 819 % (n_components, min(n_samples, n_features)))
28.4s 820 ValueError: n_components=15 must be between 0 and min(n_samples, n_features)=14 with svd_solver='full'
28.4s 821 
28.4s 822 FitFailedWarning)
28.4s 823 [CV 1/5] END clf__var_smoothing=1.873817422860387e-09, pca__n_components=5; total time=   0.0s
28.4s 824 [CV 3/5] END clf__var_smoothing=8.111308307896872e-05, pca__n_components=45; total time=   0.0s
28.4s 825 [CV 4/5] END clf__var_smoothing=8.111308307896872e-05, pca__n_components=45; total time=   0.0s
28.4s 826 [CV 1/5] END clf__var_smoothing=1.873817422860383e-05, pca__n_components=64; total time=   0.0s
28.4s 827 [CV 2/5] END clf__var_smoothing=1.873817422860383e-05, pca__n_components=64; total time=   0.0s
28.4s 828 [CV 3/5] END clf__var_smoothing=1.873817422860383e-05, pca__n_components=64; total time=   0.0s
28.4s 829 [CV 4/5] END clf__var_smoothing=1.873817422860383e-05, pca__n_components=64; total time=   0.0s
28.4s 830 [CV 5/5] END clf__var_smoothing=1.873817422860383e-05, pca__n_components=64; total time=   0.0s
28.4s 831 [CV 1/5] END clf__var_smoothing=1.5199110829529332e-05, pca__n_components=5; total time=   0.0s
28.4s 832 [CV 2/5] END clf__var_smoothing=1.5199110829529332e-05, pca__n_components=5; total time=   0.0s
28.4s 833 [CV 3/5] END clf__var_smoothing=1.5199110829529332e-05, pca__n_components=5; total time=   0.0s
28.4s 834 [CV 4/5] END clf__var_smoothing=1.5199110829529332e-05, pca__n_components=5; total time=   0.0s
28.4s 835 [CV 5/5] END clf__var_smoothing=1.5199110829529332e-05, pca__n_components=5; total time=   0.0s
28.4s 836 [CV 1/5] END clf__var_smoothing=1.5199110829529332e-05, pca__n_components=15; total time=   0.0s
28.4s 837 [CV 2/5] END clf__var_smoothing=1.5199110829529332e-05, pca__n_components=15; total time=   0.0s
28.4s 838 [CV 3/5] END clf__var_smoothing=1.5199110829529332e-05, pca__n_components=15; total time=   0.0s
28.4s 839 [CV 4/5] END clf__var_smoothing=1.5199110829529332e-05, pca__n_components=15; total time=   0.0s
28.4s 840 [CV 5/5] END clf__var_smoothing=1.5199110829529332e-05, pca__n_components=15; total time=   0.0s
28.4s 841 [CV 1/5] END clf__var_smoothing=1.5199110829529332e-05, pca__n_components=30; total time=   0.0s
28.4s 842 [CV 3/5] END clf__var_smoothing=3.5111917342151275e-06, pca__n_components=30; total time=   0.0s
28.4s 843 [CV 4/5] END clf__var_smoothing=3.5111917342151275e-06, pca__n_components=30; total time=   0.0s
28.4s 844 [CV 5/5] END clf__var_smoothing=3.5111917342151275e-06, pca__n_components=30; total time=   0.0s
28.4s 845 [CV 1/5] END clf__var_smoothing=3.5111917342151275e-06, pca__n_components=45; total time=   0.0s
28.4s 846 [CV 2/5] END clf__var_smoothing=3.5111917342151275e-06, pca__n_components=45; total time=   0.0s
28.4s 847 [CV 3/5] END clf__var_smoothing=3.5111917342151275e-06, pca__n_components=45; total time=   0.0s
28.4s 848 [CV 4/5] END clf__var_smoothing=3.5111917342151275e-06, pca__n_components=45; total time=   0.0s
28.4s 849 [CV 5/5] END clf__var_smoothing=3.5111917342151275e-06, pca__n_components=45; total time=   0.0s
28.4s 850 [CV 1/5] END clf__var_smoothing=3.5111917342151275e-06, pca__n_components=64; total time=   0.0s
28.4s 851 [CV 2/5] END clf__var_smoothing=3.5111917342151275e-06, pca__n_components=64; total time=   0.0s
28.4s 852 [CV 3/5] END clf__var_smoothing=3.5111917342151275e-06, pca__n_components=64; total time=   0.0s
28.4s 853 [CV 4/5] END clf__var_smoothing=3.5111917342151275e-06, pca__n_components=64; total time=   0.0s
28.4s 854 [CV 5/5] END clf__var_smoothing=3.5111917342151275e-06, pca__n_components=64; total time=   0.0s
28.4s 855 [CV 1/5] END clf__var_smoothing=2.848035868435799e-06, pca__n_components=5; total time=   0.0s
28.4s 856 [CV 2/5] END clf__var_smoothing=2.848035868435799e-06, pca__n_components=5; total time=   0.0s
28.4s 857 [CV 3/5] END clf__var_smoothing=2.848035868435799e-06, pca__n_components=5; total time=   0.0s
28.4s 858 [CV 4/5] END clf__var_smoothing=8.111308307896872e-07, pca__n_components=30; total time=   0.0s
28.4s 859 [CV 5/5] END clf__var_smoothing=8.111308307896872e-07, pca__n_components=30; total time=   0.0s
28.4s 860 [CV 1/5] END clf__var_smoothing=8.111308307896872e-07, pca__n_components=45; total time=   0.0s
28.4s 861 [CV 2/5] END clf__var_smoothing=8.111308307896872e-07, pca__n_components=45; total time=   0.0s
28.4s 862 [CV 3/5] END clf__var_smoothing=8.111308307896872e-07, pca__n_components=45; total time=   0.0s
28.4s 863 [CV 4/5] END clf__var_smoothing=8.111308307896872e-07, pca__n_components=45; total time=   0.0s
28.4s 864 [CV 5/5] END clf__var_smoothing=8.111308307896872e-07, pca__n_components=45; total time=   0.0s
28.4s 865 [CV 1/5] END clf__var_smoothing=8.111308307896872e-07, pca__n_components=64; total time=   0.0s
28.4s 866 [CV 2/5] END clf__var_smoothing=8.111308307896872e-07, pca__n_components=64; total time=   0.0s
28.4s 867 [CV 3/5] END clf__var_smoothing=8.111308307896872e-07, pca__n_components=64; total time=   0.0s
28.4s 868 [CV 4/5] END clf__var_smoothing=8.111308307896872e-07, pca__n_components=64; total time=   0.0s
28.4s 869 [CV 5/5] END clf__var_smoothing=8.111308307896872e-07, pca__n_components=64; total time=   0.0s
28.4s 870 [CV 1/5] END clf__var_smoothing=6.579332246575682e-07, pca__n_components=5; total time=   0.0s
28.4s 871 [CV 2/5] END clf__var_smoothing=6.579332246575682e-07, pca__n_components=5; total time=   0.0s
28.4s 872 [CV 3/5] END clf__var_smoothing=6.579332246575682e-07, pca__n_components=5; total time=   0.0s
28.4s 873 [CV 4/5] END clf__var_smoothing=6.579332246575682e-07, pca__n_components=5; total time=   0.0s
28.4s 874 [CV 2/5] END clf__var_smoothing=1.519911082952933e-07, pca__n_components=64; total time=   0.0s
28.4s 875 [CV 3/5] END clf__var_smoothing=1.519911082952933e-07, pca__n_components=64; total time=   0.0s
28.4s 876 [CV 4/5] END clf__var_smoothing=1.519911082952933e-07, pca__n_components=64; total time=   0.0s
28.4s 877 [CV 5/5] END clf__var_smoothing=1.519911082952933e-07, pca__n_components=64; total time=   0.0s
28.4s 878 [CV 1/5] END clf__var_smoothing=1.232846739442066e-07, pca__n_components=5; total time=   0.0s
28.4s 879 [CV 2/5] END clf__var_smoothing=1.232846739442066e-07, pca__n_components=5; total time=   0.0s
28.4s 880 [CV 3/5] END clf__var_smoothing=1.232846739442066e-07, pca__n_components=5; total time=   0.0s
28.4s 881 [CV 4/5] END clf__var_smoothing=1.232846739442066e-07, pca__n_components=5; total time=   0.0s
28.4s 882 [CV 5/5] END clf__var_smoothing=1.232846739442066e-07, pca__n_components=5; total time=   0.0s
28.4s 883 [CV 1/5] END clf__var_smoothing=1.232846739442066e-07, pca__n_components=15; total time=   0.0s
28.4s 884 [CV 2/5] END clf__var_smoothing=1.232846739442066e-07, pca__n_components=15; total time=   0.0s
28.4s 885 [CV 3/5] END clf__var_smoothing=1.232846739442066e-07, pca__n_components=15; total time=   0.0s
28.4s 886 [CV 4/5] END clf__var_smoothing=1.232846739442066e-07, pca__n_components=15; total time=   0.0s
28.4s 887 [CV 5/5] END clf__var_smoothing=1.232846739442066e-07, pca__n_components=15; total time=   0.0s
28.4s 888 [CV 1/5] END clf__var_smoothing=1.232846739442066e-07, pca__n_components=30; total time=   0.0s
28.4s 889 [CV 2/5] END clf__var_smoothing=1.232846739442066e-07, pca__n_components=30; total time=   0.0s
28.4s 890 [CV 1/5] END clf__var_smoothing=2.310129700083158e-08, pca__n_components=64; total time=   0.0s
28.4s 891 [CV 2/5] END clf__var_smoothing=2.310129700083158e-08, pca__n_components=64; total time=   0.0s
28.4s 892 [CV 3/5] END clf__var_smoothing=2.310129700083158e-08, pca__n_components=64; total time=   0.0s
28.4s 893 [CV 4/5] END clf__var_smoothing=2.310129700083158e-08, pca__n_components=64; total time=   0.0s
28.4s 894 [CV 5/5] END clf__var_smoothing=2.310129700083158e-08, pca__n_components=64; total time=   0.0s
28.4s 895 [CV 1/5] END clf__var_smoothing=1.873817422860383e-08, pca__n_components=5; total time=   0.0s
28.4s 896 [CV 2/5] END clf__var_smoothing=1.873817422860383e-08, pca__n_components=5; total time=   0.0s
28.4s 897 [CV 3/5] END clf__var_smoothing=1.873817422860383e-08, pca__n_components=5; total time=   0.0s
28.4s 898 [CV 4/5] END clf__var_smoothing=1.873817422860383e-08, pca__n_components=5; total time=   0.0s
28.4s 899 [CV 5/5] END clf__var_smoothing=1.873817422860383e-08, pca__n_components=5; total time=   0.0s
28.4s 900 [CV 1/5] END clf__var_smoothing=1.873817422860383e-08, pca__n_components=15; total time=   0.0s
28.4s 901 [CV 2/5] END clf__var_smoothing=1.873817422860383e-08, pca__n_components=15; total time=   0.0s
28.4s 902 [CV 3/5] END clf__var_smoothing=1.873817422860383e-08, pca__n_components=15; total time=   0.0s
28.4s 903 [CV 4/5] END clf__var_smoothing=1.873817422860383e-08, pca__n_components=15; total time=   0.0s
28.4s 904 [CV 5/5] END clf__var_smoothing=1.873817422860383e-08, pca__n_components=15; total time=   0.0s
28.4s 905 [CV 1/5] END clf__var_smoothing=1.873817422860383e-08, pca__n_components=30; total time=   0.0s
28.4s 906 [CV 2/5] END clf__var_smoothing=1.2328467394420635e-09, pca__n_components=15; total time=   0.0s
28.4s 907 [CV 3/5] END clf__var_smoothing=1.2328467394420635e-09, pca__n_components=15; total time=   0.0s
28.4s 908 [CV 4/5] END clf__var_smoothing=1.2328467394420635e-09, pca__n_components=15; total time=   0.0s
28.4s 909 /opt/conda/lib/python3.7/site-packages/sklearn/model_selection/_validation.py:614: FitFailedWarning: Estimator fit failed. The score on this train-test partition for these parameters will be set to nan. Details:
28.4s 910 Traceback (most recent call last):
28.4s 911 File "/opt/conda/lib/python3.7/site-packages/sklearn/model_selection/_validation.py", line 593, in _fit_and_score
28.4s 912 estimator.fit(X_train, y_train, **fit_params)
28.4s 913 File "/opt/conda/lib/python3.7/site-packages/sklearn/pipeline.py", line 341, in fit
28.4s 914 Xt = self._fit(X, y, **fit_params_steps)
28.4s 915 File "/opt/conda/lib/python3.7/site-packages/sklearn/pipeline.py", line 307, in _fit
28.4s 916 **fit_params_steps[name])
28.4s 917 File "/opt/conda/lib/python3.7/site-packages/joblib/memory.py", line 352, in __call__
28.4s 918 return self.func(*args, **kwargs)
28.4s 919 File "/opt/conda/lib/python3.7/site-packages/sklearn/pipeline.py", line 754, in _fit_transform_one
28.4s 920 res = transformer.fit_transform(X, y, **fit_params)
28.4s 921 File "/opt/conda/lib/python3.7/site-packages/sklearn/decomposition/_pca.py", line 376, in fit_transform
28.4s 922 U, S, Vt = self._fit(X)
28.4s 923 File "/opt/conda/lib/python3.7/site-packages/sklearn/decomposition/_pca.py", line 423, in _fit
28.4s 924 return self._fit_full(X, n_components)
28.4s 925 File "/opt/conda/lib/python3.7/site-packages/sklearn/decomposition/_pca.py", line 442, in _fit_full
28.4s 926 % (n_components, min(n_samples, n_features)))
28.4s 927 ValueError: n_components=30 must be between 0 and min(n_samples, n_features)=14 with svd_solver='full'
28.4s 928 
28.4s 929 FitFailedWarning)
28.4s 930 /opt/conda/lib/python3.7/site-packages/sklearn/model_selection/_validation.py:614: FitFailedWarning: Estimator fit failed. The score on this train-test partition for these parameters will be set to nan. Details:
28.4s 931 Traceback (most recent call last):
28.4s 932 File "/opt/conda/lib/python3.7/site-packages/sklearn/model_selection/_validation.py", line 593, in _fit_and_score
28.4s 933 estimator.fit(X_train, y_train, **fit_params)
28.4s 934 File "/opt/conda/lib/python3.7/site-packages/sklearn/pipeline.py", line 341, in fit
28.4s 935 Xt = self._fit(X, y, **fit_params_steps)
28.4s 936 File "/opt/conda/lib/python3.7/site-packages/sklearn/pipeline.py", line 307, in _fit
28.4s 937 **fit_params_steps[name])
28.4s 938 File "/opt/conda/lib/python3.7/site-packages/joblib/memory.py", line 352, in __call__
28.4s 939 return self.func(*args, **kwargs)
28.4s 940 File "/opt/conda/lib/python3.7/site-packages/sklearn/pipeline.py", line 754, in _fit_transform_one
28.4s 941 res = transformer.fit_transform(X, y, **fit_params)
28.4s 942 File "/opt/conda/lib/python3.7/site-packages/sklearn/decomposition/_pca.py", line 376, in fit_transform
28.4s 943 U, S, Vt = self._fit(X)
28.4s 944 File "/opt/conda/lib/python3.7/site-packages/sklearn/decomposition/_pca.py", line 423, in _fit
28.4s 945 return self._fit_full(X, n_components)
28.4s 946 File "/opt/conda/lib/python3.7/site-packages/sklearn/decomposition/_pca.py", line 442, in _fit_full
28.4s 947 % (n_components, min(n_samples, n_features)))
28.4s 948 ValueError: n_components=30 must be between 0 and min(n_samples, n_features)=14 with svd_solver='full'
28.4s 949 
28.4s 950 FitFailedWarning)
28.4s 951 /opt/conda/lib/python3.7/site-packages/sklearn/model_selection/_validation.py:614: FitFailedWarning: Estimator fit failed. The score on this train-test partition for these parameters will be set to nan. Details:
28.4s 952 Traceback (most recent call last):
28.4s 953 File "/opt/conda/lib/python3.7/site-packages/sklearn/model_selection/_validation.py", line 593, in _fit_and_score
28.4s 954 estimator.fit(X_train, y_train, **fit_params)
28.4s 955 File "/opt/conda/lib/python3.7/site-packages/sklearn/pipeline.py", line 341, in fit
28.4s 956 Xt = self._fit(X, y, **fit_params_steps)
28.4s 957 File "/opt/conda/lib/python3.7/site-packages/sklearn/pipeline.py", line 307, in _fit
28.4s 958 **fit_params_steps[name])
28.4s 959 File "/opt/conda/lib/python3.7/site-packages/joblib/memory.py", line 352, in __call__
28.4s 960 return self.func(*args, **kwargs)
28.4s 961 File "/opt/conda/lib/python3.7/site-packages/sklearn/pipeline.py", line 754, in _fit_transform_one
28.4s 962 res = transformer.fit_transform(X, y, **fit_params)
28.4s 963 File "/opt/conda/lib/python3.7/site-packages/sklearn/decomposition/_pca.py", line 376, in fit_transform
28.4s 964 U, S, Vt = self._fit(X)
28.4s 965 File "/opt/conda/lib/python3.7/site-packages/sklearn/decomposition/_pca.py", line 423, in _fit
28.4s 966 return self._fit_full(X, n_components)
28.4s 967 File "/opt/conda/lib/python3.7/site-packages/sklearn/decomposition/_pca.py", line 442, in _fit_full
28.4s 968 % (n_components, min(n_samples, n_features)))
28.4s 969 ValueError: n_components=30 must be between 0 and min(n_samples, n_features)=14 with svd_solver='full'
28.4s 970 
28.4s 971 FitFailedWarning)
28.4s 972 /opt/conda/lib/python3.7/site-packages/sklearn/model_selection/_validation.py:614: FitFailedWarning: Estimator fit failed. The score on this train-test partition for these parameters will be set to nan. Details:
28.4s 973 Traceback (most recent call last):
28.4s 974 File "/opt/conda/lib/python3.7/site-packages/sklearn/model_selection/_validation.py", line 593, in _fit_and_score
28.4s 975 estimator.fit(X_train, y_train, **fit_params)
28.4s 976 File "/opt/conda/lib/python3.7/site-packages/sklearn/pipeline.py", line 341, in fit
28.4s 977 Xt = self._fit(X, y, **fit_params_steps)
28.4s 978 File "/opt/conda/lib/python3.7/site-packages/sklearn/pipeline.py", line 307, in _fit
28.4s 979 **fit_params_steps[name])
28.4s 980 File "/opt/conda/lib/python3.7/site-packages/joblib/memory.py", line 352, in __call__
28.4s 981 return self.func(*args, **kwargs)
28.4s 982 File "/opt/conda/lib/python3.7/site-packages/sklearn/pipeline.py", line 754, in _fit_transform_one
28.4s 983 res = transformer.fit_transform(X, y, **fit_params)
28.4s 984 File "/opt/conda/lib/python3.7/site-packages/sklearn/decomposition/_pca.py", line 376, in fit_transform
28.4s 985 U, S, Vt = self._fit(X)
28.4s 986 File "/opt/conda/lib/python3.7/site-packages/sklearn/decomposition/_pca.py", line 423, in _fit
28.4s 987 return self._fit_full(X, n_components)
28.4s 988 File "/opt/conda/lib/python3.7/site-packages/sklearn/decomposition/_pca.py", line 442, in _fit_full
28.4s 989 % (n_components, min(n_samples, n_features)))
28.4s 990 ValueError: n_components=30 must be between 0 and min(n_samples, n_features)=14 with svd_solver='full'
28.4s 991 
28.4s 992 FitFailedWarning)
28.4s 993 /opt/conda/lib/python3.7/site-packages/sklearn/model_selection/_validation.py:614: FitFailedWarning: Estimator fit failed. The score on this train-test partition for these parameters will be set to nan. Details:
28.4s 994 Traceback (most recent call last):
28.4s 995 File "/opt/conda/lib/python3.7/site-packages/sklearn/model_selection/_validation.py", line 593, in _fit_and_score
28.4s 996 estimator.fit(X_train, y_train, **fit_params)
28.4s 997 File "/opt/conda/lib/python3.7/site-packages/sklearn/pipeline.py", line 341, in fit
28.4s 998 Xt = self._fit(X, y, **fit_params_steps)
28.4s 999 File "/opt/conda/lib/python3.7/site-packages/sklearn/pipeline.py", line 307, in _fit
28.4s 1000 **fit_params_steps[name])
28.4s 1001 File "/opt/conda/lib/python3.7/site-packages/joblib/memory.py", line 352, in __call__
28.4s 1002 return self.func(*args, **kwargs)
28.4s 1003 File "/opt/conda/lib/python3.7/site-packages/sklearn/pipeline.py", line 754, in _fit_transform_one
28.4s 1004 res = transformer.fit_transform(X, y, **fit_params)
28.4s 1005 File "/opt/conda/lib/python3.7/site-packages/sklearn/decomposition/_pca.py", line 376, in fit_transform
28.4s 1006 U, S, Vt = self._fit(X)
28.4s 1007 File "/opt/conda/lib/python3.7/site-packages/sklearn/decomposition/_pca.py", line 423, in _fit
28.4s 1008 return self._fit_full(X, n_components)
28.4s 1009 File "/opt/conda/lib/python3.7/site-packages/sklearn/decomposition/_pca.py", line 442, in _fit_full
28.4s 1010 % (n_components, min(n_samples, n_features)))
28.4s 1011 ValueError: n_components=30 must be between 0 and min(n_samples, n_features)=14 with svd_solver='full'
28.4s 1012 
28.4s 1013 FitFailedWarning)
28.4s 1014 /opt/conda/lib/python3.7/site-packages/sklearn/model_selection/_validation.py:614: FitFailedWarning: Estimator fit failed. The score on this train-test partition for these parameters will be set to nan. Details:
28.4s 1015 Traceback (most recent call last):
28.4s 1016 File "/opt/conda/lib/python3.7/site-packages/sklearn/model_selection/_validation.py", line 593, in _fit_and_score
28.4s 1017 estimator.fit(X_train, y_train, **fit_params)
28.4s 1018 File "/opt/conda/lib/python3.7/site-packages/sklearn/pipeline.py", line 341, in fit
28.4s 1019 Xt = self._fit(X, y, **fit_params_steps)
28.4s 1020 File "/opt/conda/lib/python3.7/site-packages/sklearn/pipeline.py", line 307, in _fit
28.4s 1021 **fit_params_steps[name])
28.4s 1022 File "/opt/conda/lib/python3.7/site-packages/joblib/memory.py", line 352, in __call__
28.4s 1023 return self.func(*args, **kwargs)
28.4s 1024 File "/opt/conda/lib/python3.7/site-packages/sklearn/pipeline.py", line 754, in _fit_transform_one
28.4s 1025 res = transformer.fit_transform(X, y, **fit_params)
28.4s 1026 File "/opt/conda/lib/python3.7/site-packages/sklearn/decomposition/_pca.py", line 376, in fit_transform
28.4s 1027 U, S, Vt = self._fit(X)
28.4s 1028 File "/opt/conda/lib/python3.7/site-packages/sklearn/decomposition/_pca.py", line 423, in _fit
28.4s 1029 return self._fit_full(X, n_components)
28.4s 1030 File "/opt/conda/lib/python3.7/site-packages/sklearn/decomposition/_pca.py", line 442, in _fit_full
28.4s 1031 % (n_components, min(n_samples, n_features)))
28.4s 1032 ValueError: n_components=45 must be between 0 and min(n_samples, n_features)=14 with svd_solver='full'
28.4s 1033 
28.4s 1034 FitFailedWarning)
28.4s 1035 /opt/conda/lib/python3.7/site-packages/sklearn/model_selection/_validation.py:614: FitFailedWarning: Estimator fit failed. The score on this train-test partition for these parameters will be set to nan. Details:
28.4s 1036 Traceback (most recent call last):
28.4s 1037 File "/opt/conda/lib/python3.7/site-packages/sklearn/model_selection/_validation.py", line 593, in _fit_and_score
28.4s 1038 estimator.fit(X_train, y_train, **fit_params)
28.4s 1039 File "/opt/conda/lib/python3.7/site-packages/sklearn/pipeline.py", line 341, in fit
28.4s 1040 Xt = self._fit(X, y, **fit_params_steps)
28.4s 1041 File "/opt/conda/lib/python3.7/site-packages/sklearn/pipeline.py", line 307, in _fit
28.4s 1042 **fit_params_steps[name])
28.4s 1043 File "/opt/conda/lib/python3.7/site-packages/joblib/memory.py", line 352, in __call__
28.4s 1044 return self.func(*args, **kwargs)
28.4s 1045 File "/opt/conda/lib/python3.7/site-packages/sklearn/pipeline.py", line 754, in _fit_transform_one
28.4s 1046 res = transformer.fit_transform(X, y, **fit_params)
28.4s 1047 File "/opt/conda/lib/python3.7/site-packages/sklearn/decomposition/_pca.py", line 376, in fit_transform
28.4s 1048 U, S, Vt = self._fit(X)
28.4s 1049 File "/opt/conda/lib/python3.7/site-packages/sklearn/decomposition/_pca.py", line 423, in _fit
28.4s 1050 return self._fit_full(X, n_components)
28.4s 1051 File "/opt/conda/lib/python3.7/site-packages/sklearn/decomposition/_pca.py", line 442, in _fit_full
28.4s 1052 % (n_components, min(n_samples, n_features)))
28.4s 1053 ValueError: n_components=45 must be between 0 and min(n_samples, n_features)=14 with svd_solver='full'
28.4s 1054 
28.4s 1055 FitFailedWarning)
28.4s 1056 /opt/conda/lib/python3.7/site-packages/sklearn/model_selection/_validation.py:614: FitFailedWarning: Estimator fit failed. The score on this train-test partition for these parameters will be set to nan. Details:
28.4s 1057 Traceback (most recent call last):
28.4s 1058 File "/opt/conda/lib/python3.7/site-packages/sklearn/model_selection/_validation.py", line 593, in _fit_and_score
28.4s 1059 estimator.fit(X_train, y_train, **fit_params)
28.4s 1060 File "/opt/conda/lib/python3.7/site-packages/sklearn/pipeline.py", line 341, in fit
28.4s 1061 Xt = self._fit(X, y, **fit_params_steps)
28.4s 1062 File "/opt/conda/lib/python3.7/site-packages/sklearn/pipeline.py", line 307, in _fit
28.4s 1063 **fit_params_steps[name])
28.4s 1064 File "/opt/conda/lib/python3.7/site-packages/joblib/memory.py", line 352, in __call__
28.4s 1065 return self.func(*args, **kwargs)
28.4s 1066 File "/opt/conda/lib/python3.7/site-packages/sklearn/pipeline.py", line 754, in _fit_transform_one
28.4s 1067 res = transformer.fit_transform(X, y, **fit_params)
28.4s 1068 File "/opt/conda/lib/python3.7/site-packages/sklearn/decomposition/_pca.py", line 376, in fit_transform
28.4s 1069 U, S, Vt = self._fit(X)
28.4s 1070 File "/opt/conda/lib/python3.7/site-packages/sklearn/decomposition/_pca.py", line 423, in _fit
28.4s 1071 return self._fit_full(X, n_components)
28.4s 1072 File "/opt/conda/lib/python3.7/site-packages/sklearn/decomposition/_pca.py", line 442, in _fit_full
28.4s 1073 % (n_components, min(n_samples, n_features)))
28.4s 1074 ValueError: n_components=45 must be between 0 and min(n_samples, n_features)=14 with svd_solver='full'
28.4s 1075 
28.4s 1076 FitFailedWarning)
28.4s 1077 /opt/conda/lib/python3.7/site-packages/sklearn/model_selection/_validation.py:614: FitFailedWarning: Estimator fit failed. The score on this train-test partition for these parameters will be set to nan. Details:
28.4s 1078 Traceback (most recent call last):
28.4s 1079 File "/opt/conda/lib/python3.7/site-packages/sklearn/model_selection/_validation.py", line 593, in _fit_and_score
28.4s 1080 estimator.fit(X_train, y_train, **fit_params)
28.4s 1081 File "/opt/conda/lib/python3.7/site-packages/sklearn/pipeline.py", line 341, in fit
28.4s 1082 Xt = self._fit(X, y, **fit_params_steps)
28.4s 1083 File "/opt/conda/lib/python3.7/site-packages/sklearn/pipeline.py", line 307, in _fit
28.4s 1084 **fit_params_steps[name])
28.4s 1085 File "/opt/conda/lib/python3.7/site-packages/joblib/memory.py", line 352, in __call__
28.4s 1086 return self.func(*args, **kwargs)
28.4s 1087 File "/opt/conda/lib/python3.7/site-packages/sklearn/pipeline.py", line 754, in _fit_transform_one
28.4s 1088 res = transformer.fit_transform(X, y, **fit_params)
28.4s 1089 File "/opt/conda/lib/python3.7/site-packages/sklearn/decomposition/_pca.py", line 376, in fit_transform
28.4s 1090 U, S, Vt = self._fit(X)
28.4s 1091 File "/opt/conda/lib/python3.7/site-packages/sklearn/decomposition/_pca.py", line 423, in _fit
28.4s 1092 return self._fit_full(X, n_components)
28.4s 1093 File "/opt/conda/lib/python3.7/site-packages/sklearn/decomposition/_pca.py", line 442, in _fit_full
28.4s 1094 % (n_components, min(n_samples, n_features)))
28.4s 1095 ValueError: n_components=45 must be between 0 and min(n_samples, n_features)=14 with svd_solver='full'
28.4s 1096 
28.4s 1097 FitFailedWarning)
28.4s 1098 /opt/conda/lib/python3.7/site-packages/sklearn/model_selection/_validation.py:614: FitFailedWarning: Estimator fit failed. The score on this train-test partition for these parameters will be set to nan. Details:
28.4s 1099 Traceback (most recent call last):
28.4s 1100 File "/opt/conda/lib/python3.7/site-packages/sklearn/model_selection/_validation.py", line 593, in _fit_and_score
28.4s 1101 estimator.fit(X_train, y_train, **fit_params)
28.4s 1102 File "/opt/conda/lib/python3.7/site-packages/sklearn/pipeline.py", line 341, in fit
28.4s 1103 Xt = self._fit(X, y, **fit_params_steps)
28.4s 1104 File "/opt/conda/lib/python3.7/site-packages/sklearn/pipeline.py", line 307, in _fit
28.4s 1105 **fit_params_steps[name])
28.4s 1106 File "/opt/conda/lib/python3.7/site-packages/joblib/memory.py", line 352, in __call__
28.4s 1107 return self.func(*args, **kwargs)
28.4s 1108 File "/opt/conda/lib/python3.7/site-packages/sklearn/pipeline.py", line 754, in _fit_transform_one
28.4s 1109 res = transformer.fit_transform(X, y, **fit_params)
28.4s 1110 File "/opt/conda/lib/python3.7/site-packages/sklearn/decomposition/_pca.py", line 376, in fit_transform
28.4s 1111 U, S, Vt = self._fit(X)
28.4s 1112 File "/opt/conda/lib/python3.7/site-packages/sklearn/decomposition/_pca.py", line 423, in _fit
28.4s 1113 return self._fit_full(X, n_components)
28.4s 1114 File "/opt/conda/lib/python3.7/site-packages/sklearn/decomposition/_pca.py", line 442, in _fit_full
28.4s 1115 % (n_components, min(n_samples, n_features)))
28.4s 1116 ValueError: n_components=45 must be between 0 and min(n_samples, n_features)=14 with svd_solver='full'
28.4s 1117 
28.4s 1118 FitFailedWarning)
28.4s 1119 /opt/conda/lib/python3.7/site-packages/sklearn/model_selection/_validation.py:614: FitFailedWarning: Estimator fit failed. The score on this train-test partition for these parameters will be set to nan. Details:
28.4s 1120 Traceback (most recent call last):
28.4s 1121 File "/opt/conda/lib/python3.7/site-packages/sklearn/model_selection/_validation.py", line 593, in _fit_and_score
28.4s 1122 estimator.fit(X_train, y_train, **fit_params)
28.4s 1123 File "/opt/conda/lib/python3.7/site-packages/sklearn/pipeline.py", line 341, in fit
28.4s 1124 Xt = self._fit(X, y, **fit_params_steps)
28.4s 1125 File "/opt/conda/lib/python3.7/site-packages/sklearn/pipeline.py", line 307, in _fit
28.4s 1126 **fit_params_steps[name])
28.4s 1127 File "/opt/conda/lib/python3.7/site-packages/joblib/memory.py", line 352, in __call__
28.4s 1128 return self.func(*args, **kwargs)
28.4s 1129 File "/opt/conda/lib/python3.7/site-packages/sklearn/pipeline.py", line 754, in _fit_transform_one
28.4s 1130 res = transformer.fit_transform(X, y, **fit_params)
28.4s 1131 File "/opt/conda/lib/python3.7/site-packages/sklearn/decomposition/_pca.py", line 376, in fit_transform
28.4s 1132 U, S, Vt = self._fit(X)
28.4s 1133 File "/opt/conda/lib/python3.7/site-packages/sklearn/decomposition/_pca.py", line 423, in _fit
28.4s 1134 return self._fit_full(X, n_components)
28.4s 1135 File "/opt/conda/lib/python3.7/site-packages/sklearn/decomposition/_pca.py", line 442, in _fit_full
28.4s 1136 % (n_components, min(n_samples, n_features)))
28.4s 1137 ValueError: n_components=64 must be between 0 and min(n_samples, n_features)=14 with svd_solver='full'
28.4s 1138 
28.4s 1139 FitFailedWarning)
28.4s 1140 /opt/conda/lib/python3.7/site-packages/sklearn/model_selection/_validation.py:614: FitFailedWarning: Estimator fit failed. The score on this train-test partition for these parameters will be set to nan. Details:
28.4s 1141 Traceback (most recent call last):
28.4s 1142 File "/opt/conda/lib/python3.7/site-packages/sklearn/model_selection/_validation.py", line 593, in _fit_and_score
28.4s 1143 estimator.fit(X_train, y_train, **fit_params)
28.4s 1144 File "/opt/conda/lib/python3.7/site-packages/sklearn/pipeline.py", line 341, in fit
28.4s 1145 Xt = self._fit(X, y, **fit_params_steps)
28.4s 1146 File "/opt/conda/lib/python3.7/site-packages/sklearn/pipeline.py", line 307, in _fit
28.4s 1147 **fit_params_steps[name])
28.4s 1148 File "/opt/conda/lib/python3.7/site-packages/joblib/memory.py", line 352, in __call__
28.4s 1149 return self.func(*args, **kwargs)
28.4s 1150 File "/opt/conda/lib/python3.7/site-packages/sklearn/pipeline.py", line 754, in _fit_transform_one
28.4s 1151 res = transformer.fit_transform(X, y, **fit_params)
28.4s 1152 File "/opt/conda/lib/python3.7/site-packages/sklearn/decomposition/_pca.py", line 376, in fit_transform
28.4s 1153 U, S, Vt = self._fit(X)
28.4s 1154 File "/opt/conda/lib/python3.7/site-packages/sklearn/decomposition/_pca.py", line 423, in _fit
28.4s 1155 return self._fit_full(X, n_components)
28.4s 1156 File "/opt/conda/lib/python3.7/site-packages/sklearn/decomposition/_pca.py", line 442, in _fit_full
28.4s 1157 % (n_components, min(n_samples, n_features)))
28.4s 1158 ValueError: n_components=64 must be between 0 and min(n_samples, n_features)=14 with svd_solver='full'
28.4s 1159 
28.4s 1160 FitFailedWarning)
28.4s 1161 /opt/conda/lib/python3.7/site-packages/sklearn/model_selection/_validation.py:614: FitFailedWarning: Estimator fit failed. The score on this train-test partition for these parameters will be set to nan. Details:
28.4s 1162 Traceback (most recent call last):
28.4s 1163 File "/opt/conda/lib/python3.7/site-packages/sklearn/model_selection/_validation.py", line 593, in _fit_and_score
28.4s 1164 estimator.fit(X_train, y_train, **fit_params)
28.4s 1165 File "/opt/conda/lib/python3.7/site-packages/sklearn/pipeline.py", line 341, in fit
28.4s 1166 Xt = self._fit(X, y, **fit_params_steps)
28.4s 1167 File "/opt/conda/lib/python3.7/site-packages/sklearn/pipeline.py", line 307, in _fit
28.4s 1168 **fit_params_steps[name])
28.4s 1169 File "/opt/conda/lib/python3.7/site-packages/joblib/memory.py", line 352, in __call__
28.4s 1170 return self.func(*args, **kwargs)
28.4s 1171 File "/opt/conda/lib/python3.7/site-packages/sklearn/pipeline.py", line 754, in _fit_transform_one
28.4s 1172 res = transformer.fit_transform(X, y, **fit_params)
28.4s 1173 File "/opt/conda/lib/python3.7/site-packages/sklearn/decomposition/_pca.py", line 376, in fit_transform
28.4s 1174 U, S, Vt = self._fit(X)
28.4s 1175 File "/opt/conda/lib/python3.7/site-packages/sklearn/decomposition/_pca.py", line 423, in _fit
28.4s 1176 return self._fit_full(X, n_components)
28.4s 1177 File "/opt/conda/lib/python3.7/site-packages/sklearn/decomposition/_pca.py", line 442, in _fit_full
28.4s 1178 % (n_components, min(n_samples, n_features)))
28.4s 1179 ValueError: n_components=30 must be between 0 and min(n_samples, n_features)=14 with svd_solver='full'
28.4s 1180 
28.4s 1181 FitFailedWarning)
28.4s 1182 /opt/conda/lib/python3.7/site-packages/sklearn/model_selection/_validation.py:614: FitFailedWarning: Estimator fit failed. The score on this train-test partition for these parameters will be set to nan. Details:
28.4s 1183 Traceback (most recent call last):
28.4s 1184 File "/opt/conda/lib/python3.7/site-packages/sklearn/model_selection/_validation.py", line 593, in _fit_and_score
28.4s 1185 estimator.fit(X_train, y_train, **fit_params)
28.4s 1186 File "/opt/conda/lib/python3.7/site-packages/sklearn/pipeline.py", line 341, in fit
28.4s 1187 Xt = self._fit(X, y, **fit_params_steps)
28.4s 1188 File "/opt/conda/lib/python3.7/site-packages/sklearn/pipeline.py", line 307, in _fit
28.4s 1189 **fit_params_steps[name])
28.4s 1190 File "/opt/conda/lib/python3.7/site-packages/joblib/memory.py", line 352, in __call__
28.4s 1191 return self.func(*args, **kwargs)
28.4s 1192 File "/opt/conda/lib/python3.7/site-packages/sklearn/pipeline.py", line 754, in _fit_transform_one
28.4s 1193 res = transformer.fit_transform(X, y, **fit_params)
28.4s 1194 File "/opt/conda/lib/python3.7/site-packages/sklearn/decomposition/_pca.py", line 376, in fit_transform
28.4s 1195 U, S, Vt = self._fit(X)
28.4s 1196 File "/opt/conda/lib/python3.7/site-packages/sklearn/decomposition/_pca.py", line 423, in _fit
28.4s 1197 return self._fit_full(X, n_components)
28.4s 1198 File "/opt/conda/lib/python3.7/site-packages/sklearn/decomposition/_pca.py", line 442, in _fit_full
28.4s 1199 % (n_components, min(n_samples, n_features)))
28.4s 1200 ValueError: n_components=30 must be between 0 and min(n_samples, n_features)=14 with svd_solver='full'
28.4s 1201 
28.4s 1202 FitFailedWarning)
28.4s 1203 /opt/conda/lib/python3.7/site-packages/sklearn/model_selection/_validation.py:614: FitFailedWarning: Estimator fit failed. The score on this train-test partition for these parameters will be set to nan. Details:
28.4s 1204 Traceback (most recent call last):
28.4s 1205 File "/opt/conda/lib/python3.7/site-packages/sklearn/model_selection/_validation.py", line 593, in _fit_and_score
28.4s 1206 estimator.fit(X_train, y_train, **fit_params)
28.4s 1207 File "/opt/conda/lib/python3.7/site-packages/sklearn/pipeline.py", line 341, in fit
28.4s 1208 Xt = self._fit(X, y, **fit_params_steps)
28.4s 1209 File "/opt/conda/lib/python3.7/site-packages/sklearn/pipeline.py", line 307, in _fit
28.4s 1210 **fit_params_steps[name])
28.4s 1211 File "/opt/conda/lib/python3.7/site-packages/joblib/memory.py", line 352, in __call__
28.4s 1212 return self.func(*args, **kwargs)
28.4s 1213 File "/opt/conda/lib/python3.7/site-packages/sklearn/pipeline.py", line 754, in _fit_transform_one
28.4s 1214 res = transformer.fit_transform(X, y, **fit_params)
28.4s 1215 File "/opt/conda/lib/python3.7/site-packages/sklearn/decomposition/_pca.py", line 376, in fit_transform
28.4s 1216 U, S, Vt = self._fit(X)
28.4s 1217 File "/opt/conda/lib/python3.7/site-packages/sklearn/decomposition/_pca.py", line 423, in _fit
28.4s 1218 return self._fit_full(X, n_components)
28.4s 1219 File "/opt/conda/lib/python3.7/site-packages/sklearn/decomposition/_pca.py", line 442, in _fit_full
28.4s 1220 % (n_components, min(n_samples, n_features)))
28.4s 1221 ValueError: n_components=30 must be between 0 and min(n_samples, n_features)=14 with svd_solver='full'
28.4s 1222 
28.4s 1223 FitFailedWarning)
28.4s 1224 /opt/conda/lib/python3.7/site-packages/sklearn/model_selection/_validation.py:614: FitFailedWarning: Estimator fit failed. The score on this train-test partition for these parameters will be set to nan. Details:
28.4s 1225 Traceback (most recent call last):
28.4s 1226 File "/opt/conda/lib/python3.7/site-packages/sklearn/model_selection/_validation.py", line 593, in _fit_and_score
28.4s 1227 estimator.fit(X_train, y_train, **fit_params)
28.4s 1228 File "/opt/conda/lib/python3.7/site-packages/sklearn/pipeline.py", line 341, in fit
28.4s 1229 Xt = self._fit(X, y, **fit_params_steps)
28.4s 1230 File "/opt/conda/lib/python3.7/site-packages/sklearn/pipeline.py", line 307, in _fit
28.4s 1231 **fit_params_steps[name])
28.4s 1232 File "/opt/conda/lib/python3.7/site-packages/joblib/memory.py", line 352, in __call__
28.4s 1233 return self.func(*args, **kwargs)
28.4s 1234 File "/opt/conda/lib/python3.7/site-packages/sklearn/pipeline.py", line 754, in _fit_transform_one
28.4s 1235 res = transformer.fit_transform(X, y, **fit_params)
28.4s 1236 File "/opt/conda/lib/python3.7/site-packages/sklearn/decomposition/_pca.py", line 376, in fit_transform
28.4s 1237 U, S, Vt = self._fit(X)
28.4s 1238 File "/opt/conda/lib/python3.7/site-packages/sklearn/decomposition/_pca.py", line 423, in _fit
28.4s 1239 return self._fit_full(X, n_components)
28.4s 1240 File "/opt/conda/lib/python3.7/site-packages/sklearn/decomposition/_pca.py", line 442, in _fit_full
28.4s 1241 % (n_components, min(n_samples, n_features)))
28.4s 1242 ValueError: n_components=30 must be between 0 and min(n_samples, n_features)=14 with svd_solver='full'
28.4s 1243 
28.4s 1244 FitFailedWarning)
28.4s 1245 /opt/conda/lib/python3.7/site-packages/sklearn/model_selection/_validation.py:614: FitFailedWarning: Estimator fit failed. The score on this train-test partition for these parameters will be set to nan. Details:
28.4s 1246 Traceback (most recent call last):
28.4s 1247 File "/opt/conda/lib/python3.7/site-packages/sklearn/model_selection/_validation.py", line 593, in _fit_and_score
28.4s 1248 estimator.fit(X_train, y_train, **fit_params)
28.4s 1249 File "/opt/conda/lib/python3.7/site-packages/sklearn/pipeline.py", line 341, in fit
28.4s 1250 Xt = self._fit(X, y, **fit_params_steps)
28.4s 1251 File "/opt/conda/lib/python3.7/site-packages/sklearn/pipeline.py", line 307, in _fit
28.4s 1252 **fit_params_steps[name])
28.4s 1253 File "/opt/conda/lib/python3.7/site-packages/joblib/memory.py", line 352, in __call__
28.4s 1254 return self.func(*args, **kwargs)
28.4s 1255 File "/opt/conda/lib/python3.7/site-packages/sklearn/pipeline.py", line 754, in _fit_transform_one
28.4s 1256 res = transformer.fit_transform(X, y, **fit_params)
28.4s 1257 File "/opt/conda/lib/python3.7/site-packages/sklearn/decomposition/_pca.py", line 376, in fit_transform
28.4s 1258 U, S, Vt = self._fit(X)
28.4s 1259 File "/opt/conda/lib/python3.7/site-packages/sklearn/decomposition/_pca.py", line 423, in _fit
28.4s 1260 return self._fit_full(X, n_components)
28.4s 1261 File "/opt/conda/lib/python3.7/site-packages/sklearn/decomposition/_pca.py", line 442, in _fit_full
28.4s 1262 % (n_components, min(n_samples, n_features)))
28.4s 1263 ValueError: n_components=30 must be between 0 and min(n_samples, n_features)=14 with svd_solver='full'
28.4s 1264 
28.4s 1265 FitFailedWarning)
28.4s 1266 /opt/conda/lib/python3.7/site-packages/sklearn/model_selection/_validation.py:614: FitFailedWarning: Estimator fit failed. The score on this train-test partition for these parameters will be set to nan. Details:
28.4s 1267 Traceback (most recent call last):
28.4s 1268 File "/opt/conda/lib/python3.7/site-packages/sklearn/model_selection/_validation.py", line 593, in _fit_and_score
28.4s 1269 estimator.fit(X_train, y_train, **fit_params)
28.4s 1270 File "/opt/conda/lib/python3.7/site-packages/sklearn/pipeline.py", line 341, in fit
28.4s 1271 Xt = self._fit(X, y, **fit_params_steps)
28.4s 1272 File "/opt/conda/lib/python3.7/site-packages/sklearn/pipeline.py", line 307, in _fit
28.4s 1273 **fit_params_steps[name])
28.4s 1274 File "/opt/conda/lib/python3.7/site-packages/joblib/memory.py", line 352, in __call__
28.4s 1275 return self.func(*args, **kwargs)
28.4s 1276 File "/opt/conda/lib/python3.7/site-packages/sklearn/pipeline.py", line 754, in _fit_transform_one
28.4s 1277 res = transformer.fit_transform(X, y, **fit_params)
28.4s 1278 File "/opt/conda/lib/python3.7/site-packages/sklearn/decomposition/_pca.py", line 376, in fit_transform
28.4s 1279 U, S, Vt = self._fit(X)
28.4s 1280 File "/opt/conda/lib/python3.7/site-packages/sklearn/decomposition/_pca.py", line 423, in _fit
28.4s 1281 return self._fit_full(X, n_components)
28.4s 1282 File "/opt/conda/lib/python3.7/site-packages/sklearn/decomposition/_pca.py", line 442, in _fit_full
28.4s 1283 % (n_components, min(n_samples, n_features)))
28.4s 1284 ValueError: n_components=15 must be between 0 and min(n_samples, n_features)=14 with svd_solver='full'
28.4s 1285 
28.4s 1286 FitFailedWarning)
28.4s 1287 /opt/conda/lib/python3.7/site-packages/sklearn/model_selection/_validation.py:614: FitFailedWarning: Estimator fit failed. The score on this train-test partition for these parameters will be set to nan. Details:
28.4s 1288 Traceback (most recent call last):
28.4s 1289 File "/opt/conda/lib/python3.7/site-packages/sklearn/model_selection/_validation.py", line 593, in _fit_and_score
28.4s 1290 estimator.fit(X_train, y_train, **fit_params)
28.4s 1291 File "/opt/conda/lib/python3.7/site-packages/sklearn/pipeline.py", line 341, in fit
28.4s 1292 Xt = self._fit(X, y, **fit_params_steps)
28.4s 1293 File "/opt/conda/lib/python3.7/site-packages/sklearn/pipeline.py", line 307, in _fit
28.4s 1294 **fit_params_steps[name])
28.4s 1295 File "/opt/conda/lib/python3.7/site-packages/joblib/memory.py", line 352, in __call__
28.4s 1296 return self.func(*args, **kwargs)
28.4s 1297 File "/opt/conda/lib/python3.7/site-packages/sklearn/pipeline.py", line 754, in _fit_transform_one
28.4s 1298 res = transformer.fit_transform(X, y, **fit_params)
28.4s 1299 File "/opt/conda/lib/python3.7/site-packages/sklearn/decomposition/_pca.py", line 376, in fit_transform
28.4s 1300 U, S, Vt = self._fit(X)
28.4s 1301 File "/opt/conda/lib/python3.7/site-packages/sklearn/decomposition/_pca.py", line 423, in _fit
28.4s 1302 return self._fit_full(X, n_components)
28.4s 1303 File "/opt/conda/lib/python3.7/site-packages/sklearn/decomposition/_pca.py", line 442, in _fit_full
28.4s 1304 % (n_components, min(n_samples, n_features)))
28.4s 1305 ValueError: n_components=64 must be between 0 and min(n_samples, n_features)=14 with svd_solver='full'
28.4s 1306 
28.4s 1307 FitFailedWarning)
28.4s 1308 /opt/conda/lib/python3.7/site-packages/sklearn/model_selection/_validation.py:614: FitFailedWarning: Estimator fit failed. The score on this train-test partition for these parameters will be set to nan. Details:
28.4s 1309 Traceback (most recent call last):
28.4s 1310 File "/opt/conda/lib/python3.7/site-packages/sklearn/model_selection/_validation.py", line 593, in _fit_and_score
28.4s 1311 estimator.fit(X_train, y_train, **fit_params)
28.4s 1312 File "/opt/conda/lib/python3.7/site-packages/sklearn/pipeline.py", line 341, in fit
28.4s 1313 Xt = self._fit(X, y, **fit_params_steps)
28.4s 1314 File "/opt/conda/lib/python3.7/site-packages/sklearn/pipeline.py", line 307, in _fit
28.4s 1315 **fit_params_steps[name])
28.4s 1316 File "/opt/conda/lib/python3.7/site-packages/joblib/memory.py", line 352, in __call__
28.4s 1317 return self.func(*args, **kwargs)
28.4s 1318 File "/opt/conda/lib/python3.7/site-packages/sklearn/pipeline.py", line 754, in _fit_transform_one
28.4s 1319 res = transformer.fit_transform(X, y, **fit_params)
28.4s 1320 File "/opt/conda/lib/python3.7/site-packages/sklearn/decomposition/_pca.py", line 376, in fit_transform
28.4s 1321 U, S, Vt = self._fit(X)
28.4s 1322 File "/opt/conda/lib/python3.7/site-packages/sklearn/decomposition/_pca.py", line 423, in _fit
28.4s 1323 return self._fit_full(X, n_components)
28.4s 1324 File "/opt/conda/lib/python3.7/site-packages/sklearn/decomposition/_pca.py", line 442, in _fit_full
28.4s 1325 % (n_components, min(n_samples, n_features)))
28.4s 1326 ValueError: n_components=64 must be between 0 and min(n_samples, n_features)=14 with svd_solver='full'
28.4s 1327 
28.4s 1328 FitFailedWarning)
28.4s 1329 /opt/conda/lib/python3.7/site-packages/sklearn/model_selection/_validation.py:614: FitFailedWarning: Estimator fit failed. The score on this train-test partition for these parameters will be set to nan. Details:
28.4s 1330 Traceback (most recent call last):
28.4s 1331 File "/opt/conda/lib/python3.7/site-packages/sklearn/model_selection/_validation.py", line 593, in _fit_and_score
28.4s 1332 estimator.fit(X_train, y_train, **fit_params)
28.4s 1333 File "/opt/conda/lib/python3.7/site-packages/sklearn/pipeline.py", line 341, in fit
28.4s 1334 Xt = self._fit(X, y, **fit_params_steps)
28.4s 1335 File "/opt/conda/lib/python3.7/site-packages/sklearn/pipeline.py", line 307, in _fit
28.4s 1336 **fit_params_steps[name])
28.4s 1337 File "/opt/conda/lib/python3.7/site-packages/joblib/memory.py", line 352, in __call__
28.4s 1338 return self.func(*args, **kwargs)
28.4s 1339 File "/opt/conda/lib/python3.7/site-packages/sklearn/pipeline.py", line 754, in _fit_transform_one
28.4s 1340 res = transformer.fit_transform(X, y, **fit_params)
28.4s 1341 File "/opt/conda/lib/python3.7/site-packages/sklearn/decomposition/_pca.py", line 376, in fit_transform
28.4s 1342 U, S, Vt = self._fit(X)
28.4s 1343 File "/opt/conda/lib/python3.7/site-packages/sklearn/decomposition/_pca.py", line 423, in _fit
28.4s 1344 return self._fit_full(X, n_components)
28.4s 1345 File "/opt/conda/lib/python3.7/site-packages/sklearn/decomposition/_pca.py", line 442, in _fit_full
28.4s 1346 % (n_components, min(n_samples, n_features)))
28.4s 1347 ValueError: n_components=15 must be between 0 and min(n_samples, n_features)=14 with svd_solver='full'
28.4s 1348 
28.4s 1349 FitFailedWarning)
28.4s 1350 /opt/conda/lib/python3.7/site-packages/sklearn/model_selection/_validation.py:614: FitFailedWarning: Estimator fit failed. The score on this train-test partition for these parameters will be set to nan. Details:
28.4s 1351 Traceback (most recent call last):
28.4s 1352 File "/opt/conda/lib/python3.7/site-packages/sklearn/model_selection/_validation.py", line 593, in _fit_and_score
28.4s 1353 estimator.fit(X_train, y_train, **fit_params)
28.4s 1354 File "/opt/conda/lib/python3.7/site-packages/sklearn/pipeline.py", line 341, in fit
28.4s 1355 Xt = self._fit(X, y, **fit_params_steps)
28.4s 1356 File "/opt/conda/lib/python3.7/site-packages/sklearn/pipeline.py", line 307, in _fit
28.4s 1357 **fit_params_steps[name])
28.4s 1358 File "/opt/conda/lib/python3.7/site-packages/joblib/memory.py", line 352, in __call__
28.4s 1359 return self.func(*args, **kwargs)
28.4s 1360 File "/opt/conda/lib/python3.7/site-packages/sklearn/pipeline.py", line 754, in _fit_transform_one
28.4s 1361 res = transformer.fit_transform(X, y, **fit_params)
28.4s 1362 File "/opt/conda/lib/python3.7/site-packages/sklearn/decomposition/_pca.py", line 376, in fit_transform
28.4s 1363 U, S, Vt = self._fit(X)
28.4s 1364 File "/opt/conda/lib/python3.7/site-packages/sklearn/decomposition/_pca.py", line 423, in _fit
28.4s 1365 return self._fit_full(X, n_components)
28.4s 1366 File "/opt/conda/lib/python3.7/site-packages/sklearn/decomposition/_pca.py", line 442, in _fit_full
28.4s 1367 % (n_components, min(n_samples, n_features)))
28.4s 1368 ValueError: n_components=15 must be between 0 and min(n_samples, n_features)=14 with svd_solver='full'
28.4s 1369 
28.4s 1370 FitFailedWarning)
28.4s 1371 /opt/conda/lib/python3.7/site-packages/sklearn/model_selection/_validation.py:614: FitFailedWarning: Estimator fit failed. The score on this train-test partition for these parameters will be set to nan. Details:
28.4s 1372 Traceback (most recent call last):
28.4s 1373 File "/opt/conda/lib/python3.7/site-packages/sklearn/model_selection/_validation.py", line 593, in _fit_and_score
28.4s 1374 estimator.fit(X_train, y_train, **fit_params)
28.4s 1375 File "/opt/conda/lib/python3.7/site-packages/sklearn/pipeline.py", line 341, in fit
28.4s 1376 Xt = self._fit(X, y, **fit_params_steps)
28.4s 1377 File "/opt/conda/lib/python3.7/site-packages/sklearn/pipeline.py", line 307, in _fit
28.4s 1378 **fit_params_steps[name])
28.4s 1379 File "/opt/conda/lib/python3.7/site-packages/joblib/memory.py", line 352, in __call__
28.4s 1380 return self.func(*args, **kwargs)
28.4s 1381 File "/opt/conda/lib/python3.7/site-packages/sklearn/pipeline.py", line 754, in _fit_transform_one
28.4s 1382 res = transformer.fit_transform(X, y, **fit_params)
28.4s 1383 File "/opt/conda/lib/python3.7/site-packages/sklearn/decomposition/_pca.py", line 376, in fit_transform
28.4s 1384 U, S, Vt = self._fit(X)
28.4s 1385 File "/opt/conda/lib/python3.7/site-packages/sklearn/decomposition/_pca.py", line 423, in _fit
28.4s 1386 return self._fit_full(X, n_components)
28.4s 1387 File "/opt/conda/lib/python3.7/site-packages/sklearn/decomposition/_pca.py", line 442, in _fit_full
28.4s 1388 % (n_components, min(n_samples, n_features)))
28.4s 1389 ValueError: n_components=15 must be between 0 and min(n_samples, n_features)=14 with svd_solver='full'
28.4s 1390 
28.4s 1391 FitFailedWarning)
28.4s 1392 /opt/conda/lib/python3.7/site-packages/sklearn/model_selection/_validation.py:614: FitFailedWarning: Estimator fit failed. The score on this train-test partition for these parameters will be set to nan. Details:
28.4s 1393 Traceback (most recent call last):
28.4s 1394 File "/opt/conda/lib/python3.7/site-packages/sklearn/model_selection/_validation.py", line 593, in _fit_and_score
28.4s 1395 estimator.fit(X_train, y_train, **fit_params)
28.4s 1396 File "/opt/conda/lib/python3.7/site-packages/sklearn/pipeline.py", line 341, in fit
28.4s 1397 Xt = self._fit(X, y, **fit_params_steps)
28.4s 1398 File "/opt/conda/lib/python3.7/site-packages/sklearn/pipeline.py", line 307, in _fit
28.4s 1399 **fit_params_steps[name])
28.4s 1400 File "/opt/conda/lib/python3.7/site-packages/joblib/memory.py", line 352, in __call__
28.4s 1401 return self.func(*args, **kwargs)
28.4s 1402 File "/opt/conda/lib/python3.7/site-packages/sklearn/pipeline.py", line 754, in _fit_transform_one
28.4s 1403 res = transformer.fit_transform(X, y, **fit_params)
28.4s 1404 File "/opt/conda/lib/python3.7/site-packages/sklearn/decomposition/_pca.py", line 376, in fit_transform
28.4s 1405 U, S, Vt = self._fit(X)
28.4s 1406 File "/opt/conda/lib/python3.7/site-packages/sklearn/decomposition/_pca.py", line 423, in _fit
28.4s 1407 return self._fit_full(X, n_components)
28.4s 1408 File "/opt/conda/lib/python3.7/site-packages/sklearn/decomposition/_pca.py", line 442, in _fit_full
28.4s 1409 % (n_components, min(n_samples, n_features)))
28.4s 1410 ValueError: n_components=30 must be between 0 and min(n_samples, n_features)=14 with svd_solver='full'
28.4s 1411 
28.4s 1412 FitFailedWarning)
28.4s 1413 /opt/conda/lib/python3.7/site-packages/sklearn/model_selection/_validation.py:614: FitFailedWarning: Estimator fit failed. The score on this train-test partition for these parameters will be set to nan. Details:
28.4s 1414 Traceback (most recent call last):
28.4s 1415 File "/opt/conda/lib/python3.7/site-packages/sklearn/model_selection/_validation.py", line 593, in _fit_and_score
28.4s 1416 estimator.fit(X_train, y_train, **fit_params)
28.4s 1417 File "/opt/conda/lib/python3.7/site-packages/sklearn/pipeline.py", line 341, in fit
28.4s 1418 Xt = self._fit(X, y, **fit_params_steps)
28.4s 1419 File "/opt/conda/lib/python3.7/site-packages/sklearn/pipeline.py", line 307, in _fit
28.4s 1420 **fit_params_steps[name])
28.4s 1421 File "/opt/conda/lib/python3.7/site-packages/joblib/memory.py", line 352, in __call__
28.4s 1422 return self.func(*args, **kwargs)
28.4s 1423 File "/opt/conda/lib/python3.7/site-packages/sklearn/pipeline.py", line 754, in _fit_transform_one
28.4s 1424 res = transformer.fit_transform(X, y, **fit_params)
28.4s 1425 File "/opt/conda/lib/python3.7/site-packages/sklearn/decomposition/_pca.py", line 376, in fit_transform
28.4s 1426 U, S, Vt = self._fit(X)
28.4s 1427 File "/opt/conda/lib/python3.7/site-packages/sklearn/decomposition/_pca.py", line 423, in _fit
28.4s 1428 return self._fit_full(X, n_components)
28.4s 1429 File "/opt/conda/lib/python3.7/site-packages/sklearn/decomposition/_pca.py", line 442, in _fit_full
28.4s 1430 % (n_components, min(n_samples, n_features)))
28.4s 1431 ValueError: n_components=64 must be between 0 and min(n_samples, n_features)=14 with svd_solver='full'
28.4s 1432 
28.4s 1433 FitFailedWarning)
28.4s 1434 /opt/conda/lib/python3.7/site-packages/sklearn/model_selection/_validation.py:614: FitFailedWarning: Estimator fit failed. The score on this train-test partition for these parameters will be set to nan. Details:
28.4s 1435 Traceback (most recent call last):
28.4s 1436 File "/opt/conda/lib/python3.7/site-packages/sklearn/model_selection/_validation.py", line 593, in _fit_and_score
28.4s 1437 estimator.fit(X_train, y_train, **fit_params)
28.4s 1438 File "/opt/conda/lib/python3.7/site-packages/sklearn/pipeline.py", line 341, in fit
28.4s 1439 Xt = self._fit(X, y, **fit_params_steps)
28.4s 1440 File "/opt/conda/lib/python3.7/site-packages/sklearn/pipeline.py", line 307, in _fit
28.4s 1441 **fit_params_steps[name])
28.4s 1442 File "/opt/conda/lib/python3.7/site-packages/joblib/memory.py", line 352, in __call__
28.4s 1443 return self.func(*args, **kwargs)
28.4s 1444 File "/opt/conda/lib/python3.7/site-packages/sklearn/pipeline.py", line 754, in _fit_transform_one
28.4s 1445 res = transformer.fit_transform(X, y, **fit_params)
28.4s 1446 File "/opt/conda/lib/python3.7/site-packages/sklearn/decomposition/_pca.py", line 376, in fit_transform
28.4s 1447 U, S, Vt = self._fit(X)
28.4s 1448 File "/opt/conda/lib/python3.7/site-packages/sklearn/decomposition/_pca.py", line 423, in _fit
28.4s 1449 return self._fit_full(X, n_components)
28.4s 1450 File "/opt/conda/lib/python3.7/site-packages/sklearn/decomposition/_pca.py", line 442, in _fit_full
28.4s 1451 % (n_components, min(n_samples, n_features)))
28.4s 1452 ValueError: n_components=64 must be between 0 and min(n_samples, n_features)=14 with svd_solver='full'
28.4s 1453 
28.4s 1454 FitFailedWarning)
28.4s 1455 /opt/conda/lib/python3.7/site-packages/sklearn/model_selection/_validation.py:614: FitFailedWarning: Estimator fit failed. The score on this train-test partition for these parameters will be set to nan. Details:
28.4s 1456 Traceback (most recent call last):
28.4s 1457 File "/opt/conda/lib/python3.7/site-packages/sklearn/model_selection/_validation.py", line 593, in _fit_and_score
28.4s 1458 estimator.fit(X_train, y_train, **fit_params)
28.4s 1459 File "/opt/conda/lib/python3.7/site-packages/sklearn/pipeline.py", line 341, in fit
28.4s 1460 Xt = self._fit(X, y, **fit_params_steps)
28.4s 1461 File "/opt/conda/lib/python3.7/site-packages/sklearn/pipeline.py", line 307, in _fit
28.4s 1462 **fit_params_steps[name])
28.4s 1463 File "/opt/conda/lib/python3.7/site-packages/joblib/memory.py", line 352, in __call__
28.4s 1464 return self.func(*args, **kwargs)
28.4s 1465 File "/opt/conda/lib/python3.7/site-packages/sklearn/pipeline.py", line 754, in _fit_transform_one
28.4s 1466 res = transformer.fit_transform(X, y, **fit_params)
28.4s 1467 File "/opt/conda/lib/python3.7/site-packages/sklearn/decomposition/_pca.py", line 376, in fit_transform
28.4s 1468 U, S, Vt = self._fit(X)
28.4s 1469 File "/opt/conda/lib/python3.7/site-packages/sklearn/decomposition/_pca.py", line 423, in _fit
28.4s 1470 return self._fit_full(X, n_components)
28.4s 1471 File "/opt/conda/lib/python3.7/site-packages/sklearn/decomposition/_pca.py", line 442, in _fit_full
28.4s 1472 % (n_components, min(n_samples, n_features)))
28.4s 1473 ValueError: n_components=64 must be between 0 and min(n_samples, n_features)=14 with svd_solver='full'
28.4s 1474 
28.4s 1475 FitFailedWarning)
28.4s 1476 /opt/conda/lib/python3.7/site-packages/sklearn/model_selection/_validation.py:614: FitFailedWarning: Estimator fit failed. The score on this train-test partition for these parameters will be set to nan. Details:
28.4s 1477 Traceback (most recent call last):
28.4s 1478 File "/opt/conda/lib/python3.7/site-packages/sklearn/model_selection/_validation.py", line 593, in _fit_and_score
28.4s 1479 estimator.fit(X_train, y_train, **fit_params)
28.4s 1480 File "/opt/conda/lib/python3.7/site-packages/sklearn/pipeline.py", line 341, in fit
28.4s 1481 Xt = self._fit(X, y, **fit_params_steps)
28.4s 1482 File "/opt/conda/lib/python3.7/site-packages/sklearn/pipeline.py", line 307, in _fit
28.4s 1483 **fit_params_steps[name])
28.4s 1484 File "/opt/conda/lib/python3.7/site-packages/joblib/memory.py", line 352, in __call__
28.4s 1485 return self.func(*args, **kwargs)
28.4s 1486 File "/opt/conda/lib/python3.7/site-packages/sklearn/pipeline.py", line 754, in _fit_transform_one
28.4s 1487 res = transformer.fit_transform(X, y, **fit_params)
28.4s 1488 File "/opt/conda/lib/python3.7/site-packages/sklearn/decomposition/_pca.py", line 376, in fit_transform
28.4s 1489 U, S, Vt = self._fit(X)
28.4s 1490 File "/opt/conda/lib/python3.7/site-packages/sklearn/decomposition/_pca.py", line 423, in _fit
28.4s 1491 return self._fit_full(X, n_components)
28.4s 1492 File "/opt/conda/lib/python3.7/site-packages/sklearn/decomposition/_pca.py", line 442, in _fit_full
28.4s 1493 % (n_components, min(n_samples, n_features)))
28.4s 1494 ValueError: n_components=64 must be between 0 and min(n_samples, n_features)=14 with svd_solver='full'
28.4s 1495 
28.4s 1496 FitFailedWarning)
28.4s 1497 /opt/conda/lib/python3.7/site-packages/sklearn/model_selection/_validation.py:614: FitFailedWarning: Estimator fit failed. The score on this train-test partition for these parameters will be set to nan. Details:
28.4s 1498 Traceback (most recent call last):
28.4s 1499 File "/opt/conda/lib/python3.7/site-packages/sklearn/model_selection/_validation.py", line 593, in _fit_and_score
28.4s 1500 estimator.fit(X_train, y_train, **fit_params)
28.4s 1501 File "/opt/conda/lib/python3.7/site-packages/sklearn/pipeline.py", line 341, in fit
28.4s 1502 Xt = self._fit(X, y, **fit_params_steps)
28.4s 1503 File "/opt/conda/lib/python3.7/site-packages/sklearn/pipeline.py", line 307, in _fit
28.4s 1504 **fit_params_steps[name])
28.4s 1505 File "/opt/conda/lib/python3.7/site-packages/joblib/memory.py", line 352, in __call__
28.4s 1506 return self.func(*args, **kwargs)
28.4s 1507 File "/opt/conda/lib/python3.7/site-packages/sklearn/pipeline.py", line 754, in _fit_transform_one
28.4s 1508 res = transformer.fit_transform(X, y, **fit_params)
28.4s 1509 File "/opt/conda/lib/python3.7/site-packages/sklearn/decomposition/_pca.py", line 376, in fit_transform
28.4s 1510 U, S, Vt = self._fit(X)
28.4s 1511 File "/opt/conda/lib/python3.7/site-packages/sklearn/decomposition/_pca.py", line 423, in _fit
28.4s 1512 return self._fit_full(X, n_components)
28.4s 1513 File "/opt/conda/lib/python3.7/site-packages/sklearn/decomposition/_pca.py", line 442, in _fit_full
28.4s 1514 % (n_components, min(n_samples, n_features)))
28.4s 1515 ValueError: n_components=30 must be between 0 and min(n_samples, n_features)=14 with svd_solver='full'
28.4s 1516 
28.4s 1517 FitFailedWarning)
28.4s 1518 /opt/conda/lib/python3.7/site-packages/sklearn/model_selection/_validation.py:614: FitFailedWarning: Estimator fit failed. The score on this train-test partition for these parameters will be set to nan. Details:
28.4s 1519 Traceback (most recent call last):
28.4s 1520 File "/opt/conda/lib/python3.7/site-packages/sklearn/model_selection/_validation.py", line 593, in _fit_and_score
28.4s 1521 estimator.fit(X_train, y_train, **fit_params)
28.4s 1522 File "/opt/conda/lib/python3.7/site-packages/sklearn/pipeline.py", line 341, in fit
28.4s 1523 Xt = self._fit(X, y, **fit_params_steps)
28.4s 1524 File "/opt/conda/lib/python3.7/site-packages/sklearn/pipeline.py", line 307, in _fit
28.4s 1525 **fit_params_steps[name])
28.4s 1526 File "/opt/conda/lib/python3.7/site-packages/joblib/memory.py", line 352, in __call__
28.4s 1527 return self.func(*args, **kwargs)
28.4s 1528 File "/opt/conda/lib/python3.7/site-packages/sklearn/pipeline.py", line 754, in _fit_transform_one
28.4s 1529 res = transformer.fit_transform(X, y, **fit_params)
28.4s 1530 File "/opt/conda/lib/python3.7/site-packages/sklearn/decomposition/_pca.py", line 376, in fit_transform
28.4s 1531 U, S, Vt = self._fit(X)
28.4s 1532 File "/opt/conda/lib/python3.7/site-packages/sklearn/decomposition/_pca.py", line 423, in _fit
28.4s 1533 return self._fit_full(X, n_components)
28.4s 1534 File "/opt/conda/lib/python3.7/site-packages/sklearn/decomposition/_pca.py", line 442, in _fit_full
28.4s 1535 % (n_components, min(n_samples, n_features)))
28.4s 1536 ValueError: n_components=30 must be between 0 and min(n_samples, n_features)=14 with svd_solver='full'
28.4s 1537 
28.4s 1538 FitFailedWarning)
28.5s 1539 /opt/conda/lib/python3.7/site-packages/sklearn/model_selection/_validation.py:614: FitFailedWarning: Estimator fit failed. The score on this train-test partition for these parameters will be set to nan. Details:
28.5s 1540 Traceback (most recent call last):
28.5s 1541 File "/opt/conda/lib/python3.7/site-packages/sklearn/model_selection/_validation.py", line 593, in _fit_and_score
28.5s 1542 estimator.fit(X_train, y_train, **fit_params)
28.5s 1543 File "/opt/conda/lib/python3.7/site-packages/sklearn/pipeline.py", line 341, in fit
28.5s 1544 Xt = self._fit(X, y, **fit_params_steps)
28.5s 1545 File "/opt/conda/lib/python3.7/site-packages/sklearn/pipeline.py", line 307, in _fit
28.5s 1546 **fit_params_steps[name])
28.5s 1547 File "/opt/conda/lib/python3.7/site-packages/joblib/memory.py", line 352, in __call__
28.5s 1548 return self.func(*args, **kwargs)
28.5s 1549 File "/opt/conda/lib/python3.7/site-packages/sklearn/pipeline.py", line 754, in _fit_transform_one
28.5s 1550 res = transformer.fit_transform(X, y, **fit_params)
28.5s 1551 File "/opt/conda/lib/python3.7/site-packages/sklearn/decomposition/_pca.py", line 376, in fit_transform
28.5s 1552 U, S, Vt = self._fit(X)
28.5s 1553 File "/opt/conda/lib/python3.7/site-packages/sklearn/decomposition/_pca.py", line 423, in _fit
28.5s 1554 return self._fit_full(X, n_components)
28.5s 1555 File "/opt/conda/lib/python3.7/site-packages/sklearn/decomposition/_pca.py", line 442, in _fit_full
28.5s 1556 % (n_components, min(n_samples, n_features)))
28.5s 1557 ValueError: n_components=64 must be between 0 and min(n_samples, n_features)=14 with svd_solver='full'
28.5s 1558 
28.5s 1559 FitFailedWarning)
28.5s 1560 /opt/conda/lib/python3.7/site-packages/sklearn/model_selection/_validation.py:614: FitFailedWarning: Estimator fit failed. The score on this train-test partition for these parameters will be set to nan. Details:
28.5s 1561 Traceback (most recent call last):
28.5s 1562 File "/opt/conda/lib/python3.7/site-packages/sklearn/model_selection/_validation.py", line 593, in _fit_and_score
28.5s 1563 estimator.fit(X_train, y_train, **fit_params)
28.5s 1564 File "/opt/conda/lib/python3.7/site-packages/sklearn/pipeline.py", line 341, in fit
28.5s 1565 Xt = self._fit(X, y, **fit_params_steps)
28.5s 1566 File "/opt/conda/lib/python3.7/site-packages/sklearn/pipeline.py", line 307, in _fit
28.5s 1567 **fit_params_steps[name])
28.5s 1568 File "/opt/conda/lib/python3.7/site-packages/joblib/memory.py", line 352, in __call__
28.5s 1569 return self.func(*args, **kwargs)
28.5s 1570 File "/opt/conda/lib/python3.7/site-packages/sklearn/pipeline.py", line 754, in _fit_transform_one
28.5s 1571 res = transformer.fit_transform(X, y, **fit_params)
28.5s 1572 File "/opt/conda/lib/python3.7/site-packages/sklearn/decomposition/_pca.py", line 376, in fit_transform
28.5s 1573 U, S, Vt = self._fit(X)
28.5s 1574 File "/opt/conda/lib/python3.7/site-packages/sklearn/decomposition/_pca.py", line 423, in _fit
28.5s 1575 return self._fit_full(X, n_components)
28.5s 1576 File "/opt/conda/lib/python3.7/site-packages/sklearn/decomposition/_pca.py", line 442, in _fit_full
28.5s 1577 % (n_components, min(n_samples, n_features)))
28.5s 1578 ValueError: n_components=64 must be between 0 and min(n_samples, n_features)=14 with svd_solver='full'
28.5s 1579 
28.5s 1580 FitFailedWarning)
28.5s 1581 /opt/conda/lib/python3.7/site-packages/sklearn/model_selection/_validation.py:614: FitFailedWarning: Estimator fit failed. The score on this train-test partition for these parameters will be set to nan. Details:
28.5s 1582 Traceback (most recent call last):
28.5s 1583 File "/opt/conda/lib/python3.7/site-packages/sklearn/model_selection/_validation.py", line 593, in _fit_and_score
28.5s 1584 estimator.fit(X_train, y_train, **fit_params)
28.5s 1585 File "/opt/conda/lib/python3.7/site-packages/sklearn/pipeline.py", line 341, in fit
28.5s 1586 Xt = self._fit(X, y, **fit_params_steps)
28.5s 1587 File "/opt/conda/lib/python3.7/site-packages/sklearn/pipeline.py", line 307, in _fit
28.5s 1588 **fit_params_steps[name])
28.5s 1589 File "/opt/conda/lib/python3.7/site-packages/joblib/memory.py", line 352, in __call__
28.5s 1590 return self.func(*args, **kwargs)
28.5s 1591 File "/opt/conda/lib/python3.7/site-packages/sklearn/pipeline.py", line 754, in _fit_transform_one
28.5s 1592 res = transformer.fit_transform(X, y, **fit_params)
28.5s 1593 File "/opt/conda/lib/python3.7/site-packages/sklearn/decomposition/_pca.py", line 376, in fit_transform
28.5s 1594 U, S, Vt = self._fit(X)
28.5s 1595 File "/opt/conda/lib/python3.7/site-packages/sklearn/decomposition/_pca.py", line 423, in _fit
28.5s 1596 return self._fit_full(X, n_components)
28.5s 1597 File "/opt/conda/lib/python3.7/site-packages/sklearn/decomposition/_pca.py", line 442, in _fit_full
28.5s 1598 % (n_components, min(n_samples, n_features)))
28.5s 1599 ValueError: n_components=64 must be between 0 and min(n_samples, n_features)=14 with svd_solver='full'
28.5s 1600 
28.5s 1601 FitFailedWarning)
28.5s 1602 /opt/conda/lib/python3.7/site-packages/sklearn/model_selection/_validation.py:614: FitFailedWarning: Estimator fit failed. The score on this train-test partition for these parameters will be set to nan. Details:
28.5s 1603 Traceback (most recent call last):
28.5s 1604 File "/opt/conda/lib/python3.7/site-packages/sklearn/model_selection/_validation.py", line 593, in _fit_and_score
28.5s 1605 estimator.fit(X_train, y_train, **fit_params)
28.5s 1606 File "/opt/conda/lib/python3.7/site-packages/sklearn/pipeline.py", line 341, in fit
28.5s 1607 Xt = self._fit(X, y, **fit_params_steps)
28.5s 1608 File "/opt/conda/lib/python3.7/site-packages/sklearn/pipeline.py", line 307, in _fit
28.5s 1609 **fit_params_steps[name])
28.5s 1610 File "/opt/conda/lib/python3.7/site-packages/joblib/memory.py", line 352, in __call__
28.5s 1611 return self.func(*args, **kwargs)
28.5s 1612 File "/opt/conda/lib/python3.7/site-packages/sklearn/pipeline.py", line 754, in _fit_transform_one
28.5s 1613 res = transformer.fit_transform(X, y, **fit_params)
28.5s 1614 File "/opt/conda/lib/python3.7/site-packages/sklearn/decomposition/_pca.py", line 376, in fit_transform
28.5s 1615 U, S, Vt = self._fit(X)
28.5s 1616 File "/opt/conda/lib/python3.7/site-packages/sklearn/decomposition/_pca.py", line 423, in _fit
28.5s 1617 return self._fit_full(X, n_components)
28.5s 1618 File "/opt/conda/lib/python3.7/site-packages/sklearn/decomposition/_pca.py", line 442, in _fit_full
28.5s 1619 % (n_components, min(n_samples, n_features)))
28.5s 1620 ValueError: n_components=64 must be between 0 and min(n_samples, n_features)=14 with svd_solver='full'
28.5s 1621 
28.5s 1622 FitFailedWarning)
28.5s 1623 /opt/conda/lib/python3.7/site-packages/sklearn/model_selection/_validation.py:614: FitFailedWarning: Estimator fit failed. The score on this train-test partition for these parameters will be set to nan. Details:
28.5s 1624 Traceback (most recent call last):
28.5s 1625 File "/opt/conda/lib/python3.7/site-packages/sklearn/model_selection/_validation.py", line 593, in _fit_and_score
28.5s 1626 estimator.fit(X_train, y_train, **fit_params)
28.5s 1627 File "/opt/conda/lib/python3.7/site-packages/sklearn/pipeline.py", line 341, in fit
28.5s 1628 Xt = self._fit(X, y, **fit_params_steps)
28.5s 1629 File "/opt/conda/lib/python3.7/site-packages/sklearn/pipeline.py", line 307, in _fit
28.5s 1630 **fit_params_steps[name])
28.5s 1631 File "/opt/conda/lib/python3.7/site-packages/joblib/memory.py", line 352, in __call__
28.5s 1632 return self.func(*args, **kwargs)
28.5s 1633 File "/opt/conda/lib/python3.7/site-packages/sklearn/pipeline.py", line 754, in _fit_transform_one
28.5s 1634 res = transformer.fit_transform(X, y, **fit_params)
28.5s 1635 File "/opt/conda/lib/python3.7/site-packages/sklearn/decomposition/_pca.py", line 376, in fit_transform
28.5s 1636 U, S, Vt = self._fit(X)
28.5s 1637 File "/opt/conda/lib/python3.7/site-packages/sklearn/decomposition/_pca.py", line 423, in _fit
28.5s 1638 return self._fit_full(X, n_components)
28.5s 1639 File "/opt/conda/lib/python3.7/site-packages/sklearn/decomposition/_pca.py", line 442, in _fit_full
28.5s 1640 % (n_components, min(n_samples, n_features)))
28.5s 1641 ValueError: n_components=15 must be between 0 and min(n_samples, n_features)=14 with svd_solver='full'
28.5s 1642 
28.5s 1643 FitFailedWarning)
28.5s 1644 /opt/conda/lib/python3.7/site-packages/sklearn/model_selection/_validation.py:614: FitFailedWarning: Estimator fit failed. The score on this train-test partition for these parameters will be set to nan. Details:
28.5s 1645 Traceback (most recent call last):
28.5s 1646 File "/opt/conda/lib/python3.7/site-packages/sklearn/model_selection/_validation.py", line 593, in _fit_and_score
28.5s 1647 estimator.fit(X_train, y_train, **fit_params)
28.5s 1648 File "/opt/conda/lib/python3.7/site-packages/sklearn/pipeline.py", line 341, in fit
28.5s 1649 Xt = self._fit(X, y, **fit_params_steps)
28.5s 1650 File "/opt/conda/lib/python3.7/site-packages/sklearn/pipeline.py", line 307, in _fit
28.5s 1651 **fit_params_steps[name])
28.5s 1652 File "/opt/conda/lib/python3.7/site-packages/joblib/memory.py", line 352, in __call__
28.5s 1653 return self.func(*args, **kwargs)
28.5s 1654 File "/opt/conda/lib/python3.7/site-packages/sklearn/pipeline.py", line 754, in _fit_transform_one
28.5s 1655 res = transformer.fit_transform(X, y, **fit_params)
28.5s 1656 File "/opt/conda/lib/python3.7/site-packages/sklearn/decomposition/_pca.py", line 376, in fit_transform
28.5s 1657 U, S, Vt = self._fit(X)
28.5s 1658 File "/opt/conda/lib/python3.7/site-packages/sklearn/decomposition/_pca.py", line 423, in _fit
28.5s 1659 return self._fit_full(X, n_components)
28.5s 1660 File "/opt/conda/lib/python3.7/site-packages/sklearn/decomposition/_pca.py", line 442, in _fit_full
28.5s 1661 % (n_components, min(n_samples, n_features)))
28.5s 1662 ValueError: n_components=30 must be between 0 and min(n_samples, n_features)=14 with svd_solver='full'
28.5s 1663 
28.5s 1664 FitFailedWarning)
28.5s 1665 /opt/conda/lib/python3.7/site-packages/sklearn/model_selection/_validation.py:614: FitFailedWarning: Estimator fit failed. The score on this train-test partition for these parameters will be set to nan. Details:
28.5s 1666 Traceback (most recent call last):
28.5s 1667 File "/opt/conda/lib/python3.7/site-packages/sklearn/model_selection/_validation.py", line 593, in _fit_and_score
28.5s 1668 estimator.fit(X_train, y_train, **fit_params)
28.5s 1669 File "/opt/conda/lib/python3.7/site-packages/sklearn/pipeline.py", line 341, in fit
28.5s 1670 Xt = self._fit(X, y, **fit_params_steps)
28.5s 1671 File "/opt/conda/lib/python3.7/site-packages/sklearn/pipeline.py", line 307, in _fit
28.5s 1672 **fit_params_steps[name])
28.5s 1673 File "/opt/conda/lib/python3.7/site-packages/joblib/memory.py", line 352, in __call__
28.5s 1674 return self.func(*args, **kwargs)
28.5s 1675 File "/opt/conda/lib/python3.7/site-packages/sklearn/pipeline.py", line 754, in _fit_transform_one
28.5s 1676 res = transformer.fit_transform(X, y, **fit_params)
28.5s 1677 File "/opt/conda/lib/python3.7/site-packages/sklearn/decomposition/_pca.py", line 376, in fit_transform
28.5s 1678 U, S, Vt = self._fit(X)
28.5s 1679 File "/opt/conda/lib/python3.7/site-packages/sklearn/decomposition/_pca.py", line 423, in _fit
28.5s 1680 return self._fit_full(X, n_components)
28.5s 1681 File "/opt/conda/lib/python3.7/site-packages/sklearn/decomposition/_pca.py", line 442, in _fit_full
28.5s 1682 % (n_components, min(n_samples, n_features)))
28.5s 1683 ValueError: n_components=45 must be between 0 and min(n_samples, n_features)=14 with svd_solver='full'
28.5s 1684 
28.5s 1685 FitFailedWarning)
28.5s 1686 /opt/conda/lib/python3.7/site-packages/sklearn/model_selection/_validation.py:614: FitFailedWarning: Estimator fit failed. The score on this train-test partition for these parameters will be set to nan. Details:
28.5s 1687 Traceback (most recent call last):
28.5s 1688 File "/opt/conda/lib/python3.7/site-packages/sklearn/model_selection/_validation.py", line 593, in _fit_and_score
28.5s 1689 estimator.fit(X_train, y_train, **fit_params)
28.5s 1690 File "/opt/conda/lib/python3.7/site-packages/sklearn/pipeline.py", line 341, in fit
28.5s 1691 Xt = self._fit(X, y, **fit_params_steps)
28.5s 1692 File "/opt/conda/lib/python3.7/site-packages/sklearn/pipeline.py", line 307, in _fit
28.5s 1693 **fit_params_steps[name])
28.5s 1694 File "/opt/conda/lib/python3.7/site-packages/joblib/memory.py", line 352, in __call__
28.5s 1695 return self.func(*args, **kwargs)
28.5s 1696 File "/opt/conda/lib/python3.7/site-packages/sklearn/pipeline.py", line 754, in _fit_transform_one
28.5s 1697 res = transformer.fit_transform(X, y, **fit_params)
28.5s 1698 File "/opt/conda/lib/python3.7/site-packages/sklearn/decomposition/_pca.py", line 376, in fit_transform
28.5s 1699 U, S, Vt = self._fit(X)
28.5s 1700 File "/opt/conda/lib/python3.7/site-packages/sklearn/decomposition/_pca.py", line 423, in _fit
28.5s 1701 return self._fit_full(X, n_components)
28.5s 1702 File "/opt/conda/lib/python3.7/site-packages/sklearn/decomposition/_pca.py", line 442, in _fit_full
28.5s 1703 % (n_components, min(n_samples, n_features)))
28.5s 1704 ValueError: n_components=45 must be between 0 and min(n_samples, n_features)=14 with svd_solver='full'
28.5s 1705 
28.5s 1706 FitFailedWarning)
28.5s 1707 /opt/conda/lib/python3.7/site-packages/sklearn/model_selection/_validation.py:614: FitFailedWarning: Estimator fit failed. The score on this train-test partition for these parameters will be set to nan. Details:
28.5s 1708 Traceback (most recent call last):
28.5s 1709 File "/opt/conda/lib/python3.7/site-packages/sklearn/model_selection/_validation.py", line 593, in _fit_and_score
28.5s 1710 estimator.fit(X_train, y_train, **fit_params)
28.5s 1711 File "/opt/conda/lib/python3.7/site-packages/sklearn/pipeline.py", line 341, in fit
28.5s 1712 Xt = self._fit(X, y, **fit_params_steps)
28.5s 1713 File "/opt/conda/lib/python3.7/site-packages/sklearn/pipeline.py", line 307, in _fit
28.5s 1714 **fit_params_steps[name])
28.5s 1715 File "/opt/conda/lib/python3.7/site-packages/joblib/memory.py", line 352, in __call__
28.5s 1716 return self.func(*args, **kwargs)
28.5s 1717 File "/opt/conda/lib/python3.7/site-packages/sklearn/pipeline.py", line 754, in _fit_transform_one
28.5s 1718 res = transformer.fit_transform(X, y, **fit_params)
28.5s 1719 File "/opt/conda/lib/python3.7/site-packages/sklearn/decomposition/_pca.py", line 376, in fit_transform
28.5s 1720 U, S, Vt = self._fit(X)
28.5s 1721 File "/opt/conda/lib/python3.7/site-packages/sklearn/decomposition/_pca.py", line 423, in _fit
28.5s 1722 return self._fit_full(X, n_components)
28.5s 1723 File "/opt/conda/lib/python3.7/site-packages/sklearn/decomposition/_pca.py", line 442, in _fit_full
28.5s 1724 % (n_components, min(n_samples, n_features)))
28.5s 1725 ValueError: n_components=64 must be between 0 and min(n_samples, n_features)=14 with svd_solver='full'
28.5s 1726 
28.5s 1727 FitFailedWarning)
28.5s 1728 /opt/conda/lib/python3.7/site-packages/sklearn/model_selection/_validation.py:614: FitFailedWarning: Estimator fit failed. The score on this train-test partition for these parameters will be set to nan. Details:
28.5s 1729 Traceback (most recent call last):
28.5s 1730 File "/opt/conda/lib/python3.7/site-packages/sklearn/model_selection/_validation.py", line 593, in _fit_and_score
28.5s 1731 estimator.fit(X_train, y_train, **fit_params)
28.5s 1732 File "/opt/conda/lib/python3.7/site-packages/sklearn/pipeline.py", line 341, in fit
28.5s 1733 Xt = self._fit(X, y, **fit_params_steps)
28.5s 1734 File "/opt/conda/lib/python3.7/site-packages/sklearn/pipeline.py", line 307, in _fit
28.5s 1735 **fit_params_steps[name])
28.5s 1736 File "/opt/conda/lib/python3.7/site-packages/joblib/memory.py", line 352, in __call__
28.5s 1737 return self.func(*args, **kwargs)
28.5s 1738 File "/opt/conda/lib/python3.7/site-packages/sklearn/pipeline.py", line 754, in _fit_transform_one
28.5s 1739 res = transformer.fit_transform(X, y, **fit_params)
28.5s 1740 File "/opt/conda/lib/python3.7/site-packages/sklearn/decomposition/_pca.py", line 376, in fit_transform
28.5s 1741 U, S, Vt = self._fit(X)
28.5s 1742 File "/opt/conda/lib/python3.7/site-packages/sklearn/decomposition/_pca.py", line 423, in _fit
28.5s 1743 return self._fit_full(X, n_components)
28.5s 1744 File "/opt/conda/lib/python3.7/site-packages/sklearn/decomposition/_pca.py", line 442, in _fit_full
28.5s 1745 % (n_components, min(n_samples, n_features)))
28.5s 1746 ValueError: n_components=64 must be between 0 and min(n_samples, n_features)=14 with svd_solver='full'
28.5s 1747 
28.5s 1748 FitFailedWarning)
28.5s 1749 /opt/conda/lib/python3.7/site-packages/sklearn/model_selection/_validation.py:614: FitFailedWarning: Estimator fit failed. The score on this train-test partition for these parameters will be set to nan. Details:
28.5s 1750 Traceback (most recent call last):
28.5s 1751 File "/opt/conda/lib/python3.7/site-packages/sklearn/model_selection/_validation.py", line 593, in _fit_and_score
28.5s 1752 estimator.fit(X_train, y_train, **fit_params)
28.5s 1753 File "/opt/conda/lib/python3.7/site-packages/sklearn/pipeline.py", line 341, in fit
28.5s 1754 Xt = self._fit(X, y, **fit_params_steps)
28.5s 1755 File "/opt/conda/lib/python3.7/site-packages/sklearn/pipeline.py", line 307, in _fit
28.5s 1756 **fit_params_steps[name])
28.5s 1757 File "/opt/conda/lib/python3.7/site-packages/joblib/memory.py", line 352, in __call__
28.5s 1758 return self.func(*args, **kwargs)
28.5s 1759 File "/opt/conda/lib/python3.7/site-packages/sklearn/pipeline.py", line 754, in _fit_transform_one
28.5s 1760 res = transformer.fit_transform(X, y, **fit_params)
28.5s 1761 File "/opt/conda/lib/python3.7/site-packages/sklearn/decomposition/_pca.py", line 376, in fit_transform
28.5s 1762 U, S, Vt = self._fit(X)
28.5s 1763 File "/opt/conda/lib/python3.7/site-packages/sklearn/decomposition/_pca.py", line 423, in _fit
28.5s 1764 return self._fit_full(X, n_components)
28.5s 1765 File "/opt/conda/lib/python3.7/site-packages/sklearn/decomposition/_pca.py", line 442, in _fit_full
28.5s 1766 % (n_components, min(n_samples, n_features)))
28.5s 1767 ValueError: n_components=15 must be between 0 and min(n_samples, n_features)=14 with svd_solver='full'
28.5s 1768 
28.5s 1769 FitFailedWarning)
28.5s 1770 /opt/conda/lib/python3.7/site-packages/sklearn/model_selection/_validation.py:614: FitFailedWarning: Estimator fit failed. The score on this train-test partition for these parameters will be set to nan. Details:
28.5s 1771 Traceback (most recent call last):
28.5s 1772 File "/opt/conda/lib/python3.7/site-packages/sklearn/model_selection/_validation.py", line 593, in _fit_and_score
28.5s 1773 estimator.fit(X_train, y_train, **fit_params)
28.5s 1774 File "/opt/conda/lib/python3.7/site-packages/sklearn/pipeline.py", line 341, in fit
28.5s 1775 Xt = self._fit(X, y, **fit_params_steps)
28.5s 1776 File "/opt/conda/lib/python3.7/site-packages/sklearn/pipeline.py", line 307, in _fit
28.5s 1777 **fit_params_steps[name])
28.5s 1778 File "/opt/conda/lib/python3.7/site-packages/joblib/memory.py", line 352, in __call__
28.5s 1779 return self.func(*args, **kwargs)
28.5s 1780 File "/opt/conda/lib/python3.7/site-packages/sklearn/pipeline.py", line 754, in _fit_transform_one
28.5s 1781 res = transformer.fit_transform(X, y, **fit_params)
28.5s 1782 File "/opt/conda/lib/python3.7/site-packages/sklearn/decomposition/_pca.py", line 376, in fit_transform
28.5s 1783 U, S, Vt = self._fit(X)
28.5s 1784 File "/opt/conda/lib/python3.7/site-packages/sklearn/decomposition/_pca.py", line 423, in _fit
28.5s 1785 return self._fit_full(X, n_components)
28.5s 1786 File "/opt/conda/lib/python3.7/site-packages/sklearn/decomposition/_pca.py", line 442, in _fit_full
28.5s 1787 % (n_components, min(n_samples, n_features)))
28.5s 1788 ValueError: n_components=45 must be between 0 and min(n_samples, n_features)=14 with svd_solver='full'
28.5s 1789 
28.5s 1790 FitFailedWarning)
28.5s 1791 /opt/conda/lib/python3.7/site-packages/sklearn/model_selection/_validation.py:614: FitFailedWarning: Estimator fit failed. The score on this train-test partition for these parameters will be set to nan. Details:
28.5s 1792 Traceback (most recent call last):
28.5s 1793 File "/opt/conda/lib/python3.7/site-packages/sklearn/model_selection/_validation.py", line 593, in _fit_and_score
28.5s 1794 estimator.fit(X_train, y_train, **fit_params)
28.5s 1795 File "/opt/conda/lib/python3.7/site-packages/sklearn/pipeline.py", line 341, in fit
28.5s 1796 Xt = self._fit(X, y, **fit_params_steps)
28.5s 1797 File "/opt/conda/lib/python3.7/site-packages/sklearn/pipeline.py", line 307, in _fit
28.5s 1798 **fit_params_steps[name])
28.5s 1799 File "/opt/conda/lib/python3.7/site-packages/joblib/memory.py", line 352, in __call__
28.5s 1800 return self.func(*args, **kwargs)
28.5s 1801 File "/opt/conda/lib/python3.7/site-packages/sklearn/pipeline.py", line 754, in _fit_transform_one
28.5s 1802 res = transformer.fit_transform(X, y, **fit_params)
28.5s 1803 File "/opt/conda/lib/python3.7/site-packages/sklearn/decomposition/_pca.py", line 376, in fit_transform
28.5s 1804 U, S, Vt = self._fit(X)
28.5s 1805 File "/opt/conda/lib/python3.7/site-packages/sklearn/decomposition/_pca.py", line 423, in _fit
28.5s 1806 return self._fit_full(X, n_components)
28.5s 1807 File "/opt/conda/lib/python3.7/site-packages/sklearn/decomposition/_pca.py", line 442, in _fit_full
28.5s 1808 % (n_components, min(n_samples, n_features)))
28.5s 1809 ValueError: n_components=30 must be between 0 and min(n_samples, n_features)=14 with svd_solver='full'
28.5s 1810 
28.5s 1811 FitFailedWarning)
28.5s 1812 /opt/conda/lib/python3.7/site-packages/sklearn/model_selection/_validation.py:614: FitFailedWarning: Estimator fit failed. The score on this train-test partition for these parameters will be set to nan. Details:
28.5s 1813 Traceback (most recent call last):
28.5s 1814 File "/opt/conda/lib/python3.7/site-packages/sklearn/model_selection/_validation.py", line 593, in _fit_and_score
28.5s 1815 estimator.fit(X_train, y_train, **fit_params)
28.5s 1816 File "/opt/conda/lib/python3.7/site-packages/sklearn/pipeline.py", line 341, in fit
28.5s 1817 Xt = self._fit(X, y, **fit_params_steps)
28.5s 1818 File "/opt/conda/lib/python3.7/site-packages/sklearn/pipeline.py", line 307, in _fit
28.5s 1819 **fit_params_steps[name])
28.5s 1820 File "/opt/conda/lib/python3.7/site-packages/joblib/memory.py", line 352, in __call__
28.5s 1821 return self.func(*args, **kwargs)
28.5s 1822 File "/opt/conda/lib/python3.7/site-packages/sklearn/pipeline.py", line 754, in _fit_transform_one
28.5s 1823 res = transformer.fit_transform(X, y, **fit_params)
28.5s 1824 File "/opt/conda/lib/python3.7/site-packages/sklearn/decomposition/_pca.py", line 376, in fit_transform
28.5s 1825 U, S, Vt = self._fit(X)
28.5s 1826 File "/opt/conda/lib/python3.7/site-packages/sklearn/decomposition/_pca.py", line 423, in _fit
28.5s 1827 return self._fit_full(X, n_components)
28.5s 1828 File "/opt/conda/lib/python3.7/site-packages/sklearn/decomposition/_pca.py", line 442, in _fit_full
28.5s 1829 % (n_components, min(n_samples, n_features)))
28.5s 1830 ValueError: n_components=45 must be between 0 and min(n_samples, n_features)=14 with svd_solver='full'
28.5s 1831 
28.5s 1832 FitFailedWarning)
28.5s 1833 /opt/conda/lib/python3.7/site-packages/sklearn/model_selection/_validation.py:614: FitFailedWarning: Estimator fit failed. The score on this train-test partition for these parameters will be set to nan. Details:
28.5s 1834 Traceback (most recent call last):
28.5s 1835 File "/opt/conda/lib/python3.7/site-packages/sklearn/model_selection/_validation.py", line 593, in _fit_and_score
28.5s 1836 estimator.fit(X_train, y_train, **fit_params)
28.5s 1837 File "/opt/conda/lib/python3.7/site-packages/sklearn/pipeline.py", line 341, in fit
28.5s 1838 Xt = self._fit(X, y, **fit_params_steps)
28.5s 1839 File "/opt/conda/lib/python3.7/site-packages/sklearn/pipeline.py", line 307, in _fit
28.5s 1840 **fit_params_steps[name])
28.5s 1841 File "/opt/conda/lib/python3.7/site-packages/joblib/memory.py", line 352, in __call__
28.5s 1842 return self.func(*args, **kwargs)
28.5s 1843 File "/opt/conda/lib/python3.7/site-packages/sklearn/pipeline.py", line 754, in _fit_transform_one
28.5s 1844 res = transformer.fit_transform(X, y, **fit_params)
28.5s 1845 File "/opt/conda/lib/python3.7/site-packages/sklearn/decomposition/_pca.py", line 376, in fit_transform
28.5s 1846 U, S, Vt = self._fit(X)
28.5s 1847 File "/opt/conda/lib/python3.7/site-packages/sklearn/decomposition/_pca.py", line 423, in _fit
28.5s 1848 return self._fit_full(X, n_components)
28.5s 1849 File "/opt/conda/lib/python3.7/site-packages/sklearn/decomposition/_pca.py", line 442, in _fit_full
28.5s 1850 % (n_components, min(n_samples, n_features)))
28.5s 1851 ValueError: n_components=45 must be between 0 and min(n_samples, n_features)=14 with svd_solver='full'
28.5s 1852 
28.5s 1853 FitFailedWarning)
28.5s 1854 /opt/conda/lib/python3.7/site-packages/sklearn/model_selection/_validation.py:614: FitFailedWarning: Estimator fit failed. The score on this train-test partition for these parameters will be set to nan. Details:
28.5s 1855 Traceback (most recent call last):
28.5s 1856 File "/opt/conda/lib/python3.7/site-packages/sklearn/model_selection/_validation.py", line 593, in _fit_and_score
28.5s 1857 estimator.fit(X_train, y_train, **fit_params)
28.5s 1858 File "/opt/conda/lib/python3.7/site-packages/sklearn/pipeline.py", line 341, in fit
28.5s 1859 Xt = self._fit(X, y, **fit_params_steps)
28.5s 1860 File "/opt/conda/lib/python3.7/site-packages/sklearn/pipeline.py", line 307, in _fit
28.5s 1861 **fit_params_steps[name])
28.5s 1862 File "/opt/conda/lib/python3.7/site-packages/joblib/memory.py", line 352, in __call__
28.5s 1863 return self.func(*args, **kwargs)
28.5s 1864 File "/opt/conda/lib/python3.7/site-packages/sklearn/pipeline.py", line 754, in _fit_transform_one
28.5s 1865 res = transformer.fit_transform(X, y, **fit_params)
28.5s 1866 File "/opt/conda/lib/python3.7/site-packages/sklearn/decomposition/_pca.py", line 376, in fit_transform
28.5s 1867 U, S, Vt = self._fit(X)
28.5s 1868 File "/opt/conda/lib/python3.7/site-packages/sklearn/decomposition/_pca.py", line 423, in _fit
28.5s 1869 return self._fit_full(X, n_components)
28.5s 1870 File "/opt/conda/lib/python3.7/site-packages/sklearn/decomposition/_pca.py", line 442, in _fit_full
28.5s 1871 % (n_components, min(n_samples, n_features)))
28.5s 1872 ValueError: n_components=45 must be between 0 and min(n_samples, n_features)=14 with svd_solver='full'
28.5s 1873 
28.5s 1874 FitFailedWarning)
28.5s 1875 /opt/conda/lib/python3.7/site-packages/sklearn/model_selection/_validation.py:614: FitFailedWarning: Estimator fit failed. The score on this train-test partition for these parameters will be set to nan. Details:
28.5s 1876 Traceback (most recent call last):
28.5s 1877 File "/opt/conda/lib/python3.7/site-packages/sklearn/model_selection/_validation.py", line 593, in _fit_and_score
28.5s 1878 estimator.fit(X_train, y_train, **fit_params)
28.5s 1879 File "/opt/conda/lib/python3.7/site-packages/sklearn/pipeline.py", line 341, in fit
28.5s 1880 Xt = self._fit(X, y, **fit_params_steps)
28.5s 1881 File "/opt/conda/lib/python3.7/site-packages/sklearn/pipeline.py", line 307, in _fit
28.5s 1882 **fit_params_steps[name])
28.5s 1883 File "/opt/conda/lib/python3.7/site-packages/joblib/memory.py", line 352, in __call__
28.5s 1884 return self.func(*args, **kwargs)
28.5s 1885 File "/opt/conda/lib/python3.7/site-packages/sklearn/pipeline.py", line 754, in _fit_transform_one
28.5s 1886 res = transformer.fit_transform(X, y, **fit_params)
28.5s 1887 File "/opt/conda/lib/python3.7/site-packages/sklearn/decomposition/_pca.py", line 376, in fit_transform
28.5s 1888 U, S, Vt = self._fit(X)
28.5s 1889 File "/opt/conda/lib/python3.7/site-packages/sklearn/decomposition/_pca.py", line 423, in _fit
28.5s 1890 return self._fit_full(X, n_components)
28.5s 1891 File "/opt/conda/lib/python3.7/site-packages/sklearn/decomposition/_pca.py", line 442, in _fit_full
28.5s 1892 % (n_components, min(n_samples, n_features)))
28.5s 1893 ValueError: n_components=45 must be between 0 and min(n_samples, n_features)=14 with svd_solver='full'
28.5s 1894 
28.5s 1895 FitFailedWarning)
28.5s 1896 /opt/conda/lib/python3.7/site-packages/sklearn/model_selection/_validation.py:614: FitFailedWarning: Estimator fit failed. The score on this train-test partition for these parameters will be set to nan. Details:
28.5s 1897 Traceback (most recent call last):
28.5s 1898 File "/opt/conda/lib/python3.7/site-packages/sklearn/model_selection/_validation.py", line 593, in _fit_and_score
28.5s 1899 estimator.fit(X_train, y_train, **fit_params)
28.5s 1900 File "/opt/conda/lib/python3.7/site-packages/sklearn/pipeline.py", line 341, in fit
28.5s 1901 Xt = self._fit(X, y, **fit_params_steps)
28.5s 1902 File "/opt/conda/lib/python3.7/site-packages/sklearn/pipeline.py", line 307, in _fit
28.5s 1903 **fit_params_steps[name])
28.5s 1904 File "/opt/conda/lib/python3.7/site-packages/joblib/memory.py", line 352, in __call__
28.5s 1905 return self.func(*args, **kwargs)
28.5s 1906 File "/opt/conda/lib/python3.7/site-packages/sklearn/pipeline.py", line 754, in _fit_transform_one
28.5s 1907 res = transformer.fit_transform(X, y, **fit_params)
28.5s 1908 File "/opt/conda/lib/python3.7/site-packages/sklearn/decomposition/_pca.py", line 376, in fit_transform
28.5s 1909 U, S, Vt = self._fit(X)
28.5s 1910 File "/opt/conda/lib/python3.7/site-packages/sklearn/decomposition/_pca.py", line 423, in _fit
28.5s 1911 return self._fit_full(X, n_components)
28.5s 1912 File "/opt/conda/lib/python3.7/site-packages/sklearn/decomposition/_pca.py", line 442, in _fit_full
28.5s 1913 % (n_components, min(n_samples, n_features)))
28.5s 1914 ValueError: n_components=64 must be between 0 and min(n_samples, n_features)=14 with svd_solver='full'
28.5s 1915 
28.5s 1916 FitFailedWarning)
28.5s 1917 /opt/conda/lib/python3.7/site-packages/sklearn/model_selection/_validation.py:614: FitFailedWarning: Estimator fit failed. The score on this train-test partition for these parameters will be set to nan. Details:
28.5s 1918 Traceback (most recent call last):
28.5s 1919 File "/opt/conda/lib/python3.7/site-packages/sklearn/model_selection/_validation.py", line 593, in _fit_and_score
28.5s 1920 estimator.fit(X_train, y_train, **fit_params)
28.5s 1921 File "/opt/conda/lib/python3.7/site-packages/sklearn/pipeline.py", line 341, in fit
28.5s 1922 Xt = self._fit(X, y, **fit_params_steps)
28.5s 1923 File "/opt/conda/lib/python3.7/site-packages/sklearn/pipeline.py", line 307, in _fit
28.5s 1924 **fit_params_steps[name])
28.5s 1925 File "/opt/conda/lib/python3.7/site-packages/joblib/memory.py", line 352, in __call__
28.5s 1926 return self.func(*args, **kwargs)
28.5s 1927 File "/opt/conda/lib/python3.7/site-packages/sklearn/pipeline.py", line 754, in _fit_transform_one
28.5s 1928 res = transformer.fit_transform(X, y, **fit_params)
28.5s 1929 File "/opt/conda/lib/python3.7/site-packages/sklearn/decomposition/_pca.py", line 376, in fit_transform
28.5s 1930 U, S, Vt = self._fit(X)
28.5s 1931 File "/opt/conda/lib/python3.7/site-packages/sklearn/decomposition/_pca.py", line 423, in _fit
28.5s 1932 return self._fit_full(X, n_components)
28.5s 1933 File "/opt/conda/lib/python3.7/site-packages/sklearn/decomposition/_pca.py", line 442, in _fit_full
28.5s 1934 % (n_components, min(n_samples, n_features)))
28.5s 1935 ValueError: n_components=64 must be between 0 and min(n_samples, n_features)=14 with svd_solver='full'
28.5s 1936 
28.5s 1937 FitFailedWarning)
28.5s 1938 /opt/conda/lib/python3.7/site-packages/sklearn/model_selection/_validation.py:614: FitFailedWarning: Estimator fit failed. The score on this train-test partition for these parameters will be set to nan. Details:
28.5s 1939 Traceback (most recent call last):
28.5s 1940 File "/opt/conda/lib/python3.7/site-packages/sklearn/model_selection/_validation.py", line 593, in _fit_and_score
28.5s 1941 estimator.fit(X_train, y_train, **fit_params)
28.5s 1942 File "/opt/conda/lib/python3.7/site-packages/sklearn/pipeline.py", line 341, in fit
28.5s 1943 Xt = self._fit(X, y, **fit_params_steps)
28.5s 1944 File "/opt/conda/lib/python3.7/site-packages/sklearn/pipeline.py", line 307, in _fit
28.5s 1945 **fit_params_steps[name])
28.5s 1946 File "/opt/conda/lib/python3.7/site-packages/joblib/memory.py", line 352, in __call__
28.5s 1947 return self.func(*args, **kwargs)
28.5s 1948 File "/opt/conda/lib/python3.7/site-packages/sklearn/pipeline.py", line 754, in _fit_transform_one
28.5s 1949 res = transformer.fit_transform(X, y, **fit_params)
28.5s 1950 File "/opt/conda/lib/python3.7/site-packages/sklearn/decomposition/_pca.py", line 376, in fit_transform
28.5s 1951 U, S, Vt = self._fit(X)
28.5s 1952 File "/opt/conda/lib/python3.7/site-packages/sklearn/decomposition/_pca.py", line 423, in _fit
28.5s 1953 return self._fit_full(X, n_components)
28.5s 1954 File "/opt/conda/lib/python3.7/site-packages/sklearn/decomposition/_pca.py", line 442, in _fit_full
28.5s 1955 % (n_components, min(n_samples, n_features)))
28.5s 1956 ValueError: n_components=64 must be between 0 and min(n_samples, n_features)=14 with svd_solver='full'
28.5s 1957 
28.5s 1958 FitFailedWarning)
28.5s 1959 /opt/conda/lib/python3.7/site-packages/sklearn/model_selection/_validation.py:614: FitFailedWarning: Estimator fit failed. The score on this train-test partition for these parameters will be set to nan. Details:
28.5s 1960 Traceback (most recent call last):
28.5s 1961 File "/opt/conda/lib/python3.7/site-packages/sklearn/model_selection/_validation.py", line 593, in _fit_and_score
28.5s 1962 estimator.fit(X_train, y_train, **fit_params)
28.5s 1963 File "/opt/conda/lib/python3.7/site-packages/sklearn/pipeline.py", line 341, in fit
28.5s 1964 Xt = self._fit(X, y, **fit_params_steps)
28.5s 1965 File "/opt/conda/lib/python3.7/site-packages/sklearn/pipeline.py", line 307, in _fit
28.5s 1966 **fit_params_steps[name])
28.5s 1967 File "/opt/conda/lib/python3.7/site-packages/joblib/memory.py", line 352, in __call__
28.5s 1968 return self.func(*args, **kwargs)
28.5s 1969 File "/opt/conda/lib/python3.7/site-packages/sklearn/pipeline.py", line 754, in _fit_transform_one
28.5s 1970 res = transformer.fit_transform(X, y, **fit_params)
28.5s 1971 File "/opt/conda/lib/python3.7/site-packages/sklearn/decomposition/_pca.py", line 376, in fit_transform
28.5s 1972 U, S, Vt = self._fit(X)
28.5s 1973 File "/opt/conda/lib/python3.7/site-packages/sklearn/decomposition/_pca.py", line 423, in _fit
28.5s 1974 return self._fit_full(X, n_components)
28.5s 1975 File "/opt/conda/lib/python3.7/site-packages/sklearn/decomposition/_pca.py", line 442, in _fit_full
28.5s 1976 % (n_components, min(n_samples, n_features)))
28.5s 1977 ValueError: n_components=64 must be between 0 and min(n_samples, n_features)=14 with svd_solver='full'
28.5s 1978 
28.5s 1979 FitFailedWarning)
28.5s 1980 /opt/conda/lib/python3.7/site-packages/sklearn/model_selection/_validation.py:614: FitFailedWarning: Estimator fit failed. The score on this train-test partition for these parameters will be set to nan. Details:
28.5s 1981 Traceback (most recent call last):
28.5s 1982 File "/opt/conda/lib/python3.7/site-packages/sklearn/model_selection/_validation.py", line 593, in _fit_and_score
28.5s 1983 estimator.fit(X_train, y_train, **fit_params)
28.5s 1984 File "/opt/conda/lib/python3.7/site-packages/sklearn/pipeline.py", line 341, in fit
28.5s 1985 Xt = self._fit(X, y, **fit_params_steps)
28.5s 1986 File "/opt/conda/lib/python3.7/site-packages/sklearn/pipeline.py", line 307, in _fit
28.5s 1987 **fit_params_steps[name])
28.5s 1988 File "/opt/conda/lib/python3.7/site-packages/joblib/memory.py", line 352, in __call__
28.5s 1989 return self.func(*args, **kwargs)
28.5s 1990 File "/opt/conda/lib/python3.7/site-packages/sklearn/pipeline.py", line 754, in _fit_transform_one
28.5s 1991 res = transformer.fit_transform(X, y, **fit_params)
28.5s 1992 File "/opt/conda/lib/python3.7/site-packages/sklearn/decomposition/_pca.py", line 376, in fit_transform
28.5s 1993 U, S, Vt = self._fit(X)
28.5s 1994 File "/opt/conda/lib/python3.7/site-packages/sklearn/decomposition/_pca.py", line 423, in _fit
28.5s 1995 return self._fit_full(X, n_components)
28.5s 1996 File "/opt/conda/lib/python3.7/site-packages/sklearn/decomposition/_pca.py", line 442, in _fit_full
28.5s 1997 % (n_components, min(n_samples, n_features)))
28.5s 1998 ValueError: n_components=64 must be between 0 and min(n_samples, n_features)=14 with svd_solver='full'
28.5s 1999 
28.5s 2000 FitFailedWarning)
28.5s 2001 /opt/conda/lib/python3.7/site-packages/sklearn/model_selection/_validation.py:614: FitFailedWarning: Estimator fit failed. The score on this train-test partition for these parameters will be set to nan. Details:
28.5s 2002 Traceback (most recent call last):
28.5s 2003 File "/opt/conda/lib/python3.7/site-packages/sklearn/model_selection/_validation.py", line 593, in _fit_and_score
28.5s 2004 estimator.fit(X_train, y_train, **fit_params)
28.5s 2005 File "/opt/conda/lib/python3.7/site-packages/sklearn/pipeline.py", line 341, in fit
28.5s 2006 Xt = self._fit(X, y, **fit_params_steps)
28.5s 2007 File "/opt/conda/lib/python3.7/site-packages/sklearn/pipeline.py", line 307, in _fit
28.5s 2008 **fit_params_steps[name])
28.5s 2009 File "/opt/conda/lib/python3.7/site-packages/joblib/memory.py", line 352, in __call__
28.5s 2010 return self.func(*args, **kwargs)
28.5s 2011 File "/opt/conda/lib/python3.7/site-packages/sklearn/pipeline.py", line 754, in _fit_transform_one
28.5s 2012 res = transformer.fit_transform(X, y, **fit_params)
28.5s 2013 File "/opt/conda/lib/python3.7/site-packages/sklearn/decomposition/_pca.py", line 376, in fit_transform
28.5s 2014 U, S, Vt = self._fit(X)
28.5s 2015 File "/opt/conda/lib/python3.7/site-packages/sklearn/decomposition/_pca.py", line 423, in _fit
28.5s 2016 return self._fit_full(X, n_components)
28.5s 2017 File "/opt/conda/lib/python3.7/site-packages/sklearn/decomposition/_pca.py", line 442, in _fit_full
28.5s 2018 % (n_components, min(n_samples, n_features)))
28.5s 2019 ValueError: n_components=64 must be between 0 and min(n_samples, n_features)=14 with svd_solver='full'
28.5s 2020 
28.5s 2021 FitFailedWarning)
28.5s 2022 /opt/conda/lib/python3.7/site-packages/sklearn/model_selection/_validation.py:614: FitFailedWarning: Estimator fit failed. The score on this train-test partition for these parameters will be set to nan. Details:
28.5s 2023 Traceback (most recent call last):
28.5s 2024 File "/opt/conda/lib/python3.7/site-packages/sklearn/model_selection/_validation.py", line 593, in _fit_and_score
28.5s 2025 estimator.fit(X_train, y_train, **fit_params)
28.5s 2026 File "/opt/conda/lib/python3.7/site-packages/sklearn/pipeline.py", line 341, in fit
28.5s 2027 Xt = self._fit(X, y, **fit_params_steps)
28.5s 2028 File "/opt/conda/lib/python3.7/site-packages/sklearn/pipeline.py", line 307, in _fit
28.5s 2029 **fit_params_steps[name])
28.5s 2030 File "/opt/conda/lib/python3.7/site-packages/joblib/memory.py", line 352, in __call__
28.5s 2031 return self.func(*args, **kwargs)
28.5s 2032 File "/opt/conda/lib/python3.7/site-packages/sklearn/pipeline.py", line 754, in _fit_transform_one
28.5s 2033 res = transformer.fit_transform(X, y, **fit_params)
28.5s 2034 File "/opt/conda/lib/python3.7/site-packages/sklearn/decomposition/_pca.py", line 376, in fit_transform
28.5s 2035 U, S, Vt = self._fit(X)
28.5s 2036 File "/opt/conda/lib/python3.7/site-packages/sklearn/decomposition/_pca.py", line 423, in _fit
28.5s 2037 return self._fit_full(X, n_components)
28.5s 2038 File "/opt/conda/lib/python3.7/site-packages/sklearn/decomposition/_pca.py", line 442, in _fit_full
28.5s 2039 % (n_components, min(n_samples, n_features)))
28.5s 2040 ValueError: n_components=64 must be between 0 and min(n_samples, n_features)=14 with svd_solver='full'
28.5s 2041 
28.5s 2042 FitFailedWarning)
28.7s 2043 [CV 5/5] END clf__var_smoothing=1.2328467394420635e-09, pca__n_components=15; total time=   0.0s----------------------------------------------------------------------
28.7s 2044 Model :  svm
28.7s 2045 ----------------------------------------------------------------------
28.7s 2046 
28.7s 2047 precision    recall  f1-score   support
28.7s 2048 
28.7s 2049 0.0       1.00      0.94      0.97        51
28.7s 2050 1.0       0.96      1.00      0.98        81
28.7s 2051 
28.7s 2052 accuracy                           0.98       132
28.7s 2053 macro avg       0.98      0.97      0.98       132
28.7s 2054 weighted avg       0.98      0.98      0.98       132
28.7s 2055 
28.7s 2056 
28.7s 2057 ----------------------------------------------------------------------
28.7s 2058 Model :  random_forest
28.7s 2059 ----------------------------------------------------------------------
28.7s 2060 
28.7s 2061 precision    recall  f1-score   support
28.7s 2062 
28.7s 2063 0.0       1.00      0.96      0.98        50
28.7s 2064 1.0       0.98      1.00      0.99        82
28.7s 2065 
28.7s 2066 accuracy                           0.98       132
28.7s 2067 macro avg       0.99      0.98      0.98       132
28.7s 2068 weighted avg       0.99      0.98      0.98       132
28.7s 2069 
28.7s 2070 
28.7s 2071 ----------------------------------------------------------------------
28.7s 2072 Model :  logistic_regression
28.7s 2073 ----------------------------------------------------------------------
28.7s 2074 
28.7s 2075 precision    recall  f1-score   support
28.7s 2076 
28.7s 2077 0.0       1.00      0.96      0.98        50
28.7s 2078 1.0       0.98      1.00      0.99        82
28.7s 2079 
28.7s 2080 accuracy                           0.98       132
28.7s 2081 macro avg       0.99      0.98      0.98       132
28.7s 2082 weighted avg       0.99      0.98      0.98       132
28.7s 2083 
28.7s 2084 
28.7s 2085 ----------------------------------------------------------------------
28.7s 2086 Model :  decision_tree
28.7s 2087 ----------------------------------------------------------------------
28.7s 2088 
28.7s 2089 precision    recall  f1-score   support
28.7s 2090 
28.7s 2091 0.0       1.00      0.96      0.98        50
28.7s 2092 1.0       0.98      1.00      0.99        82
28.7s 2093 
28.7s 2094 accuracy                           0.98       132
28.7s 2095 macro avg       0.99      0.98      0.98       132
28.7s 2096 weighted avg       0.99      0.98      0.98       132
28.7s 2097 
28.7s 2098 
28.7s 2099 ----------------------------------------------------------------------
28.7s 2100 Model :  knn
28.7s 2101 ----------------------------------------------------------------------
28.7s 2102 
28.7s 2103 precision    recall  f1-score   support
28.7s 2104 
28.7s 2105 0.0       1.00      0.96      0.98        50
28.7s 2106 1.0       0.98      1.00      0.99        82
28.7s 2107 
28.7s 2108 accuracy                           0.98       132
28.7s 2109 macro avg       0.99      0.98      0.98       132
28.7s 2110 weighted avg       0.99      0.98      0.98       132
28.7s 2111 
28.7s 2112 
28.7s 2113 ----------------------------------------------------------------------
28.7s 2114 Model :  naive_bayes
28.7s 2115 ----------------------------------------------------------------------
28.7s 2116 
28.7s 2117 precision    recall  f1-score   support
28.7s 2118 
28.7s 2119 0.0       1.00      0.91      0.95        53
28.7s 2120 1.0       0.94      1.00      0.97        79
28.7s 2121 
28.7s 2122 accuracy                           0.96       132
28.7s 2123 macro avg       0.97      0.95      0.96       132
28.7s 2124 weighted avg       0.96      0.96      0.96       132
28.7s 2125 
28.7s 2126 
29.2s 2127 precision    recall  f1-score   support
29.2s 2128 
29.2s 2129 0.0       1.00      0.96      0.98        50
29.2s 2130 1.0       0.98      1.00      0.99        82
29.2s 2131 
29.2s 2132 accuracy                           0.98       132
29.2s 2133 macro avg       0.99      0.98      0.98       132
29.2s 2134 weighted avg       0.99      0.98      0.98       132
29.2s 2135 
29.7s 2136 
29.7s 2137 [CV 1/5] END clf__var_smoothing=4.3287612810830526e-08, pca__n_components=64; total time=   0.0s
29.7s 2138 [CV 2/5] END clf__var_smoothing=4.3287612810830526e-08, pca__n_components=64; total time=   0.0s
29.7s 2139 [CV 3/5] END clf__var_smoothing=4.3287612810830526e-08, pca__n_components=64; total time=   0.0s
29.7s 2140 [CV 4/5] END clf__var_smoothing=4.3287612810830526e-08, pca__n_components=64; total time=   0.0s
29.7s 2141 [CV 5/5] END clf__var_smoothing=4.3287612810830526e-08, pca__n_components=64; total time=   0.0s
29.7s 2142 [CV 1/5] END clf__var_smoothing=3.5111917342151277e-08, pca__n_components=5; total time=   0.0s
29.7s 2143 [CV 2/5] END clf__var_smoothing=3.5111917342151277e-08, pca__n_components=5; total time=   0.0s
29.7s 2144 [CV 3/5] END clf__var_smoothing=3.5111917342151277e-08, pca__n_components=5; total time=   0.0s
29.7s 2145 [CV 4/5] END clf__var_smoothing=3.5111917342151277e-08, pca__n_components=5; total time=   0.0s
29.7s 2146 [CV 5/5] END clf__var_smoothing=3.5111917342151277e-08, pca__n_components=5; total time=   0.0s
29.7s 2147 [CV 1/5] END clf__var_smoothing=3.5111917342151277e-08, pca__n_components=15; total time=   0.0s
29.7s 2148 [CV 3/5] END clf__var_smoothing=8.111308307896856e-09, pca__n_components=15; total time=   0.0s
29.7s 2149 [CV 4/5] END clf__var_smoothing=8.111308307896856e-09, pca__n_components=15; total time=   0.0s
29.7s 2150 [CV 5/5] END clf__var_smoothing=8.111308307896856e-09, pca__n_components=15; total time=   0.0s
29.7s 2151 [CV 1/5] END clf__var_smoothing=8.111308307896856e-09, pca__n_components=30; total time=   0.0s
29.7s 2152 [CV 2/5] END clf__var_smoothing=8.111308307896856e-09, pca__n_components=30; total time=   0.0s
29.7s 2153 [CV 3/5] END clf__var_smoothing=8.111308307896856e-09, pca__n_components=30; total time=   0.0s
29.7s 2154 [CV 4/5] END clf__var_smoothing=8.111308307896856e-09, pca__n_components=30; total time=   0.0s
29.7s 2155 [CV 5/5] END clf__var_smoothing=8.111308307896856e-09, pca__n_components=30; total time=   0.0s
29.7s 2156 [CV 1/5] END clf__var_smoothing=8.111308307896856e-09, pca__n_components=45; total time=   0.0s
29.7s 2157 [CV 2/5] END clf__var_smoothing=8.111308307896856e-09, pca__n_components=45; total time=   0.0s
29.7s 2158 [CV 3/5] END clf__var_smoothing=8.111308307896856e-09, pca__n_components=45; total time=   0.0s
29.7s 2159 [CV 4/5] END clf__var_smoothing=8.111308307896856e-09, pca__n_components=45; total time=   0.0s
29.7s 2160 [CV 5/5] END clf__var_smoothing=8.111308307896856e-09, pca__n_components=45; total time=   0.0s
29.7s 2161 [CV 1/5] END clf__var_smoothing=8.111308307896856e-09, pca__n_components=64; total time=   0.0s
29.7s 2162 [CV 2/5] END clf__var_smoothing=8.111308307896856e-09, pca__n_components=64; total time=   0.0s
29.7s 2163 [CV 3/5] END clf__var_smoothing=8.111308307896856e-09, pca__n_components=64; total time=   0.0s
29.7s 2164 [CV 5/5] END clf__var_smoothing=1.873817422860387e-09, pca__n_components=64; total time=   0.0s
29.7s 2165 [CV 1/5] END clf__var_smoothing=1.519911082952933e-09, pca__n_components=5; total time=   0.0s
29.7s 2166 [CV 2/5] END clf__var_smoothing=1.519911082952933e-09, pca__n_components=5; total time=   0.0s
29.7s 2167 [CV 3/5] END clf__var_smoothing=1.519911082952933e-09, pca__n_components=5; total time=   0.0s
29.7s 2168 [CV 4/5] END clf__var_smoothing=1.519911082952933e-09, pca__n_components=5; total time=   0.0s
29.7s 2169 [CV 5/5] END clf__var_smoothing=1.519911082952933e-09, pca__n_components=5; total time=   0.0s
29.7s 2170 [CV 1/5] END clf__var_smoothing=1.519911082952933e-09, pca__n_components=15; total time=   0.0s
29.7s 2171 [CV 2/5] END clf__var_smoothing=1.519911082952933e-09, pca__n_components=15; total time=   0.0s
29.7s 2172 [CV 3/5] END clf__var_smoothing=1.519911082952933e-09, pca__n_components=15; total time=   0.0s
29.7s 2173 [CV 4/5] END clf__var_smoothing=1.519911082952933e-09, pca__n_components=15; total time=   0.0s
29.7s 2174 [CV 5/5] END clf__var_smoothing=1.519911082952933e-09, pca__n_components=15; total time=   0.0s
29.7s 2175 [CV 1/5] END clf__var_smoothing=1.519911082952933e-09, pca__n_components=30; total time=   0.0s
29.7s 2176 [CV 2/5] END clf__var_smoothing=1.519911082952933e-09, pca__n_components=30; total time=   0.0s
29.7s 2177 [CV 3/5] END clf__var_smoothing=1.519911082952933e-09, pca__n_components=30; total time=   0.0s
29.7s 2178 [CV 4/5] END clf__var_smoothing=1.519911082952933e-09, pca__n_components=30; total time=   0.0s
29.7s 2179 [CV 5/5] END clf__var_smoothing=1.519911082952933e-09, pca__n_components=30; total time=   0.0s
29.7s 2180 [CV 4/5] END .clf__var_smoothing=1e-09, pca__n_components=15; total time=   0.0s
29.7s 2181 [CV 1/5] END .clf__var_smoothing=1e-09, pca__n_components=64; total time=   0.0s
29.7s 2182 /opt/conda/lib/python3.7/site-packages/sklearn/model_selection/_validation.py:614: FitFailedWarning: Estimator fit failed. The score on this train-test partition for these parameters will be set to nan. Details:
29.7s 2183 Traceback (most recent call last):
29.7s 2184 File "/opt/conda/lib/python3.7/site-packages/sklearn/model_selection/_validation.py", line 593, in _fit_and_score
29.7s 2185 estimator.fit(X_train, y_train, **fit_params)
29.7s 2186 File "/opt/conda/lib/python3.7/site-packages/sklearn/pipeline.py", line 341, in fit
29.7s 2187 Xt = self._fit(X, y, **fit_params_steps)
29.7s 2188 File "/opt/conda/lib/python3.7/site-packages/sklearn/pipeline.py", line 307, in _fit
29.7s 2189 **fit_params_steps[name])
29.7s 2190 File "/opt/conda/lib/python3.7/site-packages/joblib/memory.py", line 352, in __call__
29.7s 2191 return self.func(*args, **kwargs)
29.7s 2192 File "/opt/conda/lib/python3.7/site-packages/sklearn/pipeline.py", line 754, in _fit_transform_one
29.7s 2193 res = transformer.fit_transform(X, y, **fit_params)
29.7s 2194 File "/opt/conda/lib/python3.7/site-packages/sklearn/decomposition/_pca.py", line 376, in fit_transform
29.7s 2195 U, S, Vt = self._fit(X)
29.7s 2196 File "/opt/conda/lib/python3.7/site-packages/sklearn/decomposition/_pca.py", line 423, in _fit
29.7s 2197 return self._fit_full(X, n_components)
29.7s 2198 File "/opt/conda/lib/python3.7/site-packages/sklearn/decomposition/_pca.py", line 442, in _fit_full
29.7s 2199 % (n_components, min(n_samples, n_features)))
29.7s 2200 ValueError: n_components=64 must be between 0 and min(n_samples, n_features)=14 with svd_solver='full'
29.7s 2201 
29.7s 2202 FitFailedWarning)
29.7s 2203 
29.7s 2204 [CV 3/5] END clf__var_smoothing=1.232846739442066e-08, pca__n_components=15; total time=   0.0s
29.7s 2205 [CV 4/5] END clf__var_smoothing=1.232846739442066e-08, pca__n_components=15; total time=   0.0s
29.7s 2206 [CV 2/5] END clf__var_smoothing=2.310129700083158e-09, pca__n_components=5; total time=   0.0s
29.7s 2207 [CV 3/5] END clf__var_smoothing=2.310129700083158e-09, pca__n_components=5; total time=   0.0s
29.7s 2208 [CV 4/5] END clf__var_smoothing=2.310129700083158e-09, pca__n_components=5; total time=   0.0s
29.7s 2209 [CV 5/5] END clf__var_smoothing=2.310129700083158e-09, pca__n_components=5; total time=   0.0s
29.7s 2210 [CV 1/5] END clf__var_smoothing=2.310129700083158e-09, pca__n_components=15; total time=   0.0s
29.7s 2211 [CV 2/5] END clf__var_smoothing=2.310129700083158e-09, pca__n_components=15; total time=   0.0s
29.7s 2212 [CV 3/5] END clf__var_smoothing=2.310129700083158e-09, pca__n_components=15; total time=   0.0s
29.7s 2213 [CV 4/5] END clf__var_smoothing=2.310129700083158e-09, pca__n_components=15; total time=   0.0s
29.7s 2214 [CV 5/5] END clf__var_smoothing=2.310129700083158e-09, pca__n_components=15; total time=   0.0s
29.7s 2215 [CV 1/5] END clf__var_smoothing=2.310129700083158e-09, pca__n_components=30; total time=   0.0s
29.7s 2216 [CV 2/5] END clf__var_smoothing=2.310129700083158e-09, pca__n_components=30; total time=   0.0s
29.7s 2217 [CV 3/5] END clf__var_smoothing=2.310129700083158e-09, pca__n_components=30; total time=   0.0s
29.7s 2218 [CV 4/5] END clf__var_smoothing=2.310129700083158e-09, pca__n_components=30; total time=   0.0s
29.7s 2219 [CV 5/5] END clf__var_smoothing=2.310129700083158e-09, pca__n_components=30; total time=   0.0s
29.7s 2220 [CV 1/5] END clf__var_smoothing=2.310129700083158e-09, pca__n_components=45; total time=   0.0s
29.7s 2221 [CV 2/5] END clf__var_smoothing=2.310129700083158e-09, pca__n_components=45; total time=   0.0s
29.7s 2222 [CV 5/5] END ..clf__var_smoothing=1e-09, pca__n_components=5; total time=   0.0s
29.7s 2223 [CV 1/5] END .clf__var_smoothing=1e-09, pca__n_components=45; total time=   0.0s
29.7s 2224 
29.7s 2225 [CV 3/5] END clf__var_smoothing=4.328761281083061e-09, pca__n_components=15; total time=   0.0s
29.7s 2226 [CV 4/5] END clf__var_smoothing=4.328761281083061e-09, pca__n_components=15; total time=   0.0s
29.7s 2227 [CV 5/5] END clf__var_smoothing=4.328761281083061e-09, pca__n_components=15; total time=   0.0s
29.7s 2228 [CV 1/5] END clf__var_smoothing=4.328761281083061e-09, pca__n_components=30; total time=   0.0s
29.7s 2229 [CV 2/5] END clf__var_smoothing=4.328761281083061e-09, pca__n_components=30; total time=   0.0s
29.7s 2230 [CV 4/5] END clf__var_smoothing=1.2328467394420635e-09, pca__n_components=64; total time=   0.0s
29.7s 2231 [CV 2/5] END .clf__var_smoothing=1e-09, pca__n_components=15; total time=   0.0s
29.7s 2232 /opt/conda/lib/python3.7/site-packages/sklearn/model_selection/_validation.py:614: FitFailedWarning: Estimator fit failed. The score on this train-test partition for these parameters will be set to nan. Details:
29.7s 2233 Traceback (most recent call last):
29.7s 2234 File "/opt/conda/lib/python3.7/site-packages/sklearn/model_selection/_validation.py", line 593, in _fit_and_score
29.7s 2235 estimator.fit(X_train, y_train, **fit_params)
29.7s 2236 File "/opt/conda/lib/python3.7/site-packages/sklearn/pipeline.py", line 341, in fit
29.7s 2237 Xt = self._fit(X, y, **fit_params_steps)
29.7s 2238 File "/opt/conda/lib/python3.7/site-packages/sklearn/pipeline.py", line 307, in _fit
29.7s 2239 **fit_params_steps[name])
29.7s 2240 File "/opt/conda/lib/python3.7/site-packages/joblib/memory.py", line 352, in __call__
29.7s 2241 return self.func(*args, **kwargs)
29.7s 2242 File "/opt/conda/lib/python3.7/site-packages/sklearn/pipeline.py", line 754, in _fit_transform_one
29.7s 2243 res = transformer.fit_transform(X, y, **fit_params)
29.7s 2244 File "/opt/conda/lib/python3.7/site-packages/sklearn/decomposition/_pca.py", line 376, in fit_transform
29.7s 2245 U, S, Vt = self._fit(X)
29.7s 2246 File "/opt/conda/lib/python3.7/site-packages/sklearn/decomposition/_pca.py", line 423, in _fit
29.7s 2247 return self._fit_full(X, n_components)
29.7s 2248 File "/opt/conda/lib/python3.7/site-packages/sklearn/decomposition/_pca.py", line 442, in _fit_full
29.7s 2249 % (n_components, min(n_samples, n_features)))
29.7s 2250 ValueError: n_components=30 must be between 0 and min(n_samples, n_features)=14 with svd_solver='full'
29.7s 2251 
29.7s 2252 FitFailedWarning)
29.7s 2253 /opt/conda/lib/python3.7/site-packages/sklearn/model_selection/_validation.py:614: FitFailedWarning: Estimator fit failed. The score on this train-test partition for these parameters will be set to nan. Details:
29.7s 2254 Traceback (most recent call last):
29.7s 2255 File "/opt/conda/lib/python3.7/site-packages/sklearn/model_selection/_validation.py", line 593, in _fit_and_score
29.7s 2256 estimator.fit(X_train, y_train, **fit_params)
29.7s 2257 File "/opt/conda/lib/python3.7/site-packages/sklearn/pipeline.py", line 341, in fit
29.7s 2258 Xt = self._fit(X, y, **fit_params_steps)
29.7s 2259 File "/opt/conda/lib/python3.7/site-packages/sklearn/pipeline.py", line 307, in _fit
29.7s 2260 **fit_params_steps[name])
29.7s 2261 File "/opt/conda/lib/python3.7/site-packages/joblib/memory.py", line 352, in __call__
29.7s 2262 return self.func(*args, **kwargs)
29.7s 2263 File "/opt/conda/lib/python3.7/site-packages/sklearn/pipeline.py", line 754, in _fit_transform_one
29.7s 2264 res = transformer.fit_transform(X, y, **fit_params)
29.7s 2265 File "/opt/conda/lib/python3.7/site-packages/sklearn/decomposition/_pca.py", line 376, in fit_transform
29.7s 2266 U, S, Vt = self._fit(X)
29.7s 2267 File "/opt/conda/lib/python3.7/site-packages/sklearn/decomposition/_pca.py", line 423, in _fit
29.7s 2268 return self._fit_full(X, n_components)
29.7s 2269 File "/opt/conda/lib/python3.7/site-packages/sklearn/decomposition/_pca.py", line 442, in _fit_full
29.7s 2270 % (n_components, min(n_samples, n_features)))
29.7s 2271 ValueError: n_components=45 must be between 0 and min(n_samples, n_features)=14 with svd_solver='full'
29.7s 2272 
29.7s 2273 FitFailedWarning)
29.7s 2274 /opt/conda/lib/python3.7/site-packages/sklearn/model_selection/_validation.py:614: FitFailedWarning: Estimator fit failed. The score on this train-test partition for these parameters will be set to nan. Details:
29.7s 2275 Traceback (most recent call last):
29.7s 2276 File "/opt/conda/lib/python3.7/site-packages/sklearn/model_selection/_validation.py", line 593, in _fit_and_score
29.7s 2277 estimator.fit(X_train, y_train, **fit_params)
29.7s 2278 File "/opt/conda/lib/python3.7/site-packages/sklearn/pipeline.py", line 341, in fit
29.7s 2279 Xt = self._fit(X, y, **fit_params_steps)
29.7s 2280 File "/opt/conda/lib/python3.7/site-packages/sklearn/pipeline.py", line 307, in _fit
29.7s 2281 **fit_params_steps[name])
29.7s 2282 File "/opt/conda/lib/python3.7/site-packages/joblib/memory.py", line 352, in __call__
29.7s 2283 return self.func(*args, **kwargs)
29.7s 2284 File "/opt/conda/lib/python3.7/site-packages/sklearn/pipeline.py", line 754, in _fit_transform_one
29.7s 2285 res = transformer.fit_transform(X, y, **fit_params)
29.7s 2286 File "/opt/conda/lib/python3.7/site-packages/sklearn/decomposition/_pca.py", line 376, in fit_transform
29.7s 2287 U, S, Vt = self._fit(X)
29.7s 2288 File "/opt/conda/lib/python3.7/site-packages/sklearn/decomposition/_pca.py", line 423, in _fit
29.7s 2289 return self._fit_full(X, n_components)
29.7s 2290 File "/opt/conda/lib/python3.7/site-packages/sklearn/decomposition/_pca.py", line 442, in _fit_full
29.7s 2291 % (n_components, min(n_samples, n_features)))
29.7s 2292 ValueError: n_components=45 must be between 0 and min(n_samples, n_features)=14 with svd_solver='full'
29.7s 2293 
29.7s 2294 FitFailedWarning)
29.7s 2295 /opt/conda/lib/python3.7/site-packages/sklearn/model_selection/_validation.py:614: FitFailedWarning: Estimator fit failed. The score on this train-test partition for these parameters will be set to nan. Details:
29.7s 2296 Traceback (most recent call last):
29.7s 2297 File "/opt/conda/lib/python3.7/site-packages/sklearn/model_selection/_validation.py", line 593, in _fit_and_score
29.7s 2298 estimator.fit(X_train, y_train, **fit_params)
29.7s 2299 File "/opt/conda/lib/python3.7/site-packages/sklearn/pipeline.py", line 341, in fit
29.7s 2300 Xt = self._fit(X, y, **fit_params_steps)
29.7s 2301 File "/opt/conda/lib/python3.7/site-packages/sklearn/pipeline.py", line 307, in _fit
29.7s 2302 **fit_params_steps[name])
29.7s 2303 File "/opt/conda/lib/python3.7/site-packages/joblib/memory.py", line 352, in __call__
29.7s 2304 return self.func(*args, **kwargs)
29.7s 2305 File "/opt/conda/lib/python3.7/site-packages/sklearn/pipeline.py", line 754, in _fit_transform_one
29.7s 2306 res = transformer.fit_transform(X, y, **fit_params)
29.7s 2307 File "/opt/conda/lib/python3.7/site-packages/sklearn/decomposition/_pca.py", line 376, in fit_transform
29.7s 2308 U, S, Vt = self._fit(X)
29.7s 2309 File "/opt/conda/lib/python3.7/site-packages/sklearn/decomposition/_pca.py", line 423, in _fit
29.7s 2310 return self._fit_full(X, n_components)
29.7s 2311 File "/opt/conda/lib/python3.7/site-packages/sklearn/decomposition/_pca.py", line 442, in _fit_full
29.7s 2312 % (n_components, min(n_samples, n_features)))
29.7s 2313 ValueError: n_components=45 must be between 0 and min(n_samples, n_features)=14 with svd_solver='full'
29.7s 2314 
29.7s 2315 FitFailedWarning)
29.7s 2316 /opt/conda/lib/python3.7/site-packages/sklearn/model_selection/_validation.py:614: FitFailedWarning: Estimator fit failed. The score on this train-test partition for these parameters will be set to nan. Details:
29.7s 2317 Traceback (most recent call last):
29.7s 2318 File "/opt/conda/lib/python3.7/site-packages/sklearn/model_selection/_validation.py", line 593, in _fit_and_score
29.7s 2319 estimator.fit(X_train, y_train, **fit_params)
29.7s 2320 File "/opt/conda/lib/python3.7/site-packages/sklearn/pipeline.py", line 341, in fit
29.7s 2321 Xt = self._fit(X, y, **fit_params_steps)
29.7s 2322 File "/opt/conda/lib/python3.7/site-packages/sklearn/pipeline.py", line 307, in _fit
29.7s 2323 **fit_params_steps[name])
29.7s 2324 File "/opt/conda/lib/python3.7/site-packages/joblib/memory.py", line 352, in __call__
29.7s 2325 return self.func(*args, **kwargs)
29.7s 2326 File "/opt/conda/lib/python3.7/site-packages/sklearn/pipeline.py", line 754, in _fit_transform_one
29.7s 2327 res = transformer.fit_transform(X, y, **fit_params)
29.7s 2328 File "/opt/conda/lib/python3.7/site-packages/sklearn/decomposition/_pca.py", line 376, in fit_transform
29.7s 2329 U, S, Vt = self._fit(X)
29.7s 2330 File "/opt/conda/lib/python3.7/site-packages/sklearn/decomposition/_pca.py", line 423, in _fit
29.7s 2331 return self._fit_full(X, n_components)
29.7s 2332 File "/opt/conda/lib/python3.7/site-packages/sklearn/decomposition/_pca.py", line 442, in _fit_full
29.7s 2333 % (n_components, min(n_samples, n_features)))
29.7s 2334 ValueError: n_components=64 must be between 0 and min(n_samples, n_features)=14 with svd_solver='full'
29.7s 2335 
29.7s 2336 FitFailedWarning)
29.7s 2337 /opt/conda/lib/python3.7/site-packages/sklearn/model_selection/_validation.py:614: FitFailedWarning: Estimator fit failed. The score on this train-test partition for these parameters will be set to nan. Details:
29.7s 2338 Traceback (most recent call last):
29.7s 2339 File "/opt/conda/lib/python3.7/site-packages/sklearn/model_selection/_validation.py", line 593, in _fit_and_score
29.7s 2340 estimator.fit(X_train, y_train, **fit_params)
29.7s 2341 File "/opt/conda/lib/python3.7/site-packages/sklearn/pipeline.py", line 341, in fit
29.7s 2342 Xt = self._fit(X, y, **fit_params_steps)
29.7s 2343 File "/opt/conda/lib/python3.7/site-packages/sklearn/pipeline.py", line 307, in _fit
29.7s 2344 **fit_params_steps[name])
29.7s 2345 File "/opt/conda/lib/python3.7/site-packages/joblib/memory.py", line 352, in __call__
29.7s 2346 return self.func(*args, **kwargs)
29.7s 2347 File "/opt/conda/lib/python3.7/site-packages/sklearn/pipeline.py", line 754, in _fit_transform_one
29.7s 2348 res = transformer.fit_transform(X, y, **fit_params)
29.7s 2349 File "/opt/conda/lib/python3.7/site-packages/sklearn/decomposition/_pca.py", line 376, in fit_transform
29.7s 2350 U, S, Vt = self._fit(X)
29.7s 2351 File "/opt/conda/lib/python3.7/site-packages/sklearn/decomposition/_pca.py", line 423, in _fit
29.7s 2352 return self._fit_full(X, n_components)
29.7s 2353 File "/opt/conda/lib/python3.7/site-packages/sklearn/decomposition/_pca.py", line 442, in _fit_full
29.7s 2354 % (n_components, min(n_samples, n_features)))
29.7s 2355 ValueError: n_components=15 must be between 0 and min(n_samples, n_features)=14 with svd_solver='full'
29.7s 2356 
29.7s 2357 FitFailedWarning)
29.7s 2358 
29.7s 2359 [CV 4/5] END clf__var_smoothing=4.328761281083053e-06, pca__n_components=45; total time=   0.0s
29.7s 2360 [CV 5/5] END clf__var_smoothing=4.328761281083053e-06, pca__n_components=45; total time=   0.0s
29.7s 2361 [CV 1/5] END clf__var_smoothing=4.328761281083053e-06, pca__n_components=64; total time=   0.0s
29.7s 2362 [CV 3/5] END .clf__var_smoothing=1e-06, pca__n_components=64; total time=   0.0s
29.7s 2363 [CV 4/5] END .clf__var_smoothing=1e-06, pca__n_components=64; total time=   0.0s
29.7s 2364 [CV 5/5] END .clf__var_smoothing=1e-06, pca__n_components=64; total time=   0.0s
29.7s 2365 [CV 1/5] END clf__var_smoothing=8.111308307896872e-07, pca__n_components=5; total time=   0.0s
29.7s 2366 [CV 2/5] END clf__var_smoothing=8.111308307896872e-07, pca__n_components=5; total time=   0.0s
29.7s 2367 [CV 3/5] END clf__var_smoothing=8.111308307896872e-07, pca__n_components=5; total time=   0.0s
29.7s 2368 [CV 4/5] END clf__var_smoothing=8.111308307896872e-07, pca__n_components=5; total time=   0.0s
29.7s 2369 [CV 5/5] END clf__var_smoothing=8.111308307896872e-07, pca__n_components=5; total time=   0.0s
29.7s 2370 [CV 1/5] END clf__var_smoothing=8.111308307896872e-07, pca__n_components=15; total time=   0.0s
29.7s 2371 [CV 2/5] END clf__var_smoothing=8.111308307896872e-07, pca__n_components=15; total time=   0.0s
29.7s 2372 [CV 3/5] END clf__var_smoothing=8.111308307896872e-07, pca__n_components=15; total time=   0.0s
29.7s 2373 [CV 4/5] END clf__var_smoothing=8.111308307896872e-07, pca__n_components=15; total time=   0.0s
29.7s 2374 [CV 5/5] END clf__var_smoothing=8.111308307896872e-07, pca__n_components=15; total time=   0.0s
29.7s 2375 [CV 1/5] END clf__var_smoothing=8.111308307896872e-07, pca__n_components=30; total time=   0.0s
29.7s 2376 [CV 2/5] END clf__var_smoothing=8.111308307896872e-07, pca__n_components=30; total time=   0.0s
29.7s 2377 [CV 3/5] END clf__var_smoothing=8.111308307896872e-07, pca__n_components=30; total time=   0.0s
29.7s 2378 [CV 5/5] END clf__var_smoothing=1.873817422860383e-07, pca__n_components=30; total time=   0.0s
29.7s 2379 [CV 1/5] END clf__var_smoothing=1.873817422860383e-07, pca__n_components=45; total time=   0.0s
29.7s 2380 [CV 2/5] END clf__var_smoothing=1.873817422860383e-07, pca__n_components=45; total time=   0.0s
29.7s 2381 [CV 3/5] END clf__var_smoothing=1.873817422860383e-07, pca__n_components=45; total time=   0.0s
29.7s 2382 [CV 4/5] END clf__var_smoothing=1.873817422860383e-07, pca__n_components=45; total time=   0.0s
29.7s 2383 [CV 5/5] END clf__var_smoothing=1.873817422860383e-07, pca__n_components=45; total time=   0.0s
29.7s 2384 [CV 1/5] END clf__var_smoothing=1.873817422860383e-07, pca__n_components=64; total time=   0.0s
29.7s 2385 [CV 2/5] END clf__var_smoothing=1.873817422860383e-07, pca__n_components=64; total time=   0.0s
29.7s 2386 [CV 3/5] END clf__var_smoothing=1.873817422860383e-07, pca__n_components=64; total time=   0.0s
29.7s 2387 [CV 4/5] END clf__var_smoothing=1.873817422860383e-07, pca__n_components=64; total time=   0.0s
29.7s 2388 [CV 5/5] END clf__var_smoothing=1.873817422860383e-07, pca__n_components=64; total time=   0.0s
29.7s 2389 [CV 1/5] END clf__var_smoothing=1.519911082952933e-07, pca__n_components=5; total time=   0.0s
29.7s 2390 [CV 2/5] END clf__var_smoothing=1.519911082952933e-07, pca__n_components=5; total time=   0.0s
29.7s 2391 [CV 3/5] END clf__var_smoothing=1.519911082952933e-07, pca__n_components=5; total time=   0.0s
29.7s 2392 [CV 4/5] END clf__var_smoothing=1.519911082952933e-07, pca__n_components=5; total time=   0.0s
29.7s 2393 [CV 5/5] END clf__var_smoothing=1.519911082952933e-07, pca__n_components=5; total time=   0.0s
29.7s 2394 [CV 2/5] END clf__var_smoothing=3.5111917342151277e-08, pca__n_components=15; total time=   0.0s
29.7s 2395 [CV 3/5] END clf__var_smoothing=3.5111917342151277e-08, pca__n_components=15; total time=   0.0s
29.7s 2396 [CV 4/5] END clf__var_smoothing=3.5111917342151277e-08, pca__n_components=15; total time=   0.0s
29.7s 2397 [CV 5/5] END clf__var_smoothing=3.5111917342151277e-08, pca__n_components=15; total time=   0.0s
29.7s 2398 [CV 1/5] END clf__var_smoothing=3.5111917342151277e-08, pca__n_components=30; total time=   0.0s
29.7s 2399 [CV 2/5] END clf__var_smoothing=3.5111917342151277e-08, pca__n_components=30; total time=   0.0s
29.7s 2400 [CV 3/5] END clf__var_smoothing=3.5111917342151277e-08, pca__n_components=30; total time=   0.0s
29.7s 2401 [CV 4/5] END clf__var_smoothing=3.5111917342151277e-08, pca__n_components=30; total time=   0.0s
29.7s 2402 [CV 5/5] END clf__var_smoothing=3.5111917342151277e-08, pca__n_components=30; total time=   0.0s
29.7s 2403 [CV 1/5] END clf__var_smoothing=3.5111917342151277e-08, pca__n_components=45; total time=   0.0s
29.7s 2404 [CV 2/5] END clf__var_smoothing=3.5111917342151277e-08, pca__n_components=45; total time=   0.0s
29.7s 2405 [CV 3/5] END clf__var_smoothing=3.5111917342151277e-08, pca__n_components=45; total time=   0.0s
29.7s 2406 [CV 4/5] END clf__var_smoothing=3.5111917342151277e-08, pca__n_components=45; total time=   0.0s
29.7s 2407 [CV 5/5] END clf__var_smoothing=3.5111917342151277e-08, pca__n_components=45; total time=   0.0s
29.7s 2408 [CV 1/5] END clf__var_smoothing=3.5111917342151277e-08, pca__n_components=64; total time=   0.0s
29.7s 2409 [CV 2/5] END clf__var_smoothing=3.5111917342151277e-08, pca__n_components=64; total time=   0.0s
29.7s 2410 [CV 4/5] END clf__var_smoothing=8.111308307896856e-09, pca__n_components=64; total time=   0.0s
29.7s 2411 [CV 5/5] END clf__var_smoothing=8.111308307896856e-09, pca__n_components=64; total time=   0.0s
29.7s 2412 [CV 1/5] END clf__var_smoothing=6.579332246575682e-09, pca__n_components=5; total time=   0.0s
29.7s 2413 [CV 2/5] END clf__var_smoothing=6.579332246575682e-09, pca__n_components=5; total time=   0.0s
29.7s 2414 [CV 3/5] END clf__var_smoothing=6.579332246575682e-09, pca__n_components=5; total time=   0.0s
29.7s 2415 [CV 4/5] END clf__var_smoothing=6.579332246575682e-09, pca__n_components=5; total time=   0.0s
29.7s 2416 [CV 5/5] END clf__var_smoothing=6.579332246575682e-09, pca__n_components=5; total time=   0.0s
29.7s 2417 [CV 1/5] END clf__var_smoothing=6.579332246575682e-09, pca__n_components=15; total time=   0.0s
29.7s 2418 [CV 2/5] END clf__var_smoothing=6.579332246575682e-09, pca__n_components=15; total time=   0.0s
29.7s 2419 [CV 3/5] END clf__var_smoothing=6.579332246575682e-09, pca__n_components=15; total time=   0.0s
29.7s 2420 [CV 4/5] END clf__var_smoothing=6.579332246575682e-09, pca__n_components=15; total time=   0.0s
29.7s 2421 [CV 5/5] END clf__var_smoothing=6.579332246575682e-09, pca__n_components=15; total time=   0.0s
29.7s 2422 [CV 1/5] END clf__var_smoothing=6.579332246575682e-09, pca__n_components=30; total time=   0.0s
29.7s 2423 [CV 2/5] END clf__var_smoothing=6.579332246575682e-09, pca__n_components=30; total time=   0.0s
29.7s 2424 [CV 3/5] END clf__var_smoothing=6.579332246575682e-09, pca__n_components=30; total time=   0.0s
29.7s 2425 [CV 4/5] END clf__var_smoothing=6.579332246575682e-09, pca__n_components=30; total time=   0.0s
29.7s 2426 [CV 1/5] END clf__var_smoothing=1.519911082952933e-09, pca__n_components=45; total time=   0.0s
29.7s 2427 [CV 2/5] END clf__var_smoothing=1.519911082952933e-09, pca__n_components=45; total time=   0.0s
29.7s 2428 [CV 3/5] END clf__var_smoothing=1.519911082952933e-09, pca__n_components=45; total time=   0.0s
29.7s 2429 [CV 4/5] END clf__var_smoothing=1.519911082952933e-09, pca__n_components=45; total time=   0.0s
29.7s 2430 [CV 5/5] END clf__var_smoothing=1.519911082952933e-09, pca__n_components=45; total time=   0.0s
29.7s 2431 [CV 1/5] END clf__var_smoothing=1.519911082952933e-09, pca__n_components=64; total time=   0.0s
29.7s 2432 [CV 2/5] END clf__var_smoothing=1.519911082952933e-09, pca__n_components=64; total time=   0.0s
29.7s 2433 [CV 3/5] END clf__var_smoothing=1.519911082952933e-09, pca__n_components=64; total time=   0.0s
29.7s 2434 [CV 4/5] END clf__var_smoothing=1.519911082952933e-09, pca__n_components=64; total time=   0.0s
29.7s 2435 [CV 5/5] END clf__var_smoothing=1.519911082952933e-09, pca__n_components=64; total time=   0.0s
29.7s 2436 [CV 1/5] END clf__var_smoothing=1.2328467394420635e-09, pca__n_components=5; total time=   0.0s
29.7s 2437 [CV 2/5] END clf__var_smoothing=1.2328467394420635e-09, pca__n_components=5; total time=   0.0s
29.7s 2438 [CV 3/5] END clf__var_smoothing=1.2328467394420635e-09, pca__n_components=5; total time=   0.0s
29.7s 2439 [CV 4/5] END clf__var_smoothing=1.2328467394420635e-09, pca__n_components=5; total time=   0.0s
29.7s 2440 [CV 5/5] END clf__var_smoothing=1.2328467394420635e-09, pca__n_components=5; total time=   0.0s
29.7s 2441 [CV 1/5] END clf__var_smoothing=1.2328467394420635e-09, pca__n_components=15; total time=   0.0s
29.7s 2442 [CV 4/5] END ..clf__var_smoothing=1e-09, pca__n_components=5; total time=   0.0s
29.7s 2443 [CV 5/5] END .clf__var_smoothing=1e-09, pca__n_components=30; total time=   0.0s
29.7s 2444 [CV 2/5] END .clf__var_smoothing=1e-09, pca__n_components=45; total time=   0.0s
29.7s 2445 
29.7s 2446 [CV 1/5] END clf__var_smoothing=1.2328467394420635e-09, pca__n_components=30; total time=   0.0s
29.7s 2447 [CV 2/5] END clf__var_smoothing=1.2328467394420635e-09, pca__n_components=30; total time=   0.0s
29.7s 2448 [CV 3/5] END clf__var_smoothing=1.2328467394420635e-09, pca__n_components=30; total time=   0.0s
29.7s 2449 [CV 4/5] END clf__var_smoothing=1.2328467394420635e-09, pca__n_components=30; total time=   0.0s
29.7s 2450 [CV 5/5] END clf__var_smoothing=1.2328467394420635e-09, pca__n_components=30; total time=   0.0s
29.7s 2451 [CV 1/5] END clf__var_smoothing=1.2328467394420635e-09, pca__n_components=45; total time=   0.0s
29.7s 2452 [CV 2/5] END clf__var_smoothing=1.2328467394420635e-09, pca__n_components=45; total time=   0.0s
29.7s 2453 [CV 3/5] END clf__var_smoothing=1.2328467394420635e-09, pca__n_components=45; total time=   0.0s
29.7s 2454 [CV 4/5] END clf__var_smoothing=1.2328467394420635e-09, pca__n_components=45; total time=   0.0s
29.7s 2455 [CV 5/5] END clf__var_smoothing=1.2328467394420635e-09, pca__n_components=45; total time=   0.0s
29.7s 2456 [CV 1/5] END clf__var_smoothing=1.2328467394420635e-09, pca__n_components=64; total time=   0.0s
29.7s 2457 [CV 2/5] END clf__var_smoothing=1.2328467394420635e-09, pca__n_components=64; total time=   0.0s
29.7s 2458 [CV 3/5] END .clf__var_smoothing=1e-09, pca__n_components=45; total time=   0.0s
29.7s 2459 
29.7s 2460 [CV 2/5] END clf__var_smoothing=1.873817422860387e-09, pca__n_components=5; total time=   0.0s
29.7s 2461 [CV 3/5] END clf__var_smoothing=1.873817422860387e-09, pca__n_components=5; total time=   0.0s
29.7s 2462 [CV 4/5] END clf__var_smoothing=1.873817422860387e-09, pca__n_components=5; total time=   0.0s
29.7s 2463 [CV 5/5] END clf__var_smoothing=1.873817422860387e-09, pca__n_components=5; total time=   0.0s
29.7s 2464 [CV 1/5] END clf__var_smoothing=1.873817422860387e-09, pca__n_components=15; total time=   0.0s
29.7s 2465 [CV 2/5] END clf__var_smoothing=1.873817422860387e-09, pca__n_components=15; total time=   0.0s
29.7s 2466 [CV 3/5] END clf__var_smoothing=1.873817422860387e-09, pca__n_components=15; total time=   0.0s
29.7s 2467 [CV 1/5] END .clf__var_smoothing=1e-09, pca__n_components=30; total time=   0.0s
29.7s 2468 [CV 3/5] END .clf__var_smoothing=1e-09, pca__n_components=64; total time=   0.0s
29.7s 2469 /opt/conda/lib/python3.7/site-packages/sklearn/model_selection/_validation.py:614: FitFailedWarning: Estimator fit failed. The score on this train-test partition for these parameters will be set to nan. Details:
29.7s 2470 Traceback (most recent call last):
29.7s 2471 File "/opt/conda/lib/python3.7/site-packages/sklearn/model_selection/_validation.py", line 593, in _fit_and_score
29.7s 2472 estimator.fit(X_train, y_train, **fit_params)
29.7s 2473 File "/opt/conda/lib/python3.7/site-packages/sklearn/pipeline.py", line 341, in fit
29.7s 2474 Xt = self._fit(X, y, **fit_params_steps)
29.7s 2475 File "/opt/conda/lib/python3.7/site-packages/sklearn/pipeline.py", line 307, in _fit
29.7s 2476 **fit_params_steps[name])
29.7s 2477 File "/opt/conda/lib/python3.7/site-packages/joblib/memory.py", line 352, in __call__
29.7s 2478 return self.func(*args, **kwargs)
29.7s 2479 File "/opt/conda/lib/python3.7/site-packages/sklearn/pipeline.py", line 754, in _fit_transform_one
29.7s 2480 res = transformer.fit_transform(X, y, **fit_params)
29.7s 2481 File "/opt/conda/lib/python3.7/site-packages/sklearn/decomposition/_pca.py", line 376, in fit_transform
29.7s 2482 U, S, Vt = self._fit(X)
29.7s 2483 File "/opt/conda/lib/python3.7/site-packages/sklearn/decomposition/_pca.py", line 423, in _fit
29.7s 2484 return self._fit_full(X, n_components)
29.7s 2485 File "/opt/conda/lib/python3.7/site-packages/sklearn/decomposition/_pca.py", line 442, in _fit_full
29.7s 2486 % (n_components, min(n_samples, n_features)))
29.7s 2487 ValueError: n_components=45 must be between 0 and min(n_samples, n_features)=14 with svd_solver='full'
29.7s 2488 
29.7s 2489 FitFailedWarning)
29.7s 2490 /opt/conda/lib/python3.7/site-packages/sklearn/model_selection/_validation.py:614: FitFailedWarning: Estimator fit failed. The score on this train-test partition for these parameters will be set to nan. Details:
29.7s 2491 Traceback (most recent call last):
29.7s 2492 File "/opt/conda/lib/python3.7/site-packages/sklearn/model_selection/_validation.py", line 593, in _fit_and_score
29.7s 2493 estimator.fit(X_train, y_train, **fit_params)
29.7s 2494 File "/opt/conda/lib/python3.7/site-packages/sklearn/pipeline.py", line 341, in fit
29.7s 2495 Xt = self._fit(X, y, **fit_params_steps)
29.7s 2496 File "/opt/conda/lib/python3.7/site-packages/sklearn/pipeline.py", line 307, in _fit
29.7s 2497 **fit_params_steps[name])
29.7s 2498 File "/opt/conda/lib/python3.7/site-packages/joblib/memory.py", line 352, in __call__
29.7s 2499 return self.func(*args, **kwargs)
29.7s 2500 File "/opt/conda/lib/python3.7/site-packages/sklearn/pipeline.py", line 754, in _fit_transform_one
29.7s 2501 res = transformer.fit_transform(X, y, **fit_params)
29.7s 2502 File "/opt/conda/lib/python3.7/site-packages/sklearn/decomposition/_pca.py", line 376, in fit_transform
29.7s 2503 U, S, Vt = self._fit(X)
29.7s 2504 File "/opt/conda/lib/python3.7/site-packages/sklearn/decomposition/_pca.py", line 423, in _fit
29.7s 2505 return self._fit_full(X, n_components)
29.7s 2506 File "/opt/conda/lib/python3.7/site-packages/sklearn/decomposition/_pca.py", line 442, in _fit_full
29.7s 2507 % (n_components, min(n_samples, n_features)))
29.7s 2508 ValueError: n_components=45 must be between 0 and min(n_samples, n_features)=14 with svd_solver='full'
29.7s 2509 
29.7s 2510 FitFailedWarning)
29.7s 2511 /opt/conda/lib/python3.7/site-packages/sklearn/model_selection/_validation.py:614: FitFailedWarning: Estimator fit failed. The score on this train-test partition for these parameters will be set to nan. Details:
29.7s 2512 Traceback (most recent call last):
29.7s 2513 File "/opt/conda/lib/python3.7/site-packages/sklearn/model_selection/_validation.py", line 593, in _fit_and_score
29.7s 2514 estimator.fit(X_train, y_train, **fit_params)
29.7s 2515 File "/opt/conda/lib/python3.7/site-packages/sklearn/pipeline.py", line 341, in fit
29.7s 2516 Xt = self._fit(X, y, **fit_params_steps)
29.7s 2517 File "/opt/conda/lib/python3.7/site-packages/sklearn/pipeline.py", line 307, in _fit
29.7s 2518 **fit_params_steps[name])
29.7s 2519 File "/opt/conda/lib/python3.7/site-packages/joblib/memory.py", line 352, in __call__
29.7s 2520 return self.func(*args, **kwargs)
29.7s 2521 File "/opt/conda/lib/python3.7/site-packages/sklearn/pipeline.py", line 754, in _fit_transform_one
29.7s 2522 res = transformer.fit_transform(X, y, **fit_params)
29.7s 2523 File "/opt/conda/lib/python3.7/site-packages/sklearn/decomposition/_pca.py", line 376, in fit_transform
29.7s 2524 U, S, Vt = self._fit(X)
29.7s 2525 File "/opt/conda/lib/python3.7/site-packages/sklearn/decomposition/_pca.py", line 423, in _fit
29.7s 2526 return self._fit_full(X, n_components)
29.7s 2527 File "/opt/conda/lib/python3.7/site-packages/sklearn/decomposition/_pca.py", line 442, in _fit_full
29.7s 2528 % (n_components, min(n_samples, n_features)))
29.7s 2529 ValueError: n_components=64 must be between 0 and min(n_samples, n_features)=14 with svd_solver='full'
29.7s 2530 
29.7s 2531 FitFailedWarning)
29.7s 2532 
29.7s 2533 [CV 2/5] END clf__var_smoothing=2.310129700083158e-08, pca__n_components=5; total time=   0.0s
29.7s 2534 [CV 3/5] END clf__var_smoothing=2.310129700083158e-08, pca__n_components=5; total time=   0.0s
29.7s 2535 [CV 4/5] END clf__var_smoothing=2.310129700083158e-08, pca__n_components=5; total time=   0.0s
29.7s 2536 [CV 1/5] END clf__var_smoothing=5.336699231206302e-09, pca__n_components=15; total time=   0.0s
29.7s 2537 [CV 2/5] END clf__var_smoothing=5.336699231206302e-09, pca__n_components=15; total time=   0.0s
29.7s 2538 [CV 3/5] END clf__var_smoothing=5.336699231206302e-09, pca__n_components=15; total time=   0.0s
29.7s 2539 [CV 4/5] END clf__var_smoothing=5.336699231206302e-09, pca__n_components=15; total time=   0.0s
29.7s 2540 [CV 5/5] END clf__var_smoothing=5.336699231206302e-09, pca__n_components=15; total time=   0.0s
29.7s 2541 [CV 1/5] END clf__var_smoothing=5.336699231206302e-09, pca__n_components=30; total time=   0.0s
29.7s 2542 [CV 2/5] END clf__var_smoothing=5.336699231206302e-09, pca__n_components=30; total time=   0.0s
29.7s 2543 [CV 3/5] END clf__var_smoothing=5.336699231206302e-09, pca__n_components=30; total time=   0.0s
29.7s 2544 [CV 4/5] END clf__var_smoothing=5.336699231206302e-09, pca__n_components=30; total time=   0.0s
29.7s 2545 [CV 5/5] END clf__var_smoothing=5.336699231206302e-09, pca__n_components=30; total time=   0.0s
29.7s 2546 [CV 1/5] END clf__var_smoothing=5.336699231206302e-09, pca__n_components=45; total time=   0.0s
29.7s 2547 [CV 2/5] END clf__var_smoothing=5.336699231206302e-09, pca__n_components=45; total time=   0.0s
29.7s 2548 [CV 3/5] END clf__var_smoothing=5.336699231206302e-09, pca__n_components=45; total time=   0.0s
29.7s 2549 [CV 4/5] END clf__var_smoothing=5.336699231206302e-09, pca__n_components=45; total time=   0.0s
29.7s 2550 [CV 5/5] END clf__var_smoothing=5.336699231206302e-09, pca__n_components=45; total time=   0.0s
29.7s 2551 [CV 1/5] END clf__var_smoothing=5.336699231206302e-09, pca__n_components=64; total time=   0.0s
29.7s 2552 [CV 3/5] END clf__var_smoothing=1.2328467394420635e-09, pca__n_components=64; total time=   0.0s
29.7s 2553 [CV 1/5] END .clf__var_smoothing=1e-09, pca__n_components=15; total time=   0.0s
29.7s 2554 [CV 4/5] END .clf__var_smoothing=1e-09, pca__n_components=45; total time=   0.0s
29.7s 2555 
29.7s 2556 [CV 5/5] END clf__var_smoothing=4.3287612810830526e-08, pca__n_components=30; total time=   0.0s
29.7s 2557 [CV 2/5] END .clf__var_smoothing=1e-08, pca__n_components=45; total time=   0.0s
29.7s 2558 [CV 3/5] END .clf__var_smoothing=1e-08, pca__n_components=45; total time=   0.0s
29.7s 2559 [CV 4/5] END .clf__var_smoothing=1e-08, pca__n_components=45; total time=   0.0s
29.7s 2560 [CV 5/5] END .clf__var_smoothing=1e-08, pca__n_components=45; total time=   0.0s
29.7s 2561 [CV 1/5] END .clf__var_smoothing=1e-08, pca__n_components=64; total time=   0.0s
29.7s 2562 [CV 2/5] END .clf__var_smoothing=1e-08, pca__n_components=64; total time=   0.0s
29.7s 2563 [CV 3/5] END .clf__var_smoothing=1e-08, pca__n_components=64; total time=   0.0s
29.7s 2564 [CV 4/5] END .clf__var_smoothing=1e-08, pca__n_components=64; total time=   0.0s
29.7s 2565 [CV 5/5] END .clf__var_smoothing=1e-08, pca__n_components=64; total time=   0.0s
29.7s 2566 [CV 1/5] END clf__var_smoothing=8.111308307896856e-09, pca__n_components=5; total time=   0.0s
29.7s 2567 [CV 2/5] END clf__var_smoothing=8.111308307896856e-09, pca__n_components=5; total time=   0.0s
29.7s 2568 [CV 3/5] END clf__var_smoothing=8.111308307896856e-09, pca__n_components=5; total time=   0.0s
29.7s 2569 [CV 4/5] END clf__var_smoothing=8.111308307896856e-09, pca__n_components=5; total time=   0.0s
29.7s 2570 [CV 5/5] END clf__var_smoothing=8.111308307896856e-09, pca__n_components=5; total time=   0.0s
29.7s 2571 [CV 1/5] END clf__var_smoothing=8.111308307896856e-09, pca__n_components=15; total time=   0.0s
29.7s 2572 [CV 2/5] END clf__var_smoothing=8.111308307896856e-09, pca__n_components=15; total time=   0.0s
29.7s 2573 [CV 4/5] END clf__var_smoothing=1.873817422860387e-09, pca__n_components=15; total time=   0.0s
29.7s 2574 [CV 5/5] END clf__var_smoothing=1.873817422860387e-09, pca__n_components=15; total time=   0.0s
29.7s 2575 [CV 1/5] END clf__var_smoothing=1.873817422860387e-09, pca__n_components=30; total time=   0.0s
29.7s 2576 [CV 2/5] END clf__var_smoothing=1.873817422860387e-09, pca__n_components=30; total time=   0.0s
29.7s 2577 [CV 3/5] END clf__var_smoothing=1.873817422860387e-09, pca__n_components=30; total time=   0.0s
29.7s 2578 [CV 4/5] END clf__var_smoothing=1.873817422860387e-09, pca__n_components=30; total time=   0.0s
29.7s 2579 [CV 5/5] END clf__var_smoothing=1.873817422860387e-09, pca__n_components=30; total time=   0.0s
29.7s 2580 [CV 1/5] END clf__var_smoothing=1.873817422860387e-09, pca__n_components=45; total time=   0.0s
29.7s 2581 [CV 2/5] END clf__var_smoothing=1.873817422860387e-09, pca__n_components=45; total time=   0.0s
29.7s 2582 [CV 3/5] END clf__var_smoothing=1.873817422860387e-09, pca__n_components=45; total time=   0.0s
29.7s 2583 [CV 4/5] END clf__var_smoothing=1.873817422860387e-09, pca__n_components=45; total time=   0.0s
29.7s 2584 [CV 5/5] END clf__var_smoothing=1.873817422860387e-09, pca__n_components=45; total time=   0.0s
29.7s 2585 [CV 1/5] END clf__var_smoothing=1.873817422860387e-09, pca__n_components=64; total time=   0.0s
29.7s 2586 [CV 2/5] END clf__var_smoothing=1.873817422860387e-09, pca__n_components=64; total time=   0.0s
29.7s 2587 [CV 3/5] END clf__var_smoothing=1.873817422860387e-09, pca__n_components=64; total time=   0.0s
29.7s 2588 [CV 4/5] END clf__var_smoothing=1.873817422860387e-09, pca__n_components=64; total time=   0.0s
29.7s 2589 [CV 3/5] END .clf__var_smoothing=1e-09, pca__n_components=15; total time=   0.0s
29.7s 2590 [CV 5/5] END .clf__var_smoothing=1e-09, pca__n_components=15; total time=   0.0s
29.7s 2591 [CV 2/5] END .clf__var_smoothing=1e-09, pca__n_components=30; total time=   0.0s
29.7s 2592 [CV 4/5] END .clf__var_smoothing=1e-09, pca__n_components=64; total time=   0.0s
29.7s 2593 
29.7s 2594 [CV 2/5] END clf__var_smoothing=1.873817422860383e-08, pca__n_components=64; total time=   0.0s
29.7s 2595 [CV 3/5] END clf__var_smoothing=1.873817422860383e-08, pca__n_components=64; total time=   0.0s
29.7s 2596 [CV 4/5] END clf__var_smoothing=1.873817422860383e-08, pca__n_components=64; total time=   0.0s
29.7s 2597 [CV 5/5] END clf__var_smoothing=1.873817422860383e-08, pca__n_components=64; total time=   0.0s
29.7s 2598 [CV 1/5] END clf__var_smoothing=1.519911082952933e-08, pca__n_components=5; total time=   0.0s
29.7s 2599 [CV 2/5] END clf__var_smoothing=1.519911082952933e-08, pca__n_components=5; total time=   0.0s
29.7s 2600 [CV 4/5] END clf__var_smoothing=3.5111917342151273e-09, pca__n_components=5; total time=   0.0s
29.7s 2601 [CV 5/5] END clf__var_smoothing=3.5111917342151273e-09, pca__n_components=5; total time=   0.0s
29.7s 2602 [CV 1/5] END clf__var_smoothing=3.5111917342151273e-09, pca__n_components=15; total time=   0.0s
29.7s 2603 [CV 2/5] END clf__var_smoothing=3.5111917342151273e-09, pca__n_components=15; total time=   0.0s
29.7s 2604 [CV 3/5] END clf__var_smoothing=3.5111917342151273e-09, pca__n_components=15; total time=   0.0s
29.7s 2605 [CV 4/5] END clf__var_smoothing=3.5111917342151273e-09, pca__n_components=15; total time=   0.0s
29.7s 2606 [CV 5/5] END clf__var_smoothing=3.5111917342151273e-09, pca__n_components=15; total time=   0.0s
29.7s 2607 [CV 1/5] END clf__var_smoothing=3.5111917342151273e-09, pca__n_components=30; total time=   0.0s
29.7s 2608 [CV 2/5] END clf__var_smoothing=3.5111917342151273e-09, pca__n_components=30; total time=   0.0s
29.7s 2609 [CV 3/5] END clf__var_smoothing=3.5111917342151273e-09, pca__n_components=30; total time=   0.0s
29.7s 2610 [CV 4/5] END clf__var_smoothing=3.5111917342151273e-09, pca__n_components=30; total time=   0.0s
29.7s 2611 [CV 5/5] END clf__var_smoothing=3.5111917342151273e-09, pca__n_components=30; total time=   0.0s
29.7s 2612 [CV 1/5] END clf__var_smoothing=3.5111917342151273e-09, pca__n_components=45; total time=   0.0s
29.7s 2613 [CV 2/5] END clf__var_smoothing=3.5111917342151273e-09, pca__n_components=45; total time=   0.0s
29.7s 2614 [CV 3/5] END clf__var_smoothing=3.5111917342151273e-09, pca__n_components=45; total time=   0.0s
29.7s 2615 [CV 4/5] END clf__var_smoothing=3.5111917342151273e-09, pca__n_components=45; total time=   0.0s
29.7s 2616 [CV 3/5] END ..clf__var_smoothing=1e-09, pca__n_components=5; total time=   0.0s
29.7s 2617 [CV 2/5] END .clf__var_smoothing=1e-09, pca__n_components=64; total time=   0.0s
29.7s 2618 /opt/conda/lib/python3.7/site-packages/sklearn/model_selection/_validation.py:614: FitFailedWarning: Estimator fit failed. The score on this train-test partition for these parameters will be set to nan. Details:
29.7s 2619 Traceback (most recent call last):
29.7s 2620 File "/opt/conda/lib/python3.7/site-packages/sklearn/model_selection/_validation.py", line 593, in _fit_and_score
29.7s 2621 estimator.fit(X_train, y_train, **fit_params)
29.7s 2622 File "/opt/conda/lib/python3.7/site-packages/sklearn/pipeline.py", line 341, in fit
29.7s 2623 Xt = self._fit(X, y, **fit_params_steps)
29.7s 2624 File "/opt/conda/lib/python3.7/site-packages/sklearn/pipeline.py", line 307, in _fit
29.7s 2625 **fit_params_steps[name])
29.7s 2626 File "/opt/conda/lib/python3.7/site-packages/joblib/memory.py", line 352, in __call__
29.7s 2627 return self.func(*args, **kwargs)
29.7s 2628 File "/opt/conda/lib/python3.7/site-packages/sklearn/pipeline.py", line 754, in _fit_transform_one
29.7s 2629 res = transformer.fit_transform(X, y, **fit_params)
29.7s 2630 File "/opt/conda/lib/python3.7/site-packages/sklearn/decomposition/_pca.py", line 376, in fit_transform
29.7s 2631 U, S, Vt = self._fit(X)
29.7s 2632 File "/opt/conda/lib/python3.7/site-packages/sklearn/decomposition/_pca.py", line 423, in _fit
29.7s 2633 return self._fit_full(X, n_components)
29.7s 2634 File "/opt/conda/lib/python3.7/site-packages/sklearn/decomposition/_pca.py", line 442, in _fit_full
29.7s 2635 % (n_components, min(n_samples, n_features)))
29.7s 2636 ValueError: n_components=64 must be between 0 and min(n_samples, n_features)=14 with svd_solver='full'
29.7s 2637 
29.7s 2638 FitFailedWarning)
29.7s 2639 /opt/conda/lib/python3.7/site-packages/sklearn/model_selection/_validation.py:614: FitFailedWarning: Estimator fit failed. The score on this train-test partition for these parameters will be set to nan. Details:
29.7s 2640 Traceback (most recent call last):
29.7s 2641 File "/opt/conda/lib/python3.7/site-packages/sklearn/model_selection/_validation.py", line 593, in _fit_and_score
29.7s 2642 estimator.fit(X_train, y_train, **fit_params)
29.7s 2643 File "/opt/conda/lib/python3.7/site-packages/sklearn/pipeline.py", line 341, in fit
29.7s 2644 Xt = self._fit(X, y, **fit_params_steps)
29.7s 2645 File "/opt/conda/lib/python3.7/site-packages/sklearn/pipeline.py", line 307, in _fit
29.7s 2646 **fit_params_steps[name])
29.7s 2647 File "/opt/conda/lib/python3.7/site-packages/joblib/memory.py", line 352, in __call__
29.7s 2648 return self.func(*args, **kwargs)
29.7s 2649 File "/opt/conda/lib/python3.7/site-packages/sklearn/pipeline.py", line 754, in _fit_transform_one
29.7s 2650 res = transformer.fit_transform(X, y, **fit_params)
29.7s 2651 File "/opt/conda/lib/python3.7/site-packages/sklearn/decomposition/_pca.py", line 376, in fit_transform
29.7s 2652 U, S, Vt = self._fit(X)
29.7s 2653 File "/opt/conda/lib/python3.7/site-packages/sklearn/decomposition/_pca.py", line 423, in _fit
29.7s 2654 return self._fit_full(X, n_components)
29.7s 2655 File "/opt/conda/lib/python3.7/site-packages/sklearn/decomposition/_pca.py", line 442, in _fit_full
29.7s 2656 % (n_components, min(n_samples, n_features)))
29.7s 2657 ValueError: n_components=15 must be between 0 and min(n_samples, n_features)=14 with svd_solver='full'
29.7s 2658 
29.7s 2659 FitFailedWarning)
29.7s 2660 /opt/conda/lib/python3.7/site-packages/sklearn/model_selection/_validation.py:614: FitFailedWarning: Estimator fit failed. The score on this train-test partition for these parameters will be set to nan. Details:
29.7s 2661 Traceback (most recent call last):
29.7s 2662 File "/opt/conda/lib/python3.7/site-packages/sklearn/model_selection/_validation.py", line 593, in _fit_and_score
29.7s 2663 estimator.fit(X_train, y_train, **fit_params)
29.7s 2664 File "/opt/conda/lib/python3.7/site-packages/sklearn/pipeline.py", line 341, in fit
29.7s 2665 Xt = self._fit(X, y, **fit_params_steps)
29.7s 2666 File "/opt/conda/lib/python3.7/site-packages/sklearn/pipeline.py", line 307, in _fit
29.7s 2667 **fit_params_steps[name])
29.7s 2668 File "/opt/conda/lib/python3.7/site-packages/joblib/memory.py", line 352, in __call__
29.7s 2669 return self.func(*args, **kwargs)
29.7s 2670 File "/opt/conda/lib/python3.7/site-packages/sklearn/pipeline.py", line 754, in _fit_transform_one
29.7s 2671 res = transformer.fit_transform(X, y, **fit_params)
29.7s 2672 File "/opt/conda/lib/python3.7/site-packages/sklearn/decomposition/_pca.py", line 376, in fit_transform
29.7s 2673 U, S, Vt = self._fit(X)
29.7s 2674 File "/opt/conda/lib/python3.7/site-packages/sklearn/decomposition/_pca.py", line 423, in _fit
29.7s 2675 return self._fit_full(X, n_components)
29.7s 2676 File "/opt/conda/lib/python3.7/site-packages/sklearn/decomposition/_pca.py", line 442, in _fit_full
29.7s 2677 % (n_components, min(n_samples, n_features)))
29.7s 2678 ValueError: n_components=15 must be between 0 and min(n_samples, n_features)=14 with svd_solver='full'
29.7s 2679 
29.7s 2680 FitFailedWarning)
29.7s 2681 /opt/conda/lib/python3.7/site-packages/sklearn/model_selection/_validation.py:614: FitFailedWarning: Estimator fit failed. The score on this train-test partition for these parameters will be set to nan. Details:
29.7s 2682 Traceback (most recent call last):
29.7s 2683 File "/opt/conda/lib/python3.7/site-packages/sklearn/model_selection/_validation.py", line 593, in _fit_and_score
29.7s 2684 estimator.fit(X_train, y_train, **fit_params)
29.7s 2685 File "/opt/conda/lib/python3.7/site-packages/sklearn/pipeline.py", line 341, in fit
29.7s 2686 Xt = self._fit(X, y, **fit_params_steps)
29.7s 2687 File "/opt/conda/lib/python3.7/site-packages/sklearn/pipeline.py", line 307, in _fit
29.7s 2688 **fit_params_steps[name])
29.7s 2689 File "/opt/conda/lib/python3.7/site-packages/joblib/memory.py", line 352, in __call__
29.7s 2690 return self.func(*args, **kwargs)
29.7s 2691 File "/opt/conda/lib/python3.7/site-packages/sklearn/pipeline.py", line 754, in _fit_transform_one
29.7s 2692 res = transformer.fit_transform(X, y, **fit_params)
29.7s 2693 File "/opt/conda/lib/python3.7/site-packages/sklearn/decomposition/_pca.py", line 376, in fit_transform
29.7s 2694 U, S, Vt = self._fit(X)
29.7s 2695 File "/opt/conda/lib/python3.7/site-packages/sklearn/decomposition/_pca.py", line 423, in _fit
29.7s 2696 return self._fit_full(X, n_components)
29.7s 2697 File "/opt/conda/lib/python3.7/site-packages/sklearn/decomposition/_pca.py", line 442, in _fit_full
29.7s 2698 % (n_components, min(n_samples, n_features)))
29.7s 2699 ValueError: n_components=30 must be between 0 and min(n_samples, n_features)=14 with svd_solver='full'
29.7s 2700 
29.7s 2701 FitFailedWarning)
29.7s 2702 /opt/conda/lib/python3.7/site-packages/sklearn/model_selection/_validation.py:614: FitFailedWarning: Estimator fit failed. The score on this train-test partition for these parameters will be set to nan. Details:
29.7s 2703 Traceback (most recent call last):
29.7s 2704 File "/opt/conda/lib/python3.7/site-packages/sklearn/model_selection/_validation.py", line 593, in _fit_and_score
29.7s 2705 estimator.fit(X_train, y_train, **fit_params)
29.7s 2706 File "/opt/conda/lib/python3.7/site-packages/sklearn/pipeline.py", line 341, in fit
29.7s 2707 Xt = self._fit(X, y, **fit_params_steps)
29.7s 2708 File "/opt/conda/lib/python3.7/site-packages/sklearn/pipeline.py", line 307, in _fit
29.7s 2709 **fit_params_steps[name])
29.7s 2710 File "/opt/conda/lib/python3.7/site-packages/joblib/memory.py", line 352, in __call__
29.7s 2711 return self.func(*args, **kwargs)
29.7s 2712 File "/opt/conda/lib/python3.7/site-packages/sklearn/pipeline.py", line 754, in _fit_transform_one
29.7s 2713 res = transformer.fit_transform(X, y, **fit_params)
29.7s 2714 File "/opt/conda/lib/python3.7/site-packages/sklearn/decomposition/_pca.py", line 376, in fit_transform
29.7s 2715 U, S, Vt = self._fit(X)
29.7s 2716 File "/opt/conda/lib/python3.7/site-packages/sklearn/decomposition/_pca.py", line 423, in _fit
29.7s 2717 return self._fit_full(X, n_components)
29.7s 2718 File "/opt/conda/lib/python3.7/site-packages/sklearn/decomposition/_pca.py", line 442, in _fit_full
29.7s 2719 % (n_components, min(n_samples, n_features)))
29.7s 2720 ValueError: n_components=64 must be between 0 and min(n_samples, n_features)=14 with svd_solver='full'
29.7s 2721 
29.7s 2722 FitFailedWarning)
29.7s 2723 
29.7s 2724 [CV 2/5] END clf__var_smoothing=8.111308307896873e-08, pca__n_components=45; total time=   0.0s
29.7s 2725 [CV 3/5] END clf__var_smoothing=8.111308307896873e-08, pca__n_components=45; total time=   0.0s
29.7s 2726 [CV 4/5] END clf__var_smoothing=8.111308307896873e-08, pca__n_components=45; total time=   0.0s
29.7s 2727 [CV 5/5] END clf__var_smoothing=8.111308307896873e-08, pca__n_components=45; total time=   0.0s
29.7s 2728 [CV 1/5] END clf__var_smoothing=8.111308307896873e-08, pca__n_components=64; total time=   0.0s
29.7s 2729 [CV 2/5] END clf__var_smoothing=8.111308307896873e-08, pca__n_components=64; total time=   0.0s
29.7s 2730 [CV 3/5] END clf__var_smoothing=8.111308307896873e-08, pca__n_components=64; total time=   0.0s
29.7s 2731 [CV 4/5] END clf__var_smoothing=8.111308307896873e-08, pca__n_components=64; total time=   0.0s
29.7s 2732 [CV 5/5] END clf__var_smoothing=8.111308307896873e-08, pca__n_components=64; total time=   0.0s
29.7s 2733 [CV 1/5] END clf__var_smoothing=6.579332246575682e-08, pca__n_components=5; total time=   0.0s
29.7s 2734 [CV 3/5] END clf__var_smoothing=1.519911082952933e-08, pca__n_components=5; total time=   0.0s
29.7s 2735 [CV 4/5] END clf__var_smoothing=1.519911082952933e-08, pca__n_components=5; total time=   0.0s
29.7s 2736 [CV 5/5] END clf__var_smoothing=1.519911082952933e-08, pca__n_components=5; total time=   0.0s
29.7s 2737 [CV 1/5] END clf__var_smoothing=1.519911082952933e-08, pca__n_components=15; total time=   0.0s
29.7s 2738 [CV 2/5] END clf__var_smoothing=1.519911082952933e-08, pca__n_components=15; total time=   0.0s
29.7s 2739 [CV 3/5] END clf__var_smoothing=1.519911082952933e-08, pca__n_components=15; total time=   0.0s
29.7s 2740 [CV 4/5] END clf__var_smoothing=1.519911082952933e-08, pca__n_components=15; total time=   0.0s
29.7s 2741 [CV 5/5] END clf__var_smoothing=1.519911082952933e-08, pca__n_components=15; total time=   0.0s
29.7s 2742 [CV 1/5] END clf__var_smoothing=1.519911082952933e-08, pca__n_components=30; total time=   0.0s
29.7s 2743 [CV 2/5] END clf__var_smoothing=1.519911082952933e-08, pca__n_components=30; total time=   0.0s
29.7s 2744 [CV 3/5] END clf__var_smoothing=1.519911082952933e-08, pca__n_components=30; total time=   0.0s
29.7s 2745 [CV 4/5] END clf__var_smoothing=1.519911082952933e-08, pca__n_components=30; total time=   0.0s
29.7s 2746 [CV 5/5] END clf__var_smoothing=1.519911082952933e-08, pca__n_components=30; total time=   0.0s
29.7s 2747 [CV 1/5] END clf__var_smoothing=1.519911082952933e-08, pca__n_components=45; total time=   0.0s
29.7s 2748 [CV 2/5] END clf__var_smoothing=1.519911082952933e-08, pca__n_components=45; total time=   0.0s
29.7s 2749 [CV 3/5] END clf__var_smoothing=1.519911082952933e-08, pca__n_components=45; total time=   0.0s
29.7s 2750 [CV 5/5] END clf__var_smoothing=3.5111917342151273e-09, pca__n_components=45; total time=   0.0s
29.7s 2751 [CV 1/5] END clf__var_smoothing=3.5111917342151273e-09, pca__n_components=64; total time=   0.0s
29.7s 2752 [CV 2/5] END clf__var_smoothing=3.5111917342151273e-09, pca__n_components=64; total time=   0.0s
29.7s 2753 [CV 3/5] END clf__var_smoothing=3.5111917342151273e-09, pca__n_components=64; total time=   0.0s
29.7s 2754 [CV 4/5] END clf__var_smoothing=3.5111917342151273e-09, pca__n_components=64; total time=   0.0s
29.7s 2755 [CV 5/5] END clf__var_smoothing=3.5111917342151273e-09, pca__n_components=64; total time=   0.0s
29.7s 2756 [CV 1/5] END clf__var_smoothing=2.848035868435805e-09, pca__n_components=5; total time=   0.0s
29.7s 2757 [CV 2/5] END clf__var_smoothing=2.848035868435805e-09, pca__n_components=5; total time=   0.0s
29.7s 2758 [CV 3/5] END clf__var_smoothing=2.848035868435805e-09, pca__n_components=5; total time=   0.0s
29.7s 2759 [CV 4/5] END clf__var_smoothing=2.848035868435805e-09, pca__n_components=5; total time=   0.0s
29.7s 2760 [CV 5/5] END clf__var_smoothing=2.848035868435805e-09, pca__n_components=5; total time=   0.0s
29.7s 2761 [CV 1/5] END clf__var_smoothing=2.848035868435805e-09, pca__n_components=15; total time=   0.0s
29.7s 2762 [CV 2/5] END clf__var_smoothing=2.848035868435805e-09, pca__n_components=15; total time=   0.0s
29.7s 2763 [CV 3/5] END clf__var_smoothing=2.848035868435805e-09, pca__n_components=15; total time=   0.0s
29.7s 2764 [CV 4/5] END clf__var_smoothing=2.848035868435805e-09, pca__n_components=15; total time=   0.0s
29.7s 2765 [CV 5/5] END clf__var_smoothing=2.848035868435805e-09, pca__n_components=15; total time=   0.0s
29.7s 2766 [CV 1/5] END ..clf__var_smoothing=1e-09, pca__n_components=5; total time=   0.0s
29.7s 2767 [CV 5/5] END .clf__var_smoothing=1e-09, pca__n_components=45; total time=   0.0s
29.7s 2768 /opt/conda/lib/python3.7/site-packages/sklearn/model_selection/_validation.py:614: FitFailedWarning: Estimator fit failed. The score on this train-test partition for these parameters will be set to nan. Details:
29.7s 2769 Traceback (most recent call last):
29.7s 2770 File "/opt/conda/lib/python3.7/site-packages/sklearn/model_selection/_validation.py", line 593, in _fit_and_score
29.7s 2771 estimator.fit(X_train, y_train, **fit_params)
29.7s 2772 File "/opt/conda/lib/python3.7/site-packages/sklearn/pipeline.py", line 341, in fit
29.7s 2773 Xt = self._fit(X, y, **fit_params_steps)
29.7s 2774 File "/opt/conda/lib/python3.7/site-packages/sklearn/pipeline.py", line 307, in _fit
29.7s 2775 **fit_params_steps[name])
29.7s 2776 File "/opt/conda/lib/python3.7/site-packages/joblib/memory.py", line 352, in __call__
29.7s 2777 return self.func(*args, **kwargs)
29.7s 2778 File "/opt/conda/lib/python3.7/site-packages/sklearn/pipeline.py", line 754, in _fit_transform_one
29.7s 2779 res = transformer.fit_transform(X, y, **fit_params)
29.7s 2780 File "/opt/conda/lib/python3.7/site-packages/sklearn/decomposition/_pca.py", line 376, in fit_transform
29.7s 2781 U, S, Vt = self._fit(X)
29.7s 2782 File "/opt/conda/lib/python3.7/site-packages/sklearn/decomposition/_pca.py", line 423, in _fit
29.7s 2783 return self._fit_full(X, n_components)
29.7s 2784 File "/opt/conda/lib/python3.7/site-packages/sklearn/decomposition/_pca.py", line 442, in _fit_full
29.7s 2785 % (n_components, min(n_samples, n_features)))
29.7s 2786 ValueError: n_components=45 must be between 0 and min(n_samples, n_features)=14 with svd_solver='full'
29.7s 2787 
29.7s 2788 FitFailedWarning)
29.7s 2789 
29.7s 2790 [CV 4/5] END clf__var_smoothing=5.336699231206302e-09, pca__n_components=5; total time=   0.0s
29.7s 2791 [CV 5/5] END clf__var_smoothing=5.336699231206302e-09, pca__n_components=5; total time=   0.0s
29.7s 2792 [CV 3/5] END clf__var_smoothing=4.328761281083061e-09, pca__n_components=30; total time=   0.0s
29.7s 2793 [CV 4/5] END clf__var_smoothing=4.328761281083061e-09, pca__n_components=30; total time=   0.0s
29.7s 2794 [CV 5/5] END clf__var_smoothing=4.328761281083061e-09, pca__n_components=30; total time=   0.0s
29.7s 2795 [CV 1/5] END clf__var_smoothing=4.328761281083061e-09, pca__n_components=45; total time=   0.0s
29.7s 2796 [CV 2/5] END clf__var_smoothing=4.328761281083061e-09, pca__n_components=45; total time=   0.0s
29.7s 2797 [CV 3/5] END clf__var_smoothing=4.328761281083061e-09, pca__n_components=45; total time=   0.0s
29.7s 2798 [CV 4/5] END clf__var_smoothing=4.328761281083061e-09, pca__n_components=45; total time=   0.0s
29.7s 2799 [CV 5/5] END clf__var_smoothing=4.328761281083061e-09, pca__n_components=45; total time=   0.0s
29.7s 2800 [CV 1/5] END clf__var_smoothing=4.328761281083061e-09, pca__n_components=64; total time=   0.0s
29.7s 2801 [CV 2/5] END clf__var_smoothing=4.328761281083061e-09, pca__n_components=64; total time=   0.0s
29.7s 2802 [CV 3/5] END clf__var_smoothing=4.328761281083061e-09, pca__n_components=64; total time=   0.0s
29.7s 2803 [CV 4/5] END clf__var_smoothing=4.328761281083061e-09, pca__n_components=64; total time=   0.0s
29.7s 2804 [CV 5/5] END clf__var_smoothing=4.328761281083061e-09, pca__n_components=64; total time=   0.0s
29.7s 2805 [CV 1/5] END clf__var_smoothing=3.5111917342151273e-09, pca__n_components=5; total time=   0.0s
29.7s 2806 [CV 2/5] END clf__var_smoothing=3.5111917342151273e-09, pca__n_components=5; total time=   0.0s
29.7s 2807 [CV 3/5] END clf__var_smoothing=3.5111917342151273e-09, pca__n_components=5; total time=   0.0s
29.7s 2808 [CV 5/5] END clf__var_smoothing=1.2328467394420635e-09, pca__n_components=64; total time=   0.0s
29.7s 2809 [CV 3/5] END .clf__var_smoothing=1e-09, pca__n_components=30; total time=   0.0s
29.7s 2810 [CV 4/5] END .clf__var_smoothing=1e-09, pca__n_components=30; total time=   0.0s
32.1s 2811 /opt/conda/lib/python3.7/site-packages/traitlets/traitlets.py:2561: FutureWarning: --Exporter.preprocessors=["remove_papermill_header.RemovePapermillHeader"] for containers is deprecated in traitlets 5.0. You can pass `--Exporter.preprocessors item` ... multiple times to add items to a list.
32.1s 2812 FutureWarning,
32.1s 2813 [NbConvertApp] Converting notebook __notebook__.ipynb to notebook
32.3s 2814 [NbConvertApp] Writing 43211 bytes to __notebook__.ipynb
33.6s 2815 /opt/conda/lib/python3.7/site-packages/traitlets/traitlets.py:2561: FutureWarning: --Exporter.preprocessors=["nbconvert.preprocessors.ExtractOutputPreprocessor"] for containers is deprecated in traitlets 5.0. You can pass `--Exporter.preprocessors item` ... multiple times to add items to a list.
33.6s 2816 FutureWarning,
33.6s 2817 [NbConvertApp] Converting notebook __notebook__.ipynb to html
34.3s 2818 [NbConvertApp] Support files will be in __results___files/
34.3s 2819 [NbConvertApp] Making directory __results___files
34.3s 2820 [NbConvertApp] Writing 313750 bytes to __results__.html